          0 :                    ;;; -*- mode: asm; mode: flyspell-prog; -*-
          0 :                            cpu     z88
          0 :                            option  "reg-alias", "disable"
          0 :                            option  "optimize-index", "enable"
          0 :
          0 :                            include "z88.inc"
(1)       0 :                    ;;; -*- mode: asm; mode: flyspell-prog; -*-
(1)       0 :                    ;;; Z88
(1)       0 : =D5                FLAGS:  equ     %D5                  ; R/W: Flags register
(1)       0 : =80                F_CARRY:        equ     %(2)10000000 ; set to 1 if carry
(1)       0 : =40                F_ZERO:         equ     %(2)01000000 ; set to 1 if zero
(1)       0 : =20                F_SIGN:         equ     %(2)00100000 ; set to 1 if negative
(1)       0 : =10                F_OVERFLOW:     equ     %(2)00010000 ; set to 1 if overflow
(1)       0 : =8                 F_DECIMAL_ADJ:  equ     %(2)00001000 ; decimal adjust
(1)       0 : =4                 F_HALF_CARRY:   equ     %(2)00000100 ; set to 1 if carry from bit-3
(1)       0 : =2                 F_FAST_INTR:    equ     %(2)00000010 ; fast interrupt status
(1)       0 : =1                 F_BANK:         equ     %(2)00000001 ; bank address
(1)       0 :                    ;;;
(1)       0 : =D6                RP0:    equ     %D6             ; R/W: Register Pointer 0
(1)       0 : =D7                RP1:    equ     %D7             ; R/W: Register Pointer 1
(1)       0 : =D8                SPH:    equ     %D8             ; R/W: Stack Pointer High
(1)       0 : =D9                SPL:    equ     %D9             ; R/W: Stack Pointer Low
(1)       0 : =DA                IPH:    equ     %DA             ; R/W: Instruction Pointer High
(1)       0 : =DB                IPL:    equ     %DB             ; R/W: Instruction Pointer Low
(1)       0 :                    ;;; Interrupt
(1)       0 : =DC                IRQ:    equ     %DC             ; R/W: Interrupt Request
(1)       0 : =1                 IRQ_IRQ0:       equ     IMR_IRQ0
(1)       0 : =2                 IRQ_IRQ1:       equ     IMR_IRQ1
(1)       0 : =4                 IRQ_IRQ2:       equ     IMR_IRQ2
(1)       0 : =8                 IRQ_IRQ3:       equ     IMR_IRQ3
(1)       0 : =10                IRQ_IRQ4:       equ     IMR_IRQ4
(1)       0 : =20                IRQ_IRQ5:       equ     IMR_IRQ5
(1)       0 : =40                IRQ_IRQ6:       equ     IMR_IRQ6
(1)       0 : =80                IRQ_IRQ7:       equ     IMR_IRQ7
(1)       0 : =DD                IMR:    equ     %DD             ; R/W: Interrupt Mask
(1)       0 : =1                 IMR_IRQ0:       equ     (1 SHL 0)
(1)       0 : =2                 IMR_IRQ1:       equ     (1 SHL 1)
(1)       0 : =4                 IMR_IRQ2:       equ     (1 SHL 2)
(1)       0 : =8                 IMR_IRQ3:       equ     (1 SHL 3)
(1)       0 : =10                IMR_IRQ4:       equ     (1 SHL 4)
(1)       0 : =20                IMR_IRQ5:       equ     (1 SHL 5)
(1)       0 : =40                IMR_IRQ6:       equ     (1 SHL 6)
(1)       0 : =80                IMR_IRQ7:       equ     (1 SHL 7)
(1)       0 : =DE                SYM:    equ     %DE                  ; R/W; System Mode
(1)       0 : =1                 SYM_INTR:       equ     %(2)00000001 ; Global interrupt enable
(1)       0 : =2                 SYM_FAST:       equ     %(2)00000010 ; Fast interrupt enable
(1)       0 : =7                 SYM_FAST_gm:    equ     %(2)111      ; Fast interrupt select mask
(1)       0 : =2                 SYM_FAST_gp:    equ     2            ; Fast interrupt select position
(1)       0 :                    ;;; Interrupt vectors
(1)       0 : =0                 VEC_RESERVE0:   equ     %0000   ; Reserved
(1)       0 : =2                 VEC_RESERVE1:   equ     %0002   ; Reserved
(1)       0 : =4                 VEC_IRQ3_P32:   equ     %0004   ; IRQ3: P32 external
(1)       0 : =6                 VEC_IRQ3_P22:   equ     %0006   ; IRQ3: P22 external
(1)       0 : =8                 VEC_IRQ0_P23:   equ     %0008   ; IRQ0: P23 external
(1)       0 : =A                 VEC_IRQ0_P33:   equ     %000A   ; IRQ0: P33 external
(1)       0 : =C                 VEC_IRQ2:       equ     %000C   ; IRQ2: Counter 0 zero/P26,P27 external
(1)       0 : =E                 VEC_IRQ5:       equ     %000E   ; IRQ5: Counter 1 zero/P36,P37 external
(1)       0 : =10                VEC_UART_ERROR: equ     %0010   ; IRQ6: UART overrun/framing/parity error
(1)       0 : =12                VEC_UART_BREAK: equ     %0012   ; IRQ6: UART break/control char/wake-up
(1)       0 : =14                VEC_UART_RECV:  equ     %0014   ; IRQ6: UART receive/P30 external
(1)       0 : =16                VEC_IRQ6_P20:   equ     %0016   ; IRQ6: P20 external
(1)       0 : =18                VEC_IRQ1_P21:   equ     %0018   ; IRQ1: UART zero/P21 external
(1)       0 : =1A                VEC_UART_TRNS:  equ     %001A   ; IRQ1: UART transmit/P31 external
(1)       0 : =1C                VEC_IRQ4:       equ     %001C   ; IRQ4: P24/P25 external
(1)       0 : =1E                VEC_IRQ7:       equ     %001E   ; IRQ7: P34/P35 external
(1)       0 :                    ;;; Reset origin
(1)       0 : =20                ORG_RESET:      equ     %0020   ; RESET
(1)       0 :                    ;;; I/O Ports
(1)       0 : =D0                PORT0:  equ     %D0                  ; Port 0
(1)       0 : =D1                PORT1:  equ     %D1                  ; Port 1
(1)       0 : =D2                PORT2:  equ     %D2                  ; Port 2
(1)       0 : =D3                PORT3:  equ     %D3                  ; Port 3
(1)       0 : =D4                PORT4:  equ     %D4                  ; Port 4
(1)       0 : =F0                P0M:    equ     %F0                  ; W/O: Port 0 mode
(1)       0 : =FF                P0M_ADRH:       equ     %(2)11111111  ; Port 0 is A15-A8
(1)       0 : =F1                PM:     equ     %F1                   ; W/O: Port mode
(1)       0 : =80                PM_P1BUS:       equ     %(2)10000000  ; Port 1 is AD7-AD0
(1)       0 : =8                 PM_DM:          equ     %(2)00001000  ; P35: 1=#DM, 0=I/O
(1)       0 : =F4                H0C:    equ     %F4                   ; W/O: Handshake 0 Control
(1)       0 : =F5                H1C:    equ     %F5                   ; W/O: Handshake 1 Control
(1)       0 : =F6                P4D:    equ     %F6             ; W/O: Port 4 direction: 1=in, 0=out
(1)       0 : =F7                P4OD:   equ     %F7 ; W/O: Port 4 open-drain: 1=open-drain, 0=push-pull
(1)       0 : =F8                P2AM:   equ     %F8 ; W/O: Port 2/3 A mode; P31,P30,P21,P20
(1)       0 : =F9                P2BM:   equ     %F9 ; W/O: Port 2/3 B mode; P33,P32,P23,P21
(1)       0 : =FA                P2CM:   equ     %FA ; W/O: Port 2/3 C mode; P35,P34,P25,P24
(1)       0 : =FB                P2DM:   equ     %FB ; W/O: Port 2/3 D mode; P37,P36,P27,P26
(1)       0 : =0                 P2M_IN_gm:      equ     %(2)00     ; input
(1)       0 : =1                 P2M_INTR_gm:    equ     %(2)01     ; input, interrupt enabled
(1)       0 : =2                 P2M_OUTPP_gm:   equ     %(2)10     ; output, push-pull
(1)       0 : =3                 P2M_OUTOD_gm:   equ     %(2)11     ; output, open-drain
(1)       0 : =FC                P2AIP:  equ     %FC ; W/O: Port 2/3 A interrupt pending; P33,P32,P23,P22,P31,P30,P21,P20
(1)       0 : =FD                P2BIP:  equ     %FD ; W/O: Port 2/3 B interrupt pending; P37,P36,P27,P26,P35,P34,P25,P24
(1)       0 : =FE                EMT:    equ     %FE ; W/O: External Memory Timing
(1)       0 : =2                 EMT_STACK_DM:   equ     %(2)00000010 ; Stack is on data memory
(1)       0 : =FF                IPR:    equ     %FF             ; W/O: Interrupt Priority Register
(1)       0 : =2                 IPR_BCA:        equ     %(2)00000010 ; B > C > A
(1)       0 : =10                IPR_ABC:        equ     %(2)00010000 ; A > B > C
(1)       0 : =12                IPR_BAC:        equ     %(2)00010010 ; B > A > C
(1)       0 : =80                IPR_CAB:        equ     %(2)10000000 ; C > A > B
(1)       0 : =82                IPR_CBA:        equ     %(2)10000010 ; C > B > A
(1)       0 : =90                IPR_ACB:        equ     %(2)10010000 ; A > C > B
(1)       0 : =1                 IPR_A10:        equ     %(2)00000001 ; Group A: IRQ1 > IRQ0
(1)       0 : =0                 IPR_B234:       equ     %(2)00000000 ; Group B: IRQ2 > IRQ3 > IRQ4
(1)       0 : =8                 IPR_B243:       equ     %(2)00001000 ; Group B: IRQ2 > IRQ4 > IRQ3
(1)       0 : =4                 IPR_B342:       equ     %(2)00000100 ; Group B: IRQ3 > IRQ4 > IRQ2
(1)       0 : =C                 IPR_B432:       equ     %(2)00001100 ; Group B: IRQ4 > IRQ3 > IRQ2
(1)       0 : =0                 IPR_C567:       equ     %(2)00000000 ; Group C: IRQ5 > IRQ6 > IRQ7
(1)       0 : =40                IPR_C576:       equ     %(2)01000000 ; Group C: IRQ5 > IRQ7 > IRQ6
(1)       0 : =20                IPR_C675:       equ     %(2)00100000 ; Group C: IRQ6 > IRQ7 > IRQ5
(1)       0 : =60                IPR_C765:       equ     %(2)01100000 ; Group C: IRQ7 > IRQ6 > IRQ5
(1)       0 :                    ;;; UART
(1)       0 : =EB                UTC:    equ     %EB                  ; UART Transmit Control
(1)       0 : =1                 UTC_TDMAENB:    equ     %(2)00000001 ; Transmit DMA enable
(1)       0 : =2                 UTC_TBE:        equ     %(2)00000010 ; Transmit buffer empty
(1)       0 : =4                 UTC_ZC:         equ     %(2)00000100 ; Zero count
(1)       0 : =8                 UTC_TENB:       equ     %(2)00001000 ; Transmit enable
(1)       0 : =10                UTC_WUENB:      equ     %(2)00010000 ; Wake-up enable
(1)       0 : =20                UTC_STPBT2:     equ     %(2)00100000 ; 2 stop bits, 0=1 stop bit
(1)       0 : =40                UTC_SENBRK:     equ     %(2)01000000 ; Send break
(1)       0 : =80                UTC_TXDTSEL:    equ     %(2)10000000 ; Transmit data select, 1=P31 is TXD
(1)       0 : =EC                URC:    equ     %EC                  ; UART Receive Control
(1)       0 : =1                 URC_RCA:        equ     %(2)00000001 ; Receive character available
(1)       0 : =2                 URC_RENB:       equ     %(2)00000010 ; Receive enable
(1)       0 : =4                 URC_PERR:       equ     %(2)00000100 ; Parity error
(1)       0 : =8                 URC_OVERR:      equ     %(2)00001000 ; Overrun error
(1)       0 : =10                URC_FERR:       equ     %(2)00010000 ; Framing error
(1)       0 : =20                URC_BRKD:       equ     %(2)00100000 ; Break detect
(1)       0 : =40                URC_CCD:        equ     %(2)01000000 ; Control Character detect
(1)       0 : =80                URC_WUD:        equ     %(2)10000000 ; Wake-up detect
(1)       0 : =ED                UIE:    equ     %ED                  ; UART Interrupt Enable
(1)       0 : =1                 UIE_RCAIE:      equ     %(2)00000001 ; Receive character available interrupt enable
(1)       0 : =2                 UIE_RDMAENB:    equ     %(2)00000010 ; Receive DMA enable
(1)       0 : =4                 UIE_TIE:        equ     %(2)00000100 ; Transmit interrupt enable
(1)       0 : =8                 UIE_ZCIE:       equ     %(2)00001000 ; Zero count interrupt enable
(1)       0 : =10                UIE_REIE:       equ     %(2)00010000 ; Receive error interrupt enable
(1)       0 : =20                UIE_BRKIE:      equ     %(2)00100000 ; Break interrupt enable
(1)       0 : =40                UIE_CCIE:       equ     %(2)01000000 ; Control Character interrupt enable
(1)       0 : =80                UIE_WUIE:       equ     %(2)10000000 ; Wake-up interrupt enable
(1)       0 : =EF                UIO:    equ     %EF                  ; UART Data
(1)       0 : =FA                UMA:    equ     %FA                  ; BANK1: UART Mode A
(1)       0 : =4                 UMA_EVNPAR:     equ     %(2)00000100 ; Even parity
(1)       0 : =8                 UMA_PARENB:     equ     %(2)00001000 ; Parity enable
(1)       0 : =20                UMA_BCP7:       equ     %(2)00100000 ; 7 bits per Character
(1)       0 : =30                UMA_BCP8:       equ     %(2)00110000 ; 8 bits per Character
(1)       0 : =0                 UMA_CR1:        equ     %(2)00000000 ; Clock rate x1
(1)       0 : =40                UMA_CR16:       equ     %(2)01000000 ; Clock rate x16
(1)       0 : =80                UMA_CR32:       equ     %(2)10000000 ; Clock rate x32
(1)       0 : =C0                UMA_CR64:       equ     %(2)11000000 ; Clock rate x64
(1)       0 : =FB                UMB:    equ     %FB                  ; BANK1: UART Mode B
(1)       0 : =1                 UMB_LBENB:      equ     %(2)00000001 ; Loopback enable
(1)       0 : =2                 UMB_BRGENB:     equ     %(2)00000010 ; Baud-rate generator enable
(1)       0 : =4                 UMB_BRGSRC:     equ     %(2)00000100 ; Baud-rate generator source; 1=XTAL/4, 0=P20
(1)       0 : =8                 UMB_TCIS:       equ     %(2)00001000 ; Transmit clock input select; 1=Baud-rate G., 0=P21
(1)       0 : =10                UMB_RCIS:       equ     %(2)00010000 ; Receive clock input select; 1=Baud-rate G., 0=P20
(1)       0 : =20                UMB_AE:         equ     %(2)00100000 ; Auto-echo
(1)       0 : =0                 UMB_COS_P21:    equ     %(2)00000000 ; P21=I/O
(1)       0 : =40                UMB_COS_SYSTEM: equ     %(2)01000000 ; P21=System clock (XTAL/2)
(1)       0 : =80                UMB_COS_BAUD:   equ     %(2)10000000 ; P21=Baud-rate generator output
(1)       0 : =C0                UMB_COS_TDR:    equ     %(2)11000000 ; P21=Transmit data rate
(1)       0 :                    ;;; UBRG=1/(2 x baud-rate x UMA_CR x BRG-input) - 1
(1)       0 : =F8                UBG0:   equ     %F8             ; BANK1: UART Baud-Rate Generator 0
(1)       0 : =F9                UBG1:   equ     %f9             ; BANK1: UART Baud-Rate Generator 1
          0 :
       1000 :                            org     %1000
       1000 : =1000              stack:  equ     $
       1000 :
         20 :                            org     ORG_RESET
         20 :                            setrp   %C0
         20 :                    init_config:
         20 : E6 FE 02                   ld      EMT, #EMT_STACK_DM ; stack is on external data memory
         23 : E6 F0 FF                   ld      P0M, #P0M_ADRH     ; Port 0 is address bus high
         26 : E6 F1 88                   ld      PM, #PM_P1BUS LOR PM_DM ; Port 1 is data bus and address bus low
         29 : C6 D8 10 00                ldw     SPH, #stack
         2D :
         2D :                    ;;; XTAL=14.7546MHz
         2D :                    ;;; clock divider N=32, baud-rate generator UBG=11
         2D :                    ;;; bit rate = (14,754,600 / 4) / (2 x (UBG+1) x N) = 9600 bps
         2D :                    init_uart:
         2D : E6 F8 80                   ld      P2AM, #P2M_OUTPP_gm SHL 6   ; P31/TXD=output
         30 : 46 D3 01                   or      PORT3, #1                   ; TXD=high
         33 : 46 D5 01                   or      FLAGS, #F_BANK              ; select bank1
         36 : E6 FA B0                   ld      UMA, #UMA_CR32 LOR UMA_BCP8 ; clock rate x32, 8 bit char
         39 : C6 F8 00 0B                ldw     UBG0, #11                   ; UBG=11
         3D : 0C 06                      ld      r0, #UMB_BRGSRC LOR UMB_BRGENB ; enable baud-rate generator, select XTAL/4
         3F : 46 C0 18                   or      r0, #UMB_RCIS LOR UMB_TCIS ; use baud-rate generator for Rx and Tx
         42 : 09 FB                      ld      UMB, r0
         44 : 56 D5 FE                   and     FLAGS, #LNOT F_BANK            ; select bank0
         47 : E6 EC 02                   ld      URC, #URC_RENB                 ; enable receiver
         4A : E6 EB 88                   ld      UTC, #UTC_TENB LOR UTC_TXDTSEL ; enable transmit and TxD
         4D :
         4D :                    receive_loop:
         4D : 76 EC 01                   tm      URC, #URC_RCA   ; check receive character available
         50 : 6B FB                      jr      z, receive_loop
         52 : 08 EF                      ld      r0, UIO
         54 : 42 00                      or      r0,r0
         56 : EB 01                      jr      nz,transmit_loop
         58 : 7F                         db      %7F             ; unknown instruction
         59 :                    transmit_loop:
         59 : 76 EB 02                   tm      UTC, #UTC_TBE   ; check transmit buffer empty
         5C : 6B FB                      jr      z, transmit_loop
         5E :                    transmit_data:
         5E : 09 EF                      ld      UIO, r0
         60 : A6 C0 0D                   cp      r0, #%0D
         63 : EB E8                      jr      nz, receive_loop
         65 : 0C 0A                      ld      r0, #%0A
         67 : 8B F0                      jr      transmit_loop
