          0 :                            cpu     6800
          0 :                            include "mc6800.inc"
(1)       0 :                    ;;; -*- mode: asm; mode: flyspell-prog; -*-
(1)       0 :
(1)       0 :                    ;;; MC6800/MC6802/MC6808
(1)       0 :                    ;;; Condition Code Register (CC)
(1)       0 : =1                 CC_CARRY      equ  %00000001   ; set to 1 if carry occurred
(1)       0 : =2                 CC_OVERFLOW   equ  %00000010   ; set to 1 if overflow occurred
(1)       0 : =4                 CC_ZERO       equ  %00000100   ; set to 1 if result is zero
(1)       0 : =8                 CC_NEGATIVE   equ  %00001000   ; set to 1 if result is negative
(1)       0 : =10                CC_IRQ        equ  %00010000   ; if 1, IRQ is masked
(1)       0 : =20                CC_HALF_CARRY equ  %00100000   ; if 1, decimal carry from least digit occurred
(1)       0 :
(1)       0 :                    ;;; Vector
(1)       0 : =FFF8              VEC_IRQ:        equ     $FFF8  ; $FFF8: Maskable Interrupt Request
(1)       0 : =FFFA              VEC_SWI:        equ     $FFFA  ; $FFFA: Software Interrupt
(1)       0 : =FFFC              VEC_NMI:        equ     $FFFC  ; $FFFC: Non Maskable Interrupt
(1)       0 : =FFFE              VEC_RESET:      equ     $FFFE  ; $FFFE: Reset
          0 :
          0 :                    ;;; MC6850 Asynchronous Communication Interface Adapter
          0 : =DF00              ACIA:   equ     $DF00
          0 :                            include "mc6850.inc"
(1)       0 :                    ;;; -*- mode: asm; mode: flyspell-prog; -*-
(1)       0 :
(1)       0 :                    ;;; MC6850
(1)       0 :                    ;;; Asynchronous Communication Interface Adapter
(1)       0 :
(1)       0 :                    ;;; Control register
(1)       0 : =DF00              ACIA_control:   equ     ACIA+0
(1)       0 :                            ;; Counter Divider Select Bits
(1)       0 : =3                 CDS_gm:         equ     %11    ; Group mask
(1)       0 : =0                 CDS_DIV1_gc:    equ     %00000000 ; /1
(1)       0 : =1                 CDS_DIV16_gc:   equ     %00000001 ; /16
(1)       0 : =2                 CDS_DIV64_gc:   equ     %00000010 ; /64
(1)       0 : =3                 CDS_RESET_gc:   equ     %00000011 ; Master Reset
(1)       0 :                            ;; Word Select Bits
(1)       0 : =1C                WSB_gm:         equ     %00011100 ; Group mask
(1)       0 : =0                 WSB_7E2_gc:     equ     %00000000 ; 7 Bits + Even Parity + 2 Stop Bits
(1)       0 : =4                 WSB_7O2_gc:     equ     %00000100 ; 7 bits + Odd Parity  + 2 Stop Bits
(1)       0 : =8                 WSB_7E1_gc:     equ     %00001000 ; 7 bits + Even Parity + 1 Stop Bits
(1)       0 : =C                 WSB_7O1_gc:     equ     %00001100 ; 7 bits + Odd Parity  + 1 Stop Bits
(1)       0 : =10                WSB_8N2_gc:     equ     %00010000 ; 8 bits + No Parity   + 2 Stop Bits
(1)       0 : =14                WSB_8N1_gc:     equ     %00010100 ; 8 bits + No Parity   + 1 Stop Bits
(1)       0 : =18                WSB_8E1_gc:     equ     %00011000 ; 8 bits + Even Parity + 1 Stop Bits
(1)       0 : =1C                WSB_8O1_gc:     equ     %00011100 ; 8 bits + Odd Parity  + 1 Stop Bits
(1)       0 :                            ;; Transmit Control Bits
(1)       0 : =60                TCB_gm:         equ     %01100000 ; Group mask
(1)       0 : =0                 TCB_DI_gc:      equ     %00000000 ; RTS=Low,  Tx Interrupt Disabled
(1)       0 : =20                TCB_EI_gc:      equ     %00100000 ; RTS=Low,  Tx Interrupt Enabled
(1)       0 : =40                TCB_RTS_gc:     equ     %01000000 ; RTS=High, Tx Interrupt Disabled
(1)       0 : =60                TCB_BREAK_gc:   equ     %01100000 ; RTS=Low,  Tx Interrupt Disabled
(1)       0 :                                                      ; Transmit Break Level
(1)       0 : =80                RIEB_bm:        equ     %10000000 ; Receive Interrupt Enable Bit mask
(1)       0 :
(1)       0 :                    ;;; Status register
(1)       0 : =DF00              ACIA_status:    equ     ACIA+0
(1)       0 : =1                 RDRF_bm:        equ     %00000001 ; Receive Data Register Full
(1)       0 : =2                 TDRE_bm:        equ     %00000010 ; Transmit Data Register Empty
(1)       0 : =4                 DCDF_bm:        equ     %00000100 ; Data Carrier Detect Flag
(1)       0 : =8                 CTSF_bm:        equ     %00001000 ; Clear To Send Flag
(1)       0 : =10                FERR_bm:        equ     %00010000 ; Frame Error Flag
(1)       0 : =20                OVRN_bm:        equ     %00100000 ; Receiver Overrun Flag
(1)       0 : =40                PERR_bm:        equ     %01000000 ; Parity Error Flag
(1)       0 : =80                IRQF_bm:        equ     %10000000 ; Interrupt Request Flag
(1)       0 :
(1)       0 :                    ;;; Data register
(1)       0 : =DF01              ACIA_data:      equ     ACIA+1          ; Data register
          0 :
       2000 :                            org     $2000
       2000 :
       2000 : =80                rx_queue_size:  equ     128
       2000 :                    rx_queue:       rmb     rx_queue_size
       2080 : =94                RX_INT_TX_NO:   equ     WSB_8N1_gc|RIEB_bm
       2080 :
       1000 :                            org     $1000
       1000 : =FFF               stack:  equ     *-1             ; MC6801's SP is post-decrement/pre-increment
       1000 :
       1000 :                            org     $1000
       1000 :                    initialize:
       1000 : 8E 0F FF                   lds     #stack
       1003 : CE 20 00                   ldx     #rx_queue
       1006 : C6 80                      ldab    #rx_queue_size
       1008 : BD 10 34                   jsr     queue_init
       100B :                            ;; initialize ACIA
       100B : 86 03                      ldaa    #CDS_RESET_gc   ; Master reset
       100D : B7 DF 00                   staa    ACIA_control
       1010 : 86 94                      ldaa    #RX_INT_TX_NO
       1012 : B7 DF 00                   staa    ACIA_control
       1015 : 0E                         cli                     ; Enable IRQ
       1016 :
       1016 : CE 20 00                   ldx     #rx_queue
       1019 :                    receive_loop:
       1019 : 0F                         sei                     ; Disable IRQ
       101A : BD 10 84                   jsr     queue_remove
       101D : 0E                         cli                     ; Enable IRQ
       101E : 24 F9                      bcc     receive_loop
       1020 :                    transmit_loop:
       1020 : F6 DF 00                   ldab    ACIA_status
       1023 : C5 02                      bitb    #TDRE_bm
       1025 : 27 F9                      beq     transmit_loop
       1027 :                    transmit_data:
       1027 : B7 DF 01                   staa    ACIA_data
       102A : 81 0D                      cmpa    #$0d
       102C : 26 EB                      bne     receive_loop
       102E : 86 0A                      ldaa    #$0a
       1030 : 20 EE                      bra     transmit_loop
       1032 :
       1032 :                            include "queue.inc"
(1)    1032 :                    ;;; [queue] queue structure
(1)    1032 : =0                 queue_len:      equ     0       ; queue length
(1)    1032 : =1                 queue_size:     equ     1       ; buffer size
(1)    1032 : =2                 queue_put:      equ     2       ; queue put index
(1)    1032 : =3                 queue_get:      equ     3       ; queue get index
(1)    1032 : =4                 queue_buf:      equ     4       ; buffer start offset
(1)    1032 :
(1)    1032 :                    ;;; [queue] Initialize queue
(1)    1032 :                    ;;; @param X queue work space pointer
(1)    1032 :                    ;;; @param B queue work space size
(1)    1032 :                    ;;; @clobber B
(1)    1032 :                    queue_init_tmp:
(1)    1032 :                            rmb     2
(1)    1034 :                    queue_init:
(1)    1034 : FF 10 32                   stx     queue_init_tmp  ; save X
(1)    1037 : 37                         pshb
(1)    1038 :                    queue_init_loop:
(1)    1038 : 6F 00                      clr     0,x
(1)    103A : 08                         inx
(1)    103B : 5A                         decb
(1)    103C : 26 FA                      bne     queue_init_loop
(1)    103E : FE 10 32                   ldx     queue_init_tmp  ; restore X
(1)    1041 : 33                         pulb
(1)    1042 : C0 04                      subb    #queue_buf
(1)    1044 : E7 01                      stab    queue_size,x
(1)    1046 : 39                         rts
(1)    1047 :
(1)    1047 :                    ;;; [abx] Add B to X
(1)    1047 :                    ;;; @return X X+B
(1)    1047 :                    abx_tmp:
(1)    1047 :                            rmb     2
(1)    1049 :                    abx:
(1)    1049 : 37                 	pshb
(1)    104A : FF 10 47                   stx     abx_tmp
(1)    104D : FB 10 48                   addb    abx_tmp+1
(1)    1050 : F7 10 48                   stab    abx_tmp+1
(1)    1053 : 5F                         clrb
(1)    1054 : F9 10 47                   adcb    abx_tmp
(1)    1057 : F7 10 47                   stab    abx_tmp
(1)    105A : FE 10 47                   ldx     abx_tmp
(1)    105D : 33                         pulb
(1)    105E : 39                         rts
(1)    105F :
(1)    105F :                    ;;; [queue] Add an element to queue
(1)    105F :                    ;;; @param X queue work space pointer
(1)    105F :                    ;;; @param A an element
(1)    105F :                    ;;; @return CC.C 0 if queue is full
(1)    105F :                    queue_add_tmp:
(1)    105F :                            rmb     2
(1)    1061 :                    queue_add:
(1)    1061 : 37                 	pshb
(1)    1062 : E6 00                      ldab    queue_len,x
(1)    1064 : E1 01                      cmpb    queue_size,x
(1)    1066 : 24 18                      bhs     queue_add_return ; carry is cleared
(1)    1068 : E6 02                      ldab    queue_put,x     ; 8 bits offset
(1)    106A : FF 10 5F                   stx     queue_add_tmp   ; save X
(1)    106D : 8D DA                      bsr     abx
(1)    106F : A7 04                      staa    queue_buf,x     ; store an element
(1)    1071 : FE 10 5F                   ldx     queue_add_tmp   ; restore X
(1)    1074 : 6C 00                      inc     queue_len,x
(1)    1076 : 5C                         incb
(1)    1077 : E7 02                      stab    queue_put,x
(1)    1079 : E1 01                      cmpb    queue_size,x
(1)    107B : 25 03                      blo     queue_add_return ; carry is set
(1)    107D : 6F 02                      clr     queue_put,x
(1)    107F : 0D                         sec                     ; set carry
(1)    1080 :                    queue_add_return:
(1)    1080 : 33                 	pulb
(1)    1081 : 39                         rts
(1)    1082 :
(1)    1082 :                    ;;; [queue] Remove an element from queue
(1)    1082 :                    ;;; @param X queue work space pointer
(1)    1082 :                    ;;; @return A an element
(1)    1082 :                    ;;; @return CC.C 0 if queue is empty
(1)    1082 :                    queue_remove_tmp:
(1)    1082 :                            rmb     2
(1)    1084 :                    queue_remove:
(1)    1084 : 6D 00                      tst     queue_len,x
(1)    1086 : 26 02                      bne     queue_remove_elem
(1)    1088 : 0C                         clc                     ; clear carry
(1)    1089 : 39                         rts
(1)    108A :                    queue_remove_elem
(1)    108A : 37                 	pshb
(1)    108B : E6 03                      ldab    queue_get,x     ; 8 bits offset
(1)    108D : FF 10 82                   stx     queue_remove_tmp ;save X
(1)    1090 : 8D B7                      bsr     abx
(1)    1092 : A6 04                      ldaa    queue_buf,x     ; read an element
(1)    1094 : FE 10 82                   ldx     queue_remove_tmp ; restore X
(1)    1097 : 6A 00                      dec     queue_len,x
(1)    1099 : 5C                         incb
(1)    109A : E7 03                      stab    queue_get,x
(1)    109C : E1 01                      cmpb    queue_size,x
(1)    109E : 25 03                      blo     queue_remove_return ; carry is set
(1)    10A0 : 6F 03                      clr     queue_get,x
(1)    10A2 : 0D                         sec                     ; set carry
(1)    10A3 :                    queue_remove_return:
(1)    10A3 : 33                         pulb
(1)    10A4 : 39                         rts
(1)    10A5 :
(1)    10A5 :                    ;;; Local Variables:
(1)    10A5 :                    ;;; mode: asm
(1)    10A5 :                    ;;; End:
(1)    10A5 :                    ;;; vim: set ft=asm et ts=4 sw=4:
       10A5 :
       10A5 :                    isr_irq:
       10A5 : F6 DF 00                   ldab    ACIA_status
       10A8 : C5 80                      bitb    #IRQF_bm
       10AA : 27 0D                      beq     isr_irq_return
       10AC :                    isr_irq_receive:
       10AC : C5 01                      bitb    #RDRF_bm
       10AE : 27 09                      beq     isr_irq_recv_end
       10B0 : B6 DF 01                   ldaa    ACIA_data
       10B3 : CE 20 00                   ldx     #rx_queue
       10B6 : BD 10 61                   jsr     queue_add
       10B9 :                    isr_irq_recv_end:
       10B9 :                    isr_irq_return:
       10B9 : 3B                         rti
       10BA :
       FFF8 :                            org     VEC_IRQ
       FFF8 : 10 A5                      fdb     isr_irq
       FFFA :
       FFFE :                            org     VEC_RESET
       FFFE : 10 00                      fdb     initialize
