          0 :                    ;;; Binary patch for Microsoft Basic
          0 :                    ;;; https://www.corshamtech.com/tech-tips/basic-for-6800/
          0 :                            CPU   6800
          0 :
        41F :                            ORG   $041F
        41F : BD A0 85                   JSR   INCH
        422 :
        618 :                            ORG   $0618
        618 : BD A0 80                   JSR   PEEK
        61B :
        8AD :                            ORG   $08AD
        8AD : BD A0 8D                   JSR   OUTCH
        8B0 :
        8B0 : =DF00              ACIA:   EQU   $DF00
        8B0 :
       A080 :                            ORG   $A080
       A080 :                    PEEK:
       A080 : F6 DF 00                   LDAB  ACIA
       A083 : 57                         ASRB
       A084 : 39                         RTS
       A085 :                    INCH:
       A085 : 8D F9                      BSR   PEEK
       A087 : 24 FC                      BCC   INCH
       A089 : F6 DF 01                   LDAB  ACIA+1
       A08C : 39                         RTS
       A08D :
       A08D :                    OUTCH:
       A08D : 8D F1                      BSR   PEEK
       A08F : 57                         ASRB
       A090 : 24 FB                      BHS   OUTCH
       A092 : 84 7F                      ANDA  #$7F
       A094 : B7 DF 01                   STAA  ACIA+1
       A097 : 39                         RTS
       A098 :
       FFFE :                            ORG   $FFFE
       FFFE : 00 00                      FDB   $0000
