          0 :                    ;;; -*- mode: asm; mode: flyspell-prog; -*-
          0 :                            cpu     tlcs90
          0 :                            include "tmp90c802.inc"
(1)       0 :                    ;;; -*- mode: asm; mode: flyspell-prog; -*-
(1)       0 :                    ;;; TMP90C802
(1)       0 :                            include "tlcs90.inc"
(2)       0 :                    ;;; -*- mode: asm; mode: flyspell-prog; -*-
(2)       0 :                    ;;; TLCS90
(2)       0 :                    ;;; F Register
(2)       0 : =80                F_SIGN:         equ     10000000B ; set to 1 if negative
(2)       0 : =40                F_ZERO:         equ     01000000B ; set to 1 if zero
(2)       0 : =20                F_INTENB:       equ     00100000B ; set to 1 if interrupt enabled
(2)       0 : =10                F_HALF_CARRY:   equ     00010000B ; set to 1 if carry from bit-3
(2)       0 : =8                 F_EXTENDED:     equ     00001000B ; set to 1 if extended carry
(2)       0 : =4                 F_OVERFLOW:     equ     00000100B ; set to 1 if overflow
(2)       0 : =2                 F_SUBTRACT:     equ     00000010B ; set to 1 if subtraction
(2)       0 : =1                 F_CARRY:        equ     00000001B ; set to 1 if carry
(2)       0 :                    ;;; Interrupt origin
(2)       0 : =0                 ORG_RESET:      equ     0000H   ; RESET
(2)       0 : =10                ORG_SWI:        equ     0010H   ; SWI
(2)       0 : =18                ORG_NMI:        equ     0018H   ; NMI
(2)       0 : =20                ORG_INTWD:      equ     0020H   ; Watchdog
(2)       0 : =28                ORG_INT0:       equ     0028H   ; INT0
(2)       0 : =58                ORG_INT1:       equ     0058H   ; INT1
(1)       0 :                    ;;; Interrupt origin
(1)       0 : =30                ORG_INTT0:      equ     0030H   ; Timer 0
(1)       0 : =38                ORG_INTT1:      equ     0038H   ; Timer 1
(1)       0 : =40                ORG_INTT2:      equ     0040H   ; Timer 2
(1)       0 : =48                ORG_INTT3:      equ     0048H   ; Timer 3
(1)       0 : =70                ORG_INTRX:      equ     0070H   ; Serial receive
(1)       0 : =78                ORG_INTTX:      equ     0078H   ; Serial transmit\
(1)       0 :                    ;;; I/O Port
(1)       0 :                    ;;; Port 0,1,2 are used for data and address bus when #EA=0
(1)       0 :                    ;;; Port P37, P36, P35 are used for bus controls
(1)       0 : =FFC6              P3:     equ     0FFC6H            ; Port 3
(1)       0 : =4                 P32:            equ     00000100B ; Port 3.2
(1)       0 : =FFC7              P3CR:   equ     0FFC7H            ; Port 3 control register
(1)       0 : =80                P3CR_WAIT_ENB:  equ     10000000B ; Enable #WAIT
(1)       0 : =8                 P3CR_TXD:       equ     00001000B ; set to 1 then P33 is TXD
(1)       0 : =2                 P3CR_RXD:       equ     00000010B ; set to 1 then P31 is RXD
(1)       0 : =FFD1              P8CR:   equ     0FFD1H            ; Port 8 control register
(1)       0 : =1                 P8CR_EDGE:      equ     00000001B ; set to 1 then INT0 is edge detection
(1)       0 :                    ;;; Watchdog timer
(1)       0 : =FFD2              WDMOD:  equ     0FFD2H            ; Watchdog timer mode register
(1)       0 : =80                WDMOD_WDTE:     equ     10000000B ; set to 1 then Watchdog timer is enabled
(1)       0 : =FFD3              WDCR:   equ     0FFD3H            ; Watchdog timer control register
(1)       0 : =B1                WDCR_DISABLE:   equ     0B1H      ; Disable watchdog timer
(1)       0 : =4E                WDCR_CLEAR:     equ     04EH      ; Clear watchdog timer
(1)       0 :                    ;;; Interrupt request flag
(1)       0 : =FFC2              IRFL:   equ     0FFC2H
(1)       0 : =6                 IRFL_IRF0_bp:   equ     6       ; INT0 request flag
(1)       0 : =FFC3              IRFH:   equ     0FFC3H
(1)       0 : =4                 IRFH_IRF1_bp:   equ     4       ; INT1 request flag
(1)       0 : =1                 IRFH_IRFRX_bp:  equ     1       ; INTRX request flag
(1)       0 : =0                 IRFH_IRFTX_bp:  equ     0       ; INTTX request flag
(1)       0 :                    ;;; Interrupt enable flag
(1)       0 : =FFE6              INTEL:  equ     0FFE6H
(1)       0 : =4                 INTEL_IE1_bp:   equ     4       ; enable INT1
(1)       0 : =1                 INTEL_IERX_bp:  equ     1       ; enable INTRX
(1)       0 : =0                 INTEL_IETX_bp:  equ     0       ; enable INTTX
(1)       0 : =FFE7              INTEH:  equ     0FFE7H
(1)       0 : =2                 INTEH_IE0_bp:   equ     2       ; enable INT0
(1)       0 :                    ;;; Timer/Serial channel control register
(1)       0 : =FFDB              TRUN:   equ     0FFDBH
(1)       0 : =C0                TRUN_BR9600:    equ     11000000B ; Baud rate 9600bps
(1)       0 : =20                TRUN_PRRUN:     equ     00100000B ; Enable prescaler
(1)       0 :                    ;;; Serial channel mode register
(1)       0 : =FFE9              SCMOD:  equ     0FFE9H
(1)       0 : =20                SCMOD_RXE:      equ     00100000B ; Enable receiving data
(1)       0 : =8                 SCMOD_SM8:      equ     00001000B ; Serial transfer mode 8-bit UART
(1)       0 : =1                 SCMOD_SCBAUD:   equ     00000001B ; Serial transfer clock from baud rate generator
(1)       0 : =3                 SCMOD_SCBAUD2:  equ     00000011B ; Serial transfer clock from 1/2 baud rate generator
(1)       0 :                    ;;; Serial channel control register
(1)       0 : =FFEA              SCCR:   equ     0FFEAH
(1)       0 : =0                 SCCR_PE_DIS:    equ     00000000B ; Disable parity
(1)       0 : =10                SCCR_OERR:      equ     00010000B ; Overrun error flag
(1)       0 : =8                 SCCR_PERR:      equ     00001000B ; Parity error flag
(1)       0 : =4                 SCCR_FERR:      equ     00000100B ; Framing error flag
(1)       0 :                    ;;; Serial transmission/receiving buffer register
(1)       0 : =FFEB              SCBUF:  equ     0FFEBH
          0 :
          0 :                    ;;; i8251 Universal Synchronous/Asynchronous Receiver/Transmitter
          0 : =FFF0              USART:  equ     0FFF0H
          0 : =FFF0              USARTD: equ     USART+0         ; Data register
          0 : =FFF1              USARTS: equ     USART+1         ; Status register
          0 : =FFF1              USARTC: equ     USART+1         ; Control register
          0 :                            include "i8251.inc"
(1)       0 :                    ;;; -*- mode: asm; mode: flyspell-prog; -*-
(1)       0 :
(1)       0 :                    ;;; i8251 USART device emulator.
(1)       0 : =6                 MODE_STOP_gp:   equ     6
(1)       0 : =C0                MODE_STOP_gm:   equ     11000000B
(1)       0 : =40                MODE_STOP1_gc:  equ     (1 << MODE_STOP_gp)
(1)       0 : =80                MODE_STOP15_gc: equ     (2 << MODE_STOP_gp)
(1)       0 : =C0                MODE_STOP2_gc:  equ     (3 << MODE_STOP_gp)
(1)       0 : =20                MODE_EVEN_bm:   equ     00100000B
(1)       0 : =10                MODE_PARITY_bm: equ     00010000B
(1)       0 : =2                 MODE_LEN_gp:    equ     2
(1)       0 : =C                 MODE_LEN_gm:    equ     00001100B
(1)       0 : =0                 MODE_LEN5_gc:   equ     (0 << MODE_LEN_gp)
(1)       0 : =4                 MODE_LEN6_gc:   equ     (1 << MODE_LEN_gp)
(1)       0 : =8                 MODE_LEN7_gc:   equ     (2 << MODE_LEN_gp)
(1)       0 : =C                 MODE_LEN8_gc:   equ     (3 << MODE_LEN_gp)
(1)       0 : =0                 MODE_BAUD_gp:   equ     0
(1)       0 : =3                 MODE_BAUD_gm:   equ     00000011B
(1)       0 : =1                 MODE_BAUD_X1:   equ     (1 << MODE_BAUD_gp)
(1)       0 : =2                 MODE_BAUD_X16:  equ (2 << MODE_BAUD_gp)
(1)       0 : =3                 MODE_BAUD_X64:  equ (3 << MODE_BAUD_gp)
(1)       0 :                    ;;; Bit Definition of command register
(1)       0 : =80                CMD_EH_bm:      equ     10000000B   ; Enter hunt mode
(1)       0 : =40                CMD_IR_bm:      equ     01000000B   ; Internal Reset
(1)       0 : =20                CMD_RTS_bm:     equ     00100000B   ; Request To Send
(1)       0 : =10                CMD_ER_bm:      equ     00010000B   ; Error Reset
(1)       0 : =8                 CMD_SBRK_bm:    equ     00001000B   ; Send Break
(1)       0 : =4                 CMD_RxEN_bm:    equ     00000100B   ; Receive Enable
(1)       0 : =2                 CMD_DTR_bm:     equ     00000010B   ; Data Terminal Ready
(1)       0 : =1                 CMD_TxEN_bm:    equ     00000001B   ; Transmit enable
(1)       0 :
(1)       0 :                    ;;; Bit definition of status register
(1)       0 : =80                ST_DSR_bm:      equ     10000000B   ; Data Set Ready
(1)       0 : =40                ST_BRK_bm:      equ     01000000B   ; BREAK detected
(1)       0 : =20                ST_FE_bm:       equ     00100000B   ; Framing Error
(1)       0 : =10                ST_OE_bm:       equ     00010000B   ; Iverrun Error
(1)       0 : =8                 ST_PE_bm:       equ     00001000B   ; Parity Error
(1)       0 : =2                 ST_TxEMPTY_bp:  equ     2           ; Transmitter empty
(1)       0 : =1                 ST_RxRDY_bp:    equ     1           ; Receiver ready
(1)       0 : =0                 ST_TxRDY_bp:    equ     0           ; Transmitter ready
          0 :                    ;;; Async 1stop 8data x16
          0 : =4E                ASYNC_MODE:     equ     MODE_STOP1_gc|MODE_LEN8_gc|MODE_BAUD_X16
          0 :                    ;;; RTS/DTR, error reset, Rx enable, Tx enable
          0 : =37                RX_EN_TX_EN:    equ     CMD_RTS_bm|CMD_DTR_bm|CMD_ER_bm|CMD_RxEN_bm|CMD_TxEN_bm
          0 :
       1000 :                            org     1000H
       1000 : =1000              stack:  equ     $
       1000 :
          0 :                            org     ORG_RESET
          0 : 3E 00 10                   ld      sp, stack
          3 : 1A 00 01                   jp      init_usart
          6 :
         10 :                            org     ORG_SWI
         10 : 01                         halt                    ; halt to system
         11 :
        100 :                            org     0100H
        100 :                    init_usart:
        100 : 37 F1 00                   ld      (USARTC), 0
        103 : 37 F1 00                   ld      (USARTC), 0
        106 : 37 F1 00                   ld      (USARTC), 0     ; safest way to sync mode
        109 : 37 F1 40                   ld      (USARTC), CMD_IR_bm
        10C : 00                         nop
        10D : 00                         nop
        10E : 37 F1 4E                   ld      (USARTC), ASYNC_MODE
        111 : 00                         nop
        112 : 00                         nop
        113 : 37 F1 37                   ld      (USARTC), RX_EN_TX_EN
        116 :
        116 :                    receive_loop:
        116 : A9 F1                      bit     ST_RxRDY_bp, (USARTS)
        118 : C6 FC                      jr      z, receive_loop
        11A :                    receive_data:
        11A : 27 F0                      ld      a, (USARTD)
        11C : FE 66                      or      a, a
        11E : CE 01                      jr      nz, transmit_loop
        120 : FF                         swi
        121 :                    transmit_loop:
        121 : A8 F1                      bit     ST_TxRDY_bp, (USARTS)
        123 : C6 FC                      jr      z, transmit_loop
        125 :                    transmit_data:
        125 : 2F F0                      ld      (USARTD), a
        127 : 6F 0D                      cp      a, 0DH
        129 : CE EB                      jr      nz, receive_loop
        12B : 36 0A                      ld      a, 0AH
        12D : C8 F2                      jr      transmit_loop
