          0 :                    ;;; -*- mode: asm; mode: flyspell-prog; -*-
          0 :                            include "tlcs90.inc"
(1)       0 :                    ;;; -*- mode: asm; mode: flyspell-prog; -*-
(1)       0 :                    ;;; TLCS90
(1)       0 :                    ;;; F Register
(1)       0 : =80                F_SIGN:         equ     10000000B ; set to 1 if negative
(1)       0 : =40                F_ZERO:         equ     01000000B ; set to 1 if zero
(1)       0 : =20                F_INTENB:       equ     00100000B ; set to 1 if interrupt enabled
(1)       0 : =10                F_HALF_CARRY:   equ     00010000B ; set to 1 if carry from bit-3
(1)       0 : =8                 F_EXTENDED:     equ     00001000B ; set to 1 if extended carry
(1)       0 : =4                 F_OVERFLOW:     equ     00000100B ; set to 1 if overflow
(1)       0 : =2                 F_SUBTRACT:     equ     00000010B ; set to 1 if subtraction
(1)       0 : =1                 F_CARRY:        equ     00000001B ; set to 1 if carry
(1)       0 :                    ;;; Interrupt origin
(1)       0 : =0                 ORG_RESET:      equ     0000H   ; RESET
(1)       0 : =10                ORG_SWI:        equ     0010H   ; SWI
(1)       0 : =18                ORG_NMI:        equ     0018H   ; NMI
(1)       0 : =20                ORG_INTWD:      equ     0020H   ; Watchdog
(1)       0 : =28                ORG_INT0:       equ     0028H   ; INT0
(1)       0 : =58                ORG_INT1:       equ     0058H   ; INT1
          0 :                            cpu     tlcs90
          0 :
          0 :                            org     ORG_RESET
          0 : 3E 00 10                   ld      sp, 1000H
          3 : 1A 00 10                   jp      main
          6 :
         10 :                            org     ORG_SWI
         10 : 01                         halt                    ; halt to system
         11 :
         11 : =FFF8              dir:    equ     0FFF8H
         11 :
       1000 :                            org     1000H
       1000 :                    main:
       1000 : 3A 00 20                   ld      hl, 2000H
       1003 : 39 00 30                   ld      de, 3000H
       1006 : 1A 2E 10                   jp      pointer
       1009 :
       1009 :                    direct:
       1009 : 3C FF FF                   ld      ix, 0FFFFH
       100C : 37 F8 55                   ld      (dir), 55H
       100F : 94                         inc     ix
       1010 : 07 F8                      incx    (dir)
       1012 : 94                         inc     ix
       1013 : 07 F8                      incx    (dir)
       1015 : 9C                         dec     ix
       1016 : 0F F8                      decx    (dir)
       1018 : 9C                         dec     ix
       1019 : 0F F8                      decx    (dir)
       101B : 3F F8 34 12                ldw     (dir), 1234H
       101F : 87 F8                      inc     (dir)
       1021 : 8F F8                      dec     (dir)
       1023 : 97 F8                      incw    (dir)
       1025 : 9F F8                      decw    (dir)
       1027 : B0 F8                      res     0,(dir)
       1029 : B8 F8                      set     0,(dir)
       102B : 4F F8                      ld      (dir),hl
       102D : FF                         swi
       102E :
       102E :                    pointer:
       102E : E1 87                      inc     (de)
       1030 : E1 8F                      dec     (de)
       1032 : E1 97                      incw    (de)
       1034 : E1 9F                      decw    (de)
       1036 : E1 B0                      res     0,(de)
       1038 : E1 B8                      set     0,(de)
       103A : E1 18                      tset    0,(de)
       103C : E1 10                      rld     (de)
       103E : E1 11                      rrd     (de)
       1040 : E1 A0                      rlc     (de)
       1042 : E9 24                      ld      (de),h
       1044 : E9 3F 78 56                ldw     (de),5678H
       1048 : E9 42                      ld      (de),hl
       104A : E9 68 89                   add     (de),89H
       104D : FF                         swi
       104E :
       104E :                    block:
       104E : 38 04 00                   ld      bc, 4
       1051 : FE 59                      ldir
       1053 : 38 04 00                   ld      bc, 4
       1056 : FE 5B                      lddr
       1058 : 38 04 00                   ld      bc, 4
       105B : FE 5D                      cpir
       105D : 38 04 00                   ld      bc, 4
       1060 : FE 5F                      cpdr
       1062 : FF                         swi
       1063 :
       1063 :                    jump:
       1063 : 0C                         rcf
       1064 : EB 70 10 C7                jp      c, jump_end
       1068 : 00                         nop
       1069 : 00                         nop
       106A : EB 70 10 CF                jp      nc, jump_end
       106E : 00                         nop
       106F : 00                         nop
       1070 :                    jump_end:
       1070 : FF                         swi
