          0 :                    ;;; -*- mode: asm; mode: flyspell-prog; -*-
          0 :                            cpu     tlcs90
          0 :                            include "tmp90c802.inc"
(1)       0 :                    ;;; -*- mode: asm; mode: flyspell-prog; -*-
(1)       0 :                    ;;; TMP90C802
(1)       0 :                            include "tlcs90.inc"
(2)       0 :                    ;;; -*- mode: asm; mode: flyspell-prog; -*-
(2)       0 :                    ;;; TLCS90
(2)       0 :                    ;;; F Register
(2)       0 : =80                F_SIGN:         equ     10000000B ; set to 1 if negative
(2)       0 : =40                F_ZERO:         equ     01000000B ; set to 1 if zero
(2)       0 : =20                F_INTENB:       equ     00100000B ; set to 1 if interrupt enabled
(2)       0 : =10                F_HALF_CARRY:   equ     00010000B ; set to 1 if carry from bit-3
(2)       0 : =8                 F_EXTENDED:     equ     00001000B ; set to 1 if extended carry
(2)       0 : =4                 F_OVERFLOW:     equ     00000100B ; set to 1 if overflow
(2)       0 : =2                 F_SUBTRACT:     equ     00000010B ; set to 1 if subtraction
(2)       0 : =1                 F_CARRY:        equ     00000001B ; set to 1 if carry
(2)       0 :                    ;;; Interrupt origin
(2)       0 : =0                 ORG_RESET:      equ     0000H   ; RESET
(2)       0 : =10                ORG_SWI:        equ     0010H   ; SWI
(2)       0 : =18                ORG_NMI:        equ     0018H   ; NMI
(2)       0 : =20                ORG_INTWD:      equ     0020H   ; Watchdog
(2)       0 : =28                ORG_INT0:       equ     0028H   ; INT0
(2)       0 : =58                ORG_INT1:       equ     0058H   ; INT1
(1)       0 :                    ;;; Interrupt origin
(1)       0 : =30                ORG_INTT0:      equ     0030H   ; Timer 0
(1)       0 : =38                ORG_INTT1:      equ     0038H   ; Timer 1
(1)       0 : =40                ORG_INTT2:      equ     0040H   ; Timer 2
(1)       0 : =48                ORG_INTT3:      equ     0048H   ; Timer 3
(1)       0 : =70                ORG_INTRX:      equ     0070H   ; Serial receive
(1)       0 : =78                ORG_INTTX:      equ     0078H   ; Serial transmit\
(1)       0 :                    ;;; I/O Port
(1)       0 :                    ;;; Port 0,1,2 are used for data and address bus when #EA=0
(1)       0 :                    ;;; Port P37, P36, P35 are used for bus controls
(1)       0 : =FFC6              P3:     equ     0FFC6H            ; Port 3
(1)       0 : =4                 P32:            equ     00000100B ; Port 3.2
(1)       0 : =FFC7              P3CR:   equ     0FFC7H            ; Port 3 control register
(1)       0 : =80                P3CR_WAIT_ENB:  equ     10000000B ; Enable #WAIT
(1)       0 : =8                 P3CR_TXD:       equ     00001000B ; set to 1 then P33 is TXD
(1)       0 : =2                 P3CR_RXD:       equ     00000010B ; set to 1 then P31 is RXD
(1)       0 : =FFD1              P8CR:   equ     0FFD1H            ; Port 8 control register
(1)       0 : =1                 P8CR_EDGE:      equ     00000001B ; set to 1 then INT0 is edge detection
(1)       0 :                    ;;; Watchdog timer
(1)       0 : =FFD2              WDMOD:  equ     0FFD2H            ; Watchdog timer mode register
(1)       0 : =80                WDMOD_WDTE:     equ     10000000B ; set to 1 then Watchdog timer is enabled
(1)       0 : =FFD3              WDCR:   equ     0FFD3H            ; Watchdog timer control register
(1)       0 : =B1                WDCR_DISABLE:   equ     0B1H      ; Disable watchdog timer
(1)       0 : =4E                WDCR_CLEAR:     equ     04EH      ; Clear watchdog timer
(1)       0 :                    ;;; Interrupt request flag
(1)       0 : =FFC2              IRFL:   equ     0FFC2H
(1)       0 : =6                 IRFL_IRF0_bp:   equ     6       ; INT0 request flag
(1)       0 : =FFC3              IRFH:   equ     0FFC3H
(1)       0 : =4                 IRFH_IRF1_bp:   equ     4       ; INT1 request flag
(1)       0 : =1                 IRFH_IRFRX_bp:  equ     1       ; INTRX request flag
(1)       0 : =0                 IRFH_IRFTX_bp:  equ     0       ; INTTX request flag
(1)       0 :                    ;;; Interrupt enable flag
(1)       0 : =FFE6              INTEL:  equ     0FFE6H
(1)       0 : =4                 INTEL_IE1_bp:   equ     4       ; enable INT1
(1)       0 : =1                 INTEL_IERX_bp:  equ     1       ; enable INTRX
(1)       0 : =0                 INTEL_IETX_bp:  equ     0       ; enable INTTX
(1)       0 : =FFE7              INTEH:  equ     0FFE7H
(1)       0 : =2                 INTEH_IE0_bp:   equ     2       ; enable INT0
(1)       0 :                    ;;; Timer/Serial channel control register
(1)       0 : =FFDB              TRUN:   equ     0FFDBH
(1)       0 : =C0                TRUN_BR9600:    equ     11000000B ; Baud rate 9600bps
(1)       0 : =20                TRUN_PRRUN:     equ     00100000B ; Enable prescaler
(1)       0 :                    ;;; Serial channel mode register
(1)       0 : =FFE9              SCMOD:  equ     0FFE9H
(1)       0 : =20                SCMOD_RXE:      equ     00100000B ; Enable receiving data
(1)       0 : =8                 SCMOD_SM8:      equ     00001000B ; Serial transfer mode 8-bit UART
(1)       0 : =1                 SCMOD_SCBAUD:   equ     00000001B ; Serial transfer clock from baud rate generator
(1)       0 : =3                 SCMOD_SCBAUD2:  equ     00000011B ; Serial transfer clock from 1/2 baud rate generator
(1)       0 :                    ;;; Serial channel control register
(1)       0 : =FFEA              SCCR:   equ     0FFEAH
(1)       0 : =0                 SCCR_PE_DIS:    equ     00000000B ; Disable parity
(1)       0 : =10                SCCR_OERR:      equ     00010000B ; Overrun error flag
(1)       0 : =8                 SCCR_PERR:      equ     00001000B ; Parity error flag
(1)       0 : =4                 SCCR_FERR:      equ     00000100B ; Framing error flag
(1)       0 :                    ;;; Serial transmission/receiving buffer register
(1)       0 : =FFEB              SCBUF:  equ     0FFEBH
          0 :
       2000 :                            org     2000H
       2000 : =80                rx_queue_size:  equ     128
       2000 :                    rx_queue:       ds      rx_queue_size
       2080 :
       1000 :                            org     1000H
       1000 : =1000              stack:  equ     $
       1000 :
          0 :                            org     ORG_RESET
          0 : 1A 00 01                   jp      init
          3 :
         10 :                            org     ORG_SWI
         10 : 01                         halt                    ; halt to system
         11 :
         70 :                            org     ORG_INTRX
         70 : 1A A0 01                   jp      isr_intr
         73 :
         73 : =8A                P3CR_SET:       equ     P3CR_WAIT_ENB|P3CR_TXD|P3CR_RXD
         73 : =29                SCMOD_SET:      equ     SCMOD_RXE|SCMOD_SM8|SCMOD_SCBAUD ; 8-bit
         73 : =E0                TRUN_SET:       equ     TRUN_BR9600|TRUN_PRRUN           ; 9600bps
         73 : =0                 SCCR_SET:       equ     SCCR_PE_DIS ; no parity, no handshake
         73 :
        100 :                            org     0100H
        100 :                    init:
        100 : 3E 00 10                   ld      sp, stack
        103 : 3C 00 20                   ld      ix, rx_queue
        106 : 30 80                      ld      b, rx_queue_size
        108 : 1C 33 01                   call    queue_init
        10B :                    init_uart:
        10B : 37 C7 8A                   ld      (P3CR), P3CR_SET
        10E : 37 E9 29                   ld      (SCMOD), SCMOD_SET
        111 : 37 DB E0                   ld      (TRUN), TRUN_SET
        114 : 37 EA 00                   ld      (SCCR), SCCR_SET
        117 : B9 E6                      set     INTEL_IERX_bp, (INTEL)
        119 : 03                         ei
        11A :
        11A : 3C 00 20                   ld      ix, rx_queue
        11D :                    receive_loop:
        11D : 02                         di                      ; Disable INTR
        11E : 1C 7A 01                   call    queue_remove
        121 : 03                         ei                      ; Enable INTR
        122 : CF F9                      jr      nc, receive_loop
        124 : FE 66                      or      a, a
        126 : CE 01                      jr      nz, transmit_data
        128 : FF                         swi
        129 :                    transmit_data:
        129 : 2F EB                      ld      (SCBUF), a
        12B : 6F 0D                      cp      a, 0DH
        12D : CE EE                      jr      nz, receive_loop
        12F : 36 0A                      ld      a, 0AH
        131 : C8 F6                      jr      transmit_data
        133 :
        133 :                            include "queue.inc"
(1)     133 :                    ;;; -*- mode: asm; mode: flyspell-prog; -*-
(1)     133 :                    ;;; [queue] queue structure
(1)     133 : =0                 queue_len:      equ     0       ; queue length
(1)     133 : =1                 queue_size:     equ     1       ; buffer size
(1)     133 : =2                 queue_put:      equ     2       ; queue put index
(1)     133 : =3                 queue_get:      equ     3       ; queue get index
(1)     133 : =4                 queue_buf:      equ     4       ; buffer start offset
(1)     133 :
(1)     133 :                    ;;; [queue] Initialize queue
(1)     133 :                    ;;; @param IX queue work space pointer
(1)     133 :                    ;;; @param B queue work space size
(1)     133 :                    ;;; @clobber B IX
(1)     133 :                    queue_init:
(1)     133 : F4 00 37 00                ld      (ix+queue_len), 0
(1)     137 : F8 6A 04                   sub     b, queue_buf
(1)     13A : F4 01 20                   ld      (ix+queue_size), b
(1)     13D : F8 68 02                   add     b, 2            ; for queue_put and queue_get
(1)     140 : F4 02 3C                   lda     ix, ix+queue_put
(1)     143 :                    queue_init_loop:
(1)     143 : EC 37 00                   ld      (ix), 0
(1)     146 : 94                         inc     ix
(1)     147 : 18 FA                      djnz    queue_init_loop
(1)     149 : 1E                         ret
(1)     14A :
(1)     14A :                    ;;; [queue] Add an element to queue
(1)     14A :                    ;;; @param IX queue work space pointer
(1)     14A :                    ;;; @param A an element
(1)     14A :                    ;;; @return F.C 0 if queue is full
(1)     14A :                    queue_add:
(1)     14A : 56                         push    af              ; save an element
(1)     14B : F0 00 2E                   ld      a, (ix+queue_len)
(1)     14E : F0 01 67                   cp      a, (ix+queue_size)
(1)     151 : C7 03                      jr      c, queue_add_store ; queue_len < queue_size
(1)     153 : 5E                         pop     af
(1)     154 : 0C                         rcf                     ; clear carry
(1)     155 : 1E                         ret
(1)     156 :                    queue_add_store:
(1)     156 : 86                         inc     a               ; queue_len++
(1)     157 : F4 00 26                   ld      (ix+queue_len), a
(1)     15A : 52                         push    hl
(1)     15B : F4 04 3A                   lda     hl, ix+queue_buf
(1)     15E : F0 02 2E                   ld      a, (ix+queue_put)
(1)     161 : F7 3A                      lda     hl, hl+a
(1)     163 : F2 03 2E                   ld      a, (sp+3)       ; get element
(1)     166 : EA 26                      ld      (hl), a         ; store element
(1)     168 : 5A                         pop     hl
(1)     169 : F0 02 2E                   ld      a, (ix+queue_put)
(1)     16C : 86                         inc     a
(1)     16D : F0 01 67                   cp      a, (ix+queue_size)
(1)     170 : C7 02                      jr      c, queue_add_update ; queue_put < queue_size
(1)     172 : 36 00                      ld      a, 0                ; wrap around
(1)     174 :                    queue_add_update:
(1)     174 : F4 02 26                   ld      (ix+queue_put), a
(1)     177 : 5E                         pop     af
(1)     178 : 0D                         scf                     ; set carry
(1)     179 : 1E                         ret
(1)     17A :
(1)     17A :                    ;;; [queue] Remove an element from queue
(1)     17A :                    ;;; @param IX queue work space pointer
(1)     17A :                    ;;; @return A an element
(1)     17A :                    ;;; @return F.C 0 if queue is empty
(1)     17A :                    queue_remove:
(1)     17A : E4 2E                      ld      a, (ix)           ; queue_len
(1)     17C : FE 66                      or      a, a              ; clear carry
(1)     17E : FE D6                      ret     z                 ; carry is cleared by |or|
(1)     180 : 52                         push    hl
(1)     181 : 8E                         dec     a               ; queue_len--
(1)     182 : F4 00 26                   ld      (ix+queue_len), a
(1)     185 : F4 04 3A                   lda     hl, ix+queue_buf
(1)     188 : F0 03 2E                   ld      a, (ix+queue_get)
(1)     18B : F3 2E                      ld      a, (hl+a)       ; read element
(1)     18D : 2C                         ld      h, a            ; save element
(1)     18E : F0 03 2E                   ld      a, (ix+queue_get)
(1)     191 : 86                         inc     a
(1)     192 : F0 01 67                   cp      a, (ix+queue_size)
(1)     195 : C7 02                      jr      c, queue_remove_update ; queue_get < queue_size
(1)     197 : 36 00                      ld      a, 0                   ; wrap around
(1)     199 :                    queue_remove_update:
(1)     199 : F4 03 26                   ld      (ix+queue_get), a
(1)     19C : 24                         ld      a, h            ; restore element
(1)     19D : 5A                         pop     hl
(1)     19E : 0D                         scf                     ; set carry
(1)     19F : 1E                         ret
        1A0 :
        1A0 :                    isr_intr:
        1A0 : A9 C3                      bit     IRFH_IRFRX_bp, (IRFH)
        1A2 : C6 0A                      jr      z, isr_intr_recv_end
        1A4 : 27 EB                      ld      a, (SCBUF)
        1A6 : 54                         push    ix
        1A7 : 3C 00 20                   ld      ix, rx_queue
        1AA : 1C 4A 01                   call    queue_add
        1AD : 5C                         pop     ix
        1AE :                    isr_intr_recv_end:
        1AE : 1F                         reti
