          0 :                            cpu     6811
          0 :                            include "mc68hc11.inc"
(1)       0 :                    ;;; -*- mode: asm; mode: flyspell-prog; -*-
(1)       0 :                    ;;; MC68HC11
(1)       0 :                    ;;; Condition Code Register (CC)
(1)       0 : =1                 CC_CARRY      equ  %00000001   ; set to 1 if carry occurred
(1)       0 : =2                 CC_OVERFLOW   equ  %00000010   ; set to 1 if overflow occurred
(1)       0 : =4                 CC_ZERO       equ  %00000100   ; set to 1 if result is zero
(1)       0 : =8                 CC_NEGATIVE   equ  %00001000   ; set to 1 if result is negative
(1)       0 : =10                CC_IRQ        equ  %00010000   ; if 1, IRQ is masked
(1)       0 : =20                CC_HALF_CARRY equ  %00100000   ; if 1, decimal carry from least digit occurred
(1)       0 : =40                CC_XIRQ       equ  %01000000   ; if 1, XIRQ is masked
(1)       0 : =80                CC_STOP       equ  %10000000   ; if 1, STOP instruction is disabled
(1)       0 :
(1)       0 :                    ;;; Vector
(1)       0 : =FFF2              VEC_IRQ:        equ     $FFF2  ; $FFF2: #IRQ 
(1)       0 : =FFF4              VEC_XIRQ:       equ     $FFF4  ; $FFF4: #XIRQ
(1)       0 : =FFF6              VEC_SWI:        equ     $FFF6  ; $FFF6: Software Interrupt
(1)       0 : =FFF8              VEC_ILOP:       equ     $FFF8  ; $FFF8: Illegal Opecode Trap
(1)       0 : =FFFA              VEC_COP:        equ     $FFFA  ; $FFFA: COP (Watchdog) Failure
(1)       0 : =FFFC              VEC_CMF:        equ     $FFFC  ; $FFFC: Clock Monitor Fail
(1)       0 : =FFFE              VEC_RESET:      equ     $FFFE  ; $FFFE: Reset
          0 :
          0 :                    ;;; MC6850 Asynchronous Communication Interface Adapter
          0 : =DF00              ACIA:   equ     $DF00
          0 :                            include "mc6850.inc"
(1)       0 :                    ;;; -*- mode: asm; mode: flyspell-prog; -*-
(1)       0 :
(1)       0 :                    ;;; MC6850
(1)       0 :                    ;;; Asynchronous Communication Interface Adapter
(1)       0 :
(1)       0 :                    ;;; Control register
(1)       0 : =DF00              ACIA_control:   equ     ACIA+0
(1)       0 :                            ;; Counter Divider Select Bits
(1)       0 : =3                 CDS_gm:         equ     %11    ; Group mask
(1)       0 : =0                 CDS_DIV1_gc:    equ     %00000000 ; /1
(1)       0 : =1                 CDS_DIV16_gc:   equ     %00000001 ; /16
(1)       0 : =2                 CDS_DIV64_gc:   equ     %00000010 ; /64
(1)       0 : =3                 CDS_RESET_gc:   equ     %00000011 ; Master Reset
(1)       0 :                            ;; Word Select Bits
(1)       0 : =1C                WSB_gm:         equ     %00011100 ; Group mask
(1)       0 : =0                 WSB_7E2_gc:     equ     %00000000 ; 7 Bits + Even Parity + 2 Stop Bits
(1)       0 : =4                 WSB_7O2_gc:     equ     %00000100 ; 7 bits + Odd Parity  + 2 Stop Bits
(1)       0 : =8                 WSB_7E1_gc:     equ     %00001000 ; 7 bits + Even Parity + 1 Stop Bits
(1)       0 : =C                 WSB_7O1_gc:     equ     %00001100 ; 7 bits + Odd Parity  + 1 Stop Bits
(1)       0 : =10                WSB_8N2_gc:     equ     %00010000 ; 8 bits + No Parity   + 2 Stop Bits
(1)       0 : =14                WSB_8N1_gc:     equ     %00010100 ; 8 bits + No Parity   + 1 Stop Bits
(1)       0 : =18                WSB_8E1_gc:     equ     %00011000 ; 8 bits + Even Parity + 1 Stop Bits
(1)       0 : =1C                WSB_8O1_gc:     equ     %00011100 ; 8 bits + Odd Parity  + 1 Stop Bits
(1)       0 :                            ;; Transmit Control Bits
(1)       0 : =60                TCB_gm:         equ     %01100000 ; Group mask
(1)       0 : =0                 TCB_DI_gc:      equ     %00000000 ; RTS=Low,  Tx Interrupt Disabled
(1)       0 : =20                TCB_EI_gc:      equ     %00100000 ; RTS=Low,  Tx Interrupt Enabled
(1)       0 : =40                TCB_RTS_gc:     equ     %01000000 ; RTS=High, Tx Interrupt Disabled
(1)       0 : =60                TCB_BREAK_gc:   equ     %01100000 ; RTS=Low,  Tx Interrupt Disabled
(1)       0 :                                                      ; Transmit Break Level
(1)       0 : =80                RIEB_bm:        equ     %10000000 ; Receive Interrupt Enable Bit mask
(1)       0 :
(1)       0 :                    ;;; Status register
(1)       0 : =DF00              ACIA_status:    equ     ACIA+0
(1)       0 : =1                 RDRF_bm:        equ     %00000001 ; Receive Data Register Full
(1)       0 : =2                 TDRE_bm:        equ     %00000010 ; Transmit Data Register Empty
(1)       0 : =4                 DCDF_bm:        equ     %00000100 ; Data Carrier Detect Flag
(1)       0 : =8                 CTSF_bm:        equ     %00001000 ; Clear To Send Flag
(1)       0 : =10                FERR_bm:        equ     %00010000 ; Frame Error Flag
(1)       0 : =20                OVRN_bm:        equ     %00100000 ; Receiver Overrun Flag
(1)       0 : =40                PERR_bm:        equ     %01000000 ; Parity Error Flag
(1)       0 : =80                IRQF_bm:        equ     %10000000 ; Interrupt Request Flag
(1)       0 :
(1)       0 :                    ;;; Data register
(1)       0 : =DF01              ACIA_data:      equ     ACIA+1          ; Data register
          0 : =94                RX_INT_TX_NO:   equ     WSB_8N1_gc|RIEB_bm
          0 : =B4                RX_INT_TX_INT:  equ     WSB_8N1_gc|RIEB_bm|TCB_EI_gc
          0 :
       2000 :                            org     $2000
       2000 :
       2000 : =80                rx_queue_size:  equ     128
       2000 :                    rx_queue:       rmb     rx_queue_size
       2080 : =80                tx_queue_size:  equ     128
       2080 :                    tx_queue:       rmb     tx_queue_size
       2100 :
       1000 :                            org     $1000
       1000 : =FFF               stack:  equ     *-1             ; MC6801's SP is post-decrement/pre-increment
       1000 :
       FFF2 :                            org     VEC_IRQ
       FFF2 : 01 E6                      fdb     isr_irq
       FFF4 :
       FFF6 :                            org     VEC_SWI
       FFF6 : FF F6                      fdb     VEC_SWI         ; for halt to system
       FFF8 :
       FFFE :                            org     VEC_RESET
       FFFE : 01 00                      fdb     initialize
      10000 :
        100 :                            org     $0100
        100 :                    initialize:
        100 : 8E 0F FF                   lds     #stack
        103 : CE 20 00                   ldx     #rx_queue
        106 : C6 80                      ldab    #rx_queue_size
        108 : BD 01 9F                   jsr     queue_init
        10B : CE 20 80                   ldx     #tx_queue
        10E : C6 80                      ldab    #tx_queue_size
        110 : BD 01 9F                   jsr     queue_init
        113 :                            ;; initialize ACIA
        113 : 86 03                      ldaa    #CDS_RESET_gc   ; master reset
        115 : B7 DF 00                   staa    ACIA_control
        118 : 86 94                      ldaa    #RX_INT_TX_NO   ; disable Tx interrupt
        11A : B7 DF 00                   staa    ACIA_control
        11D : 0E                         cli                     ; enable IRQ
        11E : 20 01                      bra     loop
        120 :
        120 :                    wait:
        120 : 3E                         wai
        121 :                    loop:
        121 : 8D 5D                      bsr     getchar
        123 : 24 FB                      bcc     wait
        125 : 4D                         tsta
        126 : 27 13                      beq     halt_to_system
        128 : 16                         tab
        129 : 8D 60                      bsr     putchar         ; echo
        12B : 86 20                      ldaa    #' '            ; space
        12D : 8D 5C                      bsr     putchar
        12F : 8D 13                      bsr     put_hex8        ; print in hex
        131 : 86 20                      ldaa    #' '            ; space
        133 : 8D 56                      bsr     putchar
        135 : 8D 2B                      bsr     put_bin8        ; print in binary
        137 : 8D 03                      bsr     newline
        139 : 20 E6                      bra     loop
        13B :                    halt_to_system:
        13B : 3F                         swi
        13C :
        13C :                    ;;; Put newline
        13C :                    ;;; @clobber A
        13C :                    newline:
        13C : 86 0D                      ldaa    #$0D
        13E : 8D 4B                      bsr     putchar
        140 : 86 0A                      ldaa    #$0A
        142 : 20 47                      bra     putchar
        144 :
        144 :                    ;;; Print uint8_t in hex
        144 :                    ;;; @param B uint8_t value to be printed in hex.
        144 :                    ;;; @clobber A
        144 :                    put_hex8:
        144 : 86 30                      ldaa    #'0'
        146 : 8D 43                      bsr     putchar
        148 : 86 78                      ldaa    #'x'
        14A : 8D 3F                      bsr     putchar
        14C : 17                         tba
        14D : 44                         lsra
        14E : 44                         lsra
        14F : 44                         lsra
        150 : 44                         lsra
        151 : 8D 01                      bsr     put_hex4
        153 : 17                         tba
        154 :                    put_hex4:
        154 : 84 0F                      anda    #$0F
        156 : 81 0A                      cmpa    #10
        158 : 25 04                      blo     put_hex8_dec
        15A : 8B 37                      adda    #'A'-10
        15C : 20 2D                      bra     putchar
        15E :                    put_hex8_dec:
        15E : 8B 30                      adda    #'0'
        160 : 20 29                      bra     putchar
        162 :
        162 :                    ;;; Print uint8_t in binary
        162 :                    ;;; @param B uint8_t value to be printed in binary.
        162 :                    ;;; @clobber A
        162 :                    put_bin8:
        162 : 37                         pshb
        163 : 86 30                      ldaa    #'0'
        165 : 8D 24                      bsr     putchar
        167 : 86 62                      ldaa    #'b'
        169 : 8D 20                      bsr     putchar
        16B : 8D 05                      bsr     put_bin4
        16D : 58                         lslb
        16E : 8D 02                      bsr     put_bin4
        170 : 33                         pulb
        171 : 39                         rts
        172 :                    put_bin4:
        172 : 8D 01                      bsr     put_bin2
        174 : 58                         lslb
        175 :                    put_bin2:
        175 : 8D 01                      bsr     put_bin1
        177 : 58                         lslb
        178 :                    put_bin1:
        178 : 86 30                      ldaa    #'0'
        17A : 5D                         tstb                    ; chech MSB
        17B : 2A 01                      bpl     put_bin0        ; MSB=0
        17D : 4C                         inca                    ; MSB=1
        17E :                    put_bin0:
        17E : 20 0B                      bra     putchar
        180 :
        180 :                    ;;; Get character
        180 :                    ;;; @return A
        180 :                    ;;; @return CC.C 0 if no character
        180 :                    getchar:
        180 : 3C                         pshx
        181 : 0F                         sei                     ; disable IRQ
        182 : CE 20 00                   ldx     #rx_queue
        185 : BD 01 CA                   jsr     queue_remove
        188 : 0E                         cli
        189 : 38                         pulx
        18A : 39                         rts
        18B :
        18B :                    ;;; Put character
        18B :                    ;;; @param A
        18B :                    putchar:
        18B : 36                         psha
        18C : 3C                         pshx
        18D : CE 20 80                   ldx     #tx_queue
        190 :                    putchar_retry:
        190 : 0F                         sei                     ; disable IRQ
        191 : BD 01 AE                   jsr     queue_add
        194 : 0E                         cli                     ; enable IRQ
        195 : 24 F9                      bcc     putchar_retry   ; branch if queue is full
        197 : 86 B4                      ldaa    #RX_INT_TX_INT  ; enable Tx interrupt
        199 : B7 DF 00                   staa    ACIA_control
        19C : 38                         pulx
        19D : 32                         pula
        19E : 39                         rts
        19F :
        19F :                            include "queue.inc"
(1)     19F :                    ;;; [queue] queue structure
(1)     19F : =0                 queue_len:      equ     0       ; queue length
(1)     19F : =1                 queue_size:     equ     1       ; buffer size
(1)     19F : =2                 queue_put:      equ     2       ; queue put index
(1)     19F : =3                 queue_get:      equ     3       ; queue get index
(1)     19F : =4                 queue_buf:      equ     4       ; buffer start offset
(1)     19F :
(1)     19F :                    ;;; [queue] Initialize queue
(1)     19F :                    ;;; @param X queue work space pointer
(1)     19F :                    ;;; @param B queue work space size
(1)     19F :                    ;;; @clobber B
(1)     19F :                    queue_init:
(1)     19F : 37                         pshb
(1)     1A0 : 3C                         pshx
(1)     1A1 :                    queue_init_loop:
(1)     1A1 : 6F 00                      clr     0,x
(1)     1A3 : 08                         inx
(1)     1A4 : 5A                         decb
(1)     1A5 : 26 FA                      bne     queue_init_loop
(1)     1A7 : 38                         pulx
(1)     1A8 : 33                         pulb
(1)     1A9 : C0 04                      subb    #queue_buf
(1)     1AB : E7 01                      stab    queue_size,x
(1)     1AD : 39                         rts
(1)     1AE :
(1)     1AE :                    ;;; [queue] Add an element to queue
(1)     1AE :                    ;;; @param X queue work space pointer
(1)     1AE :                    ;;; @param A an element
(1)     1AE :                    ;;; @return CC.C 0 if queue is full
(1)     1AE :                    queue_add:
(1)     1AE : 37                 	pshb
(1)     1AF : E6 00                      ldab    queue_len,x
(1)     1B1 : E1 01                      cmpb    queue_size,x
(1)     1B3 : 24 13                      bhs     queue_add_return ; carry is cleared
(1)     1B5 : E6 02                      ldab    queue_put,x     ; 8 bits offset
(1)     1B7 : 3C                         pshx
(1)     1B8 : 3A                         abx                     ; X+=B
(1)     1B9 : A7 04                      staa    queue_buf,x     ; store an element
(1)     1BB : 38                         pulx
(1)     1BC : 6C 00                      inc     queue_len,x
(1)     1BE : 5C                         incb
(1)     1BF : E7 02                      stab    queue_put,x
(1)     1C1 : E1 01                      cmpb    queue_size,x
(1)     1C3 : 25 03                      blo     queue_add_return ; carry is set
(1)     1C5 : 6F 02                      clr     queue_put,x
(1)     1C7 : 0D                         sec                     ; set carry
(1)     1C8 :                    queue_add_return:
(1)     1C8 : 33                 	pulb
(1)     1C9 : 39                         rts
(1)     1CA :
(1)     1CA :                    ;;; [queue] Remove an element from queue
(1)     1CA :                    ;;; @param X queue work space pointer
(1)     1CA :                    ;;; @return A an element
(1)     1CA :                    ;;; @return CC.C 0 if queue is empty
(1)     1CA :                    queue_remove:
(1)     1CA : 6D 00                      tst     queue_len,x
(1)     1CC : 26 02                      bne     queue_remove_elem
(1)     1CE : 0C                         clc                     ; clear carry
(1)     1CF : 39                         rts
(1)     1D0 :                    queue_remove_elem
(1)     1D0 : 37                 	pshb
(1)     1D1 : E6 03                      ldab    queue_get,x     ; 8 bits offset
(1)     1D3 : 3C                         pshx
(1)     1D4 : 3A                         abx                     ; X+=B
(1)     1D5 : A6 04                      ldaa    queue_buf,x     ; read an element
(1)     1D7 : 38                         pulx
(1)     1D8 : 6A 00                      dec     queue_len,x
(1)     1DA : 5C                         incb
(1)     1DB : E7 03                      stab    queue_get,x
(1)     1DD : E1 01                      cmpb    queue_size,x
(1)     1DF : 25 03                      blo     queue_remove_return ; carry is set
(1)     1E1 : 6F 03                      clr     queue_get,x
(1)     1E3 : 0D                         sec                     ; set carry
(1)     1E4 :                    queue_remove_return:
(1)     1E4 : 33                         pulb
(1)     1E5 : 39                         rts
(1)     1E6 :
(1)     1E6 :                    ;;; Local Variables:
(1)     1E6 :                    ;;; mode: asm
(1)     1E6 :                    ;;; End:
(1)     1E6 :                    ;;; vim: set ft=asm et ts=4 sw=4:
        1E6 :
        1E6 :                    isr_irq:
        1E6 : F6 DF 00                   ldab    ACIA_status
        1E9 : C5 80                      bitb    #IRQF_bm
        1EB : 27 1C                      beq     isr_irq_exit
        1ED : C5 01                      bitb    #RDRF_bm
        1EF : 27 09                      beq     isr_irq_send
        1F1 : B6 DF 01                   ldaa    ACIA_data       ; receive character
        1F4 : CE 20 00                   ldx     #rx_queue
        1F7 : BD 01 AE                   jsr     queue_add
        1FA :                    isr_irq_send:
        1FA : C5 02                      bitb    #TDRE_bm
        1FC : 27 0B                      beq     isr_irq_exit
        1FE : CE 20 80                   ldx     #tx_queue
        201 : BD 01 CA                   jsr     queue_remove
        204 : 24 04                      bcc     isr_irq_send_empty
        206 : B7 DF 01                   staa    ACIA_data       ; send character
        209 :                    isr_irq_exit:
        209 : 3B                         rti
        20A :                    isr_irq_send_empty:
        20A : 86 94                      ldaa    #RX_INT_TX_NO
        20C : B7 DF 00                   staa    ACIA_control    ; disable Tx interrupt
        20F : 3B                         rti
