          0 :                            cpu     68hc11
          0 :                            include "mc68hc11.inc"
(1)       0 :                    ;;; -*- mode: asm; mode: flyspell-prog; -*-
(1)       0 :                    ;;; MC68HC11
(1)       0 :                    ;;; Condition Code Register (CC)
(1)       0 : =1                 CC_CARRY      equ  %00000001   ; set to 1 if carry occurred
(1)       0 : =2                 CC_OVERFLOW   equ  %00000010   ; set to 1 if overflow occurred
(1)       0 : =4                 CC_ZERO       equ  %00000100   ; set to 1 if result is zero
(1)       0 : =8                 CC_NEGATIVE   equ  %00001000   ; set to 1 if result is negative
(1)       0 : =10                CC_IRQ        equ  %00010000   ; if 1, IRQ is masked
(1)       0 : =20                CC_HALF_CARRY equ  %00100000   ; if 1, decimal carry from least digit occurred
(1)       0 : =40                CC_XIRQ       equ  %01000000   ; if 1, XIRQ is masked
(1)       0 : =80                CC_STOP       equ  %10000000   ; if 1, STOP instruction is disabled
(1)       0 :
(1)       0 :                    ;;; Vector
(1)       0 : =FFF2              VEC_IRQ:        equ     $FFF2  ; $FFF2: #IRQ 
(1)       0 : =FFF4              VEC_XIRQ:       equ     $FFF4  ; $FFF4: #XIRQ
(1)       0 : =FFF6              VEC_SWI:        equ     $FFF6  ; $FFF6: Software Interrupt
(1)       0 : =FFF8              VEC_ILOP:       equ     $FFF8  ; $FFF8: Illegal Opecode Trap
(1)       0 : =FFFA              VEC_COP:        equ     $FFFA  ; $FFFA: COP (Watchdog) Failure
(1)       0 : =FFFC              VEC_CMF:        equ     $FFFC  ; $FFFC: Clock Monitor Fail
(1)       0 : =FFFE              VEC_RESET:      equ     $FFFE  ; $FFFE: Reset
          0 :
       FFF6 :                            org     VEC_SWI
       FFF6 : FF F6                      fdb     VEC_SWI         ; for halt to system
       FFF8 :
       FFFE :                            org     VEC_RESET
       FFFE : 10 00                      fdb     main
      10000 :
       1000 :                            org     $1000
       1000 :                    main:
       1000 : 8E 0F FF                   lds     #main-1
       1003 : 8D 01                      bsr     mc68xx
       1005 : 3F                         swi
       1006 :
       1006 :                            include "mc68xx.inc"
(1)    1006 :                    ;;; -*- mode: asm; mode: flyspell-prog; -*-
(1)    1006 :                            cpu     6800
(1)    1006 :                    mc68xx:
(1)    1006 : CE 55 AA                   ldx     #$55AA
(1)    1009 : C6 64                      ldab    #100
(1)    100B : 86 05                      ldaa    #5
(1)    100D : 8B 05                      adda    #5
(1)    100F : 18                         fcb     $18
(1)    1010 :                            ;; DAA  ($19) on MC6800
(1)    1010 :                            ;; ABA  ($1B) on MC6801
(1)    1010 :                            ;; XGDX ($18) on HD6301
(1)    1010 :                            ;; prefix     on MC68HC11
(1)    1010 : 08                         fcb     $08
(1)    1011 :                            ;; INX  ($08) on MC6800/MC6801/HD6301
(1)    1011 :                            ;; INY  ($08) on MC68HC11
(1)    1011 :                    ;;; MC6800:   A=$10, X=$55AB
(1)    1011 :                    ;;; MC6801:   A=110, X=$55AB
(1)    1011 :                    ;;; HD6301:   A=$55, X=$0A65
(1)    1011 :                    ;;; MC68HC11: A=10,  X=$55AA
(1)    1011 : 81 0A                      cmpa    #10
(1)    1013 : 27 20                      beq     __mc68hc11
(1)    1015 : 81 6E                      cmpa    #110
(1)    1017 : 27 18                      beq     __mc6801
(1)    1019 : 81 55                      cmpa    #$55
(1)    101B : 27 10                      beq     __hd6301
(1)    101D : CE FF FF                   ldx     #$FFFF
(1)    1020 : EC 01                      fcb     $EC, $01
(1)    1022 :                            ;; CPX 1,X on MC6800
(1)    1022 :                            ;; ADX #1  on MB8861
(1)    1022 :                    ;;; MC6800: X=$FFFF
(1)    1022 :                    ;;; MB8861: X=$0000
(1)    1022 : 08                         inx
(1)    1023 : 26 04                      bne     __mb8861
(1)    1025 :                    __mc6800:
(1)    1025 : CE 68 00                   ldx     #$6800
(1)    1028 : 39                         rts
(1)    1029 :                    __mb8861:
(1)    1029 : CE 88 61                   ldx     #$8861
(1)    102C : 39                         rts
(1)    102D :                    __hd6301:
(1)    102D : CE 63 01                   ldx     #$6301
(1)    1030 : 39                         rts
(1)    1031 :                    __mc6801:
(1)    1031 : CE 68 01                   ldx     #$6801
(1)    1034 : 39                         rts
(1)    1035 :                    __mc68hc11:
(1)    1035 : CE 68 11                   ldx     #$6811
(1)    1038 : 39                         rts
