          0 :                    ;;; -*- mode: asm; mode: flyspell-prog; -*-
          0 :                            cpu     65816
          0 :                            .include "w65c816.inc"
(1)       0 :                    ;;; -*- mode: asm; mode: flyspell-prog; -*-
(1)       0 :
(1)       0 :                            .include "mos6502.inc"
(2)       0 :                    ;;; -*- mode: asm; mode: flyspell-prog; -*-
(2)       0 :
(2)       0 :                    ;;; MOS6502
(2)       0 :                    ;;; Processor Status Register P
(2)       0 : =1                 P_CARRY         =       %00000001   ; set to 1 if carry occurred
(2)       0 : =2                 P_ZERO          =       %00000010   ; set to 1 if result is zero
(2)       0 : =4                 P_IRQ           =       %00000100   ; if 1, IRQ is disabled
(2)       0 : =8                 P_DECIMAL       =       %00001000   ; if 1, decimal mode
(2)       0 : =10                P_BRK           =       %00010000   ; if 1, BRK command
(2)       0 : =2                 P_OVERFLOW      =       %00000010   ; set to 1 if overflow occurred
(2)       0 : =8                 P_NEGATIVE      =       %00001000   ; set to 1 if result is negative
(2)       0 :
(2)       0 :                    ;;; Vector
(2)       0 : =FFFA              VEC_NMI         =       $FFFA  ; $FFFA: Non Maskable Interrupt
(2)       0 : =FFFC              VEC_RESET       =       $FFFC  ; $FFFE: Reset
(2)       0 : =FFFE              VEC_IRQ         =       $FFFE  ; $FFFE: Interrupt Request and BRK command
(1)       0 :
(1)       0 :                    ;;; W65C816S
(1)       0 :                    ;;; Processor Status Register P
(1)       0 : =10                P_X     =       %00010000       ; if 0, X and Y are 16 bit.
(1)       0 : =20                P_M     =       %00100000       ; if 0, A is 16 bit.
(1)       0 :
(1)       0 :                    ;;; Emulation Mode Vector Locations
(1)       0 : =FFF8              VEC_ABORT       =       $FFF8   ; $FFF8: Abort
(1)       0 : =FFF4              VEC_COP         =       $FFF4   ; $FFF4: COP command
(1)       0 :
(1)       0 :                    ;;; Native Mode Vector Locations
(1)       0 : =FFEE              NVEC_IRQ        =       $FFEE   ; $FFEE: Interrupt Request
(1)       0 : =FFEA              NVEC_NMI        =       $FFEA   ; $FFEA: Non Maskable Interrupt
(1)       0 : =FFE8              NVEC_ABORT      =       $FFE8   ; $FFE8: Abort
(1)       0 : =FFE6              NVEC_BRK        =       $FFE6   ; $FFE6: BRK command
(1)       0 : =FFE4              NVEC_COP        =       $FFE4   ; $FFE4: COP command
          0 :
          0 :                    ;;; MC6850 Asynchronous Communication Interface Adapter
          0 : =DF00              ACIA    =       $DF00
          0 :                            .include "mc6850.inc"
(1)       0 :                    ;;; -*- mode: asm; mode: flyspell-prog; -*-
(1)       0 :
(1)       0 :                    ;;; MC6850
(1)       0 :                    ;;; Asynchronous Communication Interface Adapter
(1)       0 :
(1)       0 :                    ;;; Control register
(1)       0 : =DF00              ACIA_control    =       ACIA+0
(1)       0 :                            ;; Counter Divider Select Bits
(1)       0 : =3                 CDS_gm          =       %11    ; Group mask
(1)       0 : =0                 CDS_DIV1_gc     =       %00000000 ; /1
(1)       0 : =1                 CDS_DIV16_gc    =       %00000001 ; /16
(1)       0 : =2                 CDS_DIV64_gc    =       %00000010 ; /64
(1)       0 : =3                 CDS_RESET_gc    =       %00000011 ; Master Reset
(1)       0 :                            ;; Word Select Bits
(1)       0 : =1C                WSB_gm          =       %00011100 ; Group mask
(1)       0 : =0                 WSB_7E2_gc      =       %00000000 ; 7 Bits + Even Parity + 2 Stop Bits
(1)       0 : =4                 WSB_7O2_gc      =       %00000100 ; 7 bits + Odd Parity  + 2 Stop Bits
(1)       0 : =8                 WSB_7E1_gc      =       %00001000 ; 7 bits + Even Parity + 1 Stop Bits
(1)       0 : =C                 WSB_7O1_gc      =       %00001100 ; 7 bits + Odd Parity  + 1 Stop Bits
(1)       0 : =10                WSB_8N2_gc      =       %00010000 ; 8 bits + No Parity   + 2 Stop Bits
(1)       0 : =14                WSB_8N1_gc      =       %00010100 ; 8 bits + No Parity   + 1 Stop Bits
(1)       0 : =18                WSB_8E1_gc      =       %00011000 ; 8 bits + Even Parity + 1 Stop Bits
(1)       0 : =1C                WSB_8O1_gc      =       %00011100 ; 8 bits + Odd Parity  + 1 Stop Bits
(1)       0 :                            ;; Transmit Control Bits
(1)       0 : =60                TCB_gm          =       %01100000 ; Group mask
(1)       0 : =0                 TCB_DI_gc       =       %00000000 ; RTS=Low,  Tx Interrupt Disabled
(1)       0 : =20                TCB_EI_gc       =       %00100000 ; RTS=Low,  Tx Interrupt Enabled
(1)       0 : =40                TCB_RTS_gc      =       %01000000 ; RTS=High, Tx Interrupt Disabled
(1)       0 : =60                TCB_BREAK_gc    =       %01100000 ; RTS=Low,  Tx Interrupt Disabled
(1)       0 :                                                      ; Transmit Break Level
(1)       0 : =80                RIEB_bm         =       %10000000 ; Receive Interrupt Enable Bit mask
(1)       0 :
(1)       0 :                    ;;; Status register
(1)       0 : =DF00              ACIA_status     =       ACIA+0
(1)       0 : =1                 RDRF_bm         =       %00000001 ; Receive Data Register Full
(1)       0 : =2                 TDRE_bm         =       %00000010 ; Transmit Data Register Empty
(1)       0 : =4                 DCDF_bm         =       %00000100 ; Data Carrier Detect Flag
(1)       0 : =8                 CTSF_bm         =       %00001000 ; Clear To Send Flag
(1)       0 : =10                FERR_bm         =       %00010000 ; Frame Error Flag
(1)       0 : =20                OVRN_bm         =       %00100000 ; Receiver Overrun Flag
(1)       0 : =40                PERR_bm         =       %01000000 ; Parity Error Flag
(1)       0 : =80                IRQF_bm         =       %10000000 ; Interrupt Request Flag
(1)       0 :
(1)       0 :                    ;;; Data register
(1)       0 : =DF01              ACIA_data       =       ACIA+1          ; Data register
          0 :
       1000 :                            *=      $1000
       1000 : =FFF               stack   =       *-1
       1000 :                    initialize:
       1000 : 18                         clc
       1001 : FB                         xce                     ; native mode
       1002 : C2 10                      rep     #P_X            ; 16-bit index
       1004 :                            longi   on
       1004 : A2 FF 0F                   ldx     #stack
       1007 : 9A                         txs
       1008 : D8                         cld                     ; clear decimal flag
       1009 : A9 03                      lda     #CDS_RESET_gc   ; Master reset
       100B : 8D 00 DF                   sta     ACIA_control
       100E : A9 14                      lda     #WSB_8N1_gc     ; 8 bits + No Parity + 1 Stop Bits
       1010 :                                                    ; Transmit, Receive interrupts disabled
       1010 : 8D 00 DF                   sta     ACIA_control
       1013 :
       1013 :                    loop:
       1013 : 20 2A 10                   jsr     getchar
       1016 : 09 00                      ora     #0
       1018 : F0 0E                      beq     halt_to_system
       101A : 20 39 10                   jsr     putchar
       101D : C9 0D                      cmp     #$0D
       101F : D0 F2                      bne     loop
       1021 : A9 0A                      lda     #$0A
       1023 : 20 39 10                   jsr     putchar
       1026 : 80 EB                      bra     loop
       1028 :                    halt_to_system:
       1028 : 00                         brk
       1029 : 00                         .byte     0             ; halt to system
       102A :
       102A :                    getchar:
       102A : 08                         php
       102B : E2 20                      sep     #P_M            ; 8-bit memory
       102D :                    getchar_loop:
       102D : AD 00 DF                   lda     ACIA_status
       1030 : 29 01                      and     #RDRF_bm
       1032 : F0 F9                      beq     getchar_loop
       1034 : AD 01 DF                   lda     ACIA_data
       1037 : 28                         plp
       1038 : 60                         rts
       1039 :
       1039 :                    putchar:
       1039 : 08                         php
       103A : E2 20                      sep     #P_M            ; 8-bit memory
       103C : 48                         pha
       103D :                    putchar_loop:
       103D : AD 00 DF                   lda     ACIA_status
       1040 : 29 02                      and     #TDRE_bm
       1042 : F0 F9                      beq     putchar_loop
       1044 : 68                         pla
       1045 : 8D 01 DF                   sta     ACIA_data
       1048 : 28                         plp
       1049 : 60                         rts
       104A :
       FFFC :                            *=      VEC_RESET
       FFFC : 00 10                      .word   initialize
