   0:                                CPU   6801
   0:                                INCLUDE               "mc6801.inc"
   0:                ;;; -*- mode: asm; mode: flyspell-prog; -*-
   0:
   0:                ;;; MC6801/MC6803
   0:                ;;; Condition Code Register (CC)
   0: =$1            CC_CARRY        EQU   %00000001       ; set to 1 if carry occurred
   0: =$2            CC_OVERFLOW     EQU   %00000010       ; set to 1 if overflow occurred
   0: =$4            CC_ZERO         EQU   %00000100       ; set to 1 if result is zero
   0: =$8            CC_NEGATIVE     EQU   %00001000       ; set to 1 if result is negative
   0: =$10           CC_IRQ          EQU   %00010000       ; if 1, IRQ is masked
   0: =$20           CC_HALF_CARRY   EQU   %00100000       ; if 1, decimal carry from least digit occurred
   0:
   0:                ;;; Internal Register Area
   0:                                ORG   $00
   0:                DDR1:           RMB   1               ; $00: Port 1 Data Direction Register
   1:                DDR2:           RMB   1               ; $01: Port 2 Data Direction Register
   2:                PORT1:          RMB   1               ; $02: Port 1 Data Register
   3:                PORT2:          RMB   1               ; $03: Port 2 Data Register
   4:                DDR3:           RMB   1               ; $04: Port 3 Data Direction Register
   5:                DDR4:           RMB   1               ; $05: Port 4 Data Direction Register
   6:                PORT3:          RMB   1               ; $06: Port 3 Data Register
   7:                PORT4:          RMB   1               ; $07: Port 4 Data Register
   8:                TCSR:           RMB   1               ; $08: Timer Control and Status Register
   9:                TCNT:           RMB   2               ; $09: Timer Counter
   B:                TOCR:           RMB   2               ; $0B: Output Compare Register
   D:                TCAP:           RMB   2               ; $0D: Input Capture Register
   F:                P3CSR:          RMB   1               ; $0F: Port 3 Control and Status Register
  10:                RMCR:           RMB   1               ; $10: Rate and Mode Control Registers
  11:                TRCSR:          RMB   1               ; $11: Transmit Receive Control and Status Register
  12:                SCRDR:          RMB   1               ; $12: Receiver Data Register
  13:                SCTDR:          RMB   1               ; $13: Transmit Data Register
  14:                RAMCR:          RMB   1               ; $14: RAM Control Register
  15:                                RMB   11              ; $15-$1F: Reserved
  20: =$20           end_IRA:        EQU   *               ; end of internal register area
  20:
  20:                ;;; Port 2 Data Register
  20: =$E0           PC_gm:          EQU   %11100000       ; PC group mask
  20: =$5            PC_gp:          EQU   5               ; PC group position
  20: =$20           PC0_bm:         EQU   %00100000       ; PC0
  20: =$40           PC1_bm:         EQU   %01000000       ; PC1
  20: =$80           PC2_bm:         EQU   %10000000       ; PC2
  20:
  20:                ;;; Port 3 Control and Status Register
  20: =$8            P3_LATCH_bm:    EQU   %00001000       ; Latch Enable
  20: =$10           P3_OSS_bm:      EQU   %00010000       ; Output Strobe Select
  20: =$40           P3_IS3IE_bm:    EQU   %01000000       ; IS3 IRQ1 Enable
  20: =$80           P3_IS3F_bm:     EQU   %10000000       ; IS3 Flag
  20:
  20:                ;;; RAM Control Register
  20: =$40           RAME_bm:        EQU   %01000000       ; RAM Enable
  20: =$80           STBY_PWR_bm:    EQU   %10000000       ; Standby Power status
  20:
  20:                ;;; Timer Control and Status Register
  20: =$1            TCSR_OLVL_bm:   EQU   %00000001       ; Output Level
  20: =$2            TCSR_IEDG_bm:   EQU   %00000010       ; Input Edge. 0=negative/1=positive
  20: =$4            TCSR_ETOI_bm:   EQU   %00000100       ; Enable Timer Overflow Interrupt for IRQ2
  20: =$8            TCSR_EOCI_bm:   EQU   %00001000       ; Enable Output Compare Interrupt for IRQ2
  20: =$10           TCSR_EICI_bm:   EQU   %00010000       ; Enable Input Capture Interrupt for IRQ2
  20: =$20           TCSR_TOF_bm:    EQU   %00100000       ; Timer Overflow Flag
  20: =$40           TCSR_OCF_bm:    EQU   %01000000       ; Output Compare Flag
  20: =$80           TCSR_ICF_bm:    EQU   %10000000       ; Input Capture Flag
  20:
  20:                ;;; Serial Communication Interface
  20:                ;;; Rate and Mode Control Registers
  20:                ;; Speed Select
  20: =$3            SS_gm:          EQU   %00000011       ; Group mask
  20: =$0            SS_DIV16_gc:    EQU   %00000000       ; E/16
  20: =$1            SS_DIV128_gc:   EQU   %00000001       ; E/128
  20: =$2            SS_DIV1024_gc:  EQU   %00000010       ; E/1024
  20: =$3            SS_DIV4096_gc:  EQU   %00000011       ; E/4096
  20:                ;; Clock Control and Format Select
  20: =$C            CCFS_gm:        EQU   %00001100       ; Group mask
  20: =$0            CCFS_BIPH_gc:   EQU   %00000000       ; Bi-Phase
  20: =$4            CCFS_NRZ_gc:    EQU   %00000100       ; NRZ
  20: =$8            CCFS_NRZO_gc:   EQU   %00001000       ; NRZ P22=Clock Output
  20: =$C            CCFS_NRZI_gc:   EQU   %00001100       ; NRZ P22=Clock Input
  20:                ;;; Transmit/Receive Control and Status Register
  20: =$1            TRCSR_WU_bm:    EQU   %00000001       ; Wake-up on idle line
  20: =$2            TRCSR_TE_bm:    EQU   %00000010       ; Transmit Enable; if set, P24 is output
  20: =$4            TRCSR_TIE_bm:   EQU   %00000100       ; Transmit Interrupt Enable for IRQ2
  20: =$8            TRCSR_RE_bm:    EQU   %00001000       ; Receiver Enable; if set, P23 is input
  20: =$10           TRCSR_RIE_bm:   EQU   %00010000       ; Receiver Interrupt Enable for IRQ2
  20: =$20           TRCSR_TDRE_bm:  EQU   %00100000       ; Transmit Data Register Empty
  20: =$40           TRCSR_ORFE_bm:  EQU   %01000000       ; Overrun Framing Error
  20: =$80           TRCSR_RDRF_bm:  EQU   %10000000       ; Receive Data Register Full
  20:
  20:                ;;; Vector
FFF0:                                ORG   $FFF0
FFF0:                VEC_SCI:        RMB   2               ; $FFF0: SCI Interrupt (TDRE+RDRF+ORFE)
FFF2:                VEC_TOF:        RMB   2               ; $FFF2: Timer Overflow Interrupt
FFF4:                VEC_OCF:        RMB   2               ; $FFF4: Output Compare Interrupt
FFF6:                VEC_ICF:        RMB   2               ; $FFF6: Input Capture Interrupt
FFF8:                VEC_IRQ1:       RMB   2               ; $FFF8: Maskable Interrupt Request 1
FFFA:                VEC_SWI:        RMB   2               ; $FFFA: Software Interrupt
FFFC:                VEC_NMI:        RMB   2               ; $FFFC: Non Maskable Interrupt
FFFE:                VEC_RESET:      RMB   2               ; $FFFE: Reset
   0:
   0:                ;;; MC6850 Asynchronous Communication Interface Adapter
   0: =$DF00         ACIA:           EQU   $DF00
   0:                                INCLUDE               "mc6850.inc"
   0:                ;;; -*- mode: asm; mode: flyspell-prog; -*-
   0:
   0:                ;;; MC6850
   0:                ;;; Asynchronous Communication Interface Adapter
   0:
   0:                ;;; Control register
   0: =$DF00         ACIA_control:   EQU   ACIA+0
   0:                ;; Counter Divider Select Bits
   0: =$3            CDS_gm:         EQU   %11             ; Group mask
   0: =$0            CDS_DIV1_gc:    EQU   %00000000       ; /1
   0: =$1            CDS_DIV16_gc:   EQU   %00000001       ; /16
   0: =$2            CDS_DIV64_gc:   EQU   %00000010       ; /64
   0: =$3            CDS_RESET_gc:   EQU   %00000011       ; Master Reset
   0:                ;; Word Select Bits
   0: =$1C           WSB_gm:         EQU   %00011100       ; Group mask
   0: =$0            WSB_7E2_gc:     EQU   %00000000       ; 7 Bits + Even Parity + 2 Stop Bits
   0: =$4            WSB_7O2_gc:     EQU   %00000100       ; 7 bits + Odd Parity  + 2 Stop Bits
   0: =$8            WSB_7E1_gc:     EQU   %00001000       ; 7 bits + Even Parity + 1 Stop Bits
   0: =$C            WSB_7O1_gc:     EQU   %00001100       ; 7 bits + Odd Parity  + 1 Stop Bits
   0: =$10           WSB_8N2_gc:     EQU   %00010000       ; 8 bits + No Parity   + 2 Stop Bits
   0: =$14           WSB_8N1_gc:     EQU   %00010100       ; 8 bits + No Parity   + 1 Stop Bits
   0: =$18           WSB_8E1_gc:     EQU   %00011000       ; 8 bits + Even Parity + 1 Stop Bits
   0: =$1C           WSB_8O1_gc:     EQU   %00011100       ; 8 bits + Odd Parity  + 1 Stop Bits
   0:                ;; Transmit Control Bits
   0: =$60           TCB_gm:         EQU   %01100000       ; Group mask
   0: =$0            TCB_DI_gc:      EQU   %00000000       ; RTS=Low,  Tx Interrupt Disabled
   0: =$20           TCB_EI_gc:      EQU   %00100000       ; RTS=Low,  Tx Interrupt Enabled
   0: =$40           TCB_RTS_gc:     EQU   %01000000       ; RTS=High, Tx Interrupt Disabled
   0: =$60           TCB_BREAK_gc:   EQU   %01100000       ; RTS=Low,  Tx Interrupt Disabled
   0:                ; Transmit Break Level
   0: =$80           RIEB_bm:        EQU   %10000000       ; Receive Interrupt Enable Bit mask
   0:
   0:                ;;; Status register
   0: =$DF00         ACIA_status:    EQU   ACIA+0
   0: =$1            RDRF_bm:        EQU   %00000001       ; Receive Data Register Full
   0: =$2            TDRE_bm:        EQU   %00000010       ; Transmit Data Register Empty
   0: =$4            DCDF_bm:        EQU   %00000100       ; Data Carrier Detect Flag
   0: =$8            CTSF_bm:        EQU   %00001000       ; Clear To Send Flag
   0: =$10           FERR_bm:        EQU   %00010000       ; Frame Error Flag
   0: =$20           OVRN_bm:        EQU   %00100000       ; Receiver Overrun Flag
   0: =$40           PERR_bm:        EQU   %01000000       ; Parity Error Flag
   0: =$80           IRQF_bm:        EQU   %10000000       ; Interrupt Request Flag
   0:
   0:                ;;; Data register
   0: =$DF01         ACIA_data:      EQU   ACIA+1          ; Data register
   0:
1000:                                ORG   $1000
1000: =$FFF          stack:          EQU   *-1             ; MC6801's SP is post-decrement/pre-increment
1000:
1000:                                ORG   $1000
1000:                initialize:
1000: 8E 0F FF                       LDS   #stack
1003: 86 03                          LDAA  #CDS_RESET_gc   ; Master reset
1005: B7 DF 00                       STAA  ACIA_control
1008: 86 14                          LDAA  #WSB_8N1_gc     ; 8 bits + No Parity + 1 Stop Bits
100A:                ; Transmit, Receive interrupts disabled
100A: B7 DF 00                       STAA  ACIA_control
100D:
100D:                receive_loop:
100D: B6 DF 00                       LDAA  ACIA_status
1010: 85 01                          BITA  #RDRF_bm
1012: 27 F9                          BEQ   receive_loop
1014:                receive_data:
1014: F6 DF 01                       LDAB  ACIA_data
1017:                transmit_loop:
1017: B6 DF 00                       LDAA  ACIA_status
101A: 85 02                          BITA  #TDRE_bm
101C: 27 F9                          BEQ   transmit_loop
101E:                transmit_data:
101E: F7 DF 01                       STAB  ACIA_data
1021: C1 0D                          CMPB  #$0d
1023: 26 E8                          BNE   receive_loop
1025: C6 0A                          LDAB  #$0a
1027: 20 EE                          BRA   transmit_loop
1029:
FFFE:                                ORG   VEC_RESET
FFFE: 10 00                          FDB   initialize
