          0 :                    ;;; -*- mode: asm; mode: flyspell-prog; -*-
          0 :                            cpu     z86c
          0 :                            option  "reg-alias", "disable"
          0 :
          0 :                            include "z8.inc"
(1)       0 :                    ;;; -*- mode: asm; mode: flyspell-prog; -*-
(1)       0 :                    ;;; Z8
(1)       0 : =FC                FLAGS:  equ     252               ; R/W: Flags register
(1)       0 : =80                F_CARRY:        equ     %(2)10000000 ; set to 1 if carry
(1)       0 : =40                F_ZERO:         equ     %(2)01000000 ; set to 1 if zero
(1)       0 : =20                F_SIGN:         equ     %(2)00100000 ; set to 1 if negative
(1)       0 : =10                F_OVERFLOW:     equ     %(2)00010000 ; set to 1 if overflow
(1)       0 : =8                 F_DECIMAL_ADJ:  equ     %(2)00001000 ; decimal adjust
(1)       0 : =4                 F_HALF_CARRY:   equ     %(2)00000100 ; set to 1 if carry from bit-3
(1)       0 : =2                 F_USER2:        equ     %(2)00000010 ; User flag F2
(1)       0 : =1                 F_USER1:        equ     %(2)00000001 ; User flah F1
(1)       0 :                    ;;; Interrupt vectors
(1)       0 : =0                 VEC_IRQ0:       equ     %0000   ; IRQ0
(1)       0 : =2                 VEC_IRQ1:       equ     %0002   ; IRQ1
(1)       0 : =4                 VEC_IRQ2:       equ     %0004   ; IRQ2/Tin
(1)       0 : =6                 VEC_IRQ3:       equ     %0006   ; IRQ3/Serial in
(1)       0 : =8                 VEC_IRQ4:       equ     %0008   ; IRQ4/Serial out/T0
(1)       0 : =A                 VEC_IRQ5:       equ     %000A   ; IRQ5/T1
(1)       0 :                    ;;; Reset origin
(1)       0 : =C                 ORG_RESET:      equ     %000C   ; RESET
(1)       0 :                    ;;; I/O Ports
(1)       0 : =2                 PORT2:          equ     2       ; Port 2
(1)       0 : =3                 PORT3:          equ     3       ; Port 3
(1)       0 : =F7                P3M:            equ     247       ; W/O: Port 3 Mode Register
(1)       0 : =80                P3M_PARITY:     equ     %(2)10000000 ; 1=Parity on
(1)       0 : =40                P3M_SERIAL:     equ     %(2)01000000 ; 1=P30 is serial in, P37 is serial out
(1)       0 : =1                 P3M_P2PUSHPULL: equ     %(2)00000001 ; 1=Port 2 is push-pull, 0=open drain
(1)       0 : =F6                P2M:            equ     246       ; W/O: Port 2 Mode Register, 0=output, 1=input
(1)       0 : =F8                P01M:           equ     248       ; W/O: Port 0 and 1 Mode Register
(1)       0 : =82                P01M_P0ADDR:    equ     %(2)10000010 ; Port 0 is A8~A15
(1)       0 : =10                P01M_P1DATA:    equ     %(2)00010000 ; Port 1 is AD0~AD7
(1)       0 : =4                 P01M_INTERNAL:  equ     %(2)00000100 ; Stack is on internal memory
(1)       0 :                    ;;; Interrupt
(1)       0 : =F9                IPR:    equ     249             ; W/O: Interrupt Priority
(1)       0 : =1                 IPR_CAB:        equ     %(2)000001 ; C > A > B
(1)       0 : =8                 IPR_ABC:        equ     %(2)001000 ; A > B > C
(1)       0 : =9                 IPR_ACB:        equ     %(2)001001 ; A > C > B
(1)       0 : =10                IPR_BCA:        equ     %(2)010000 ; B > C > A
(1)       0 : =11                IPR_CBA:        equ     %(2)010001 ; C > B > A
(1)       0 : =18                IPR_BAC:        equ     %(2)011000 ; B > A > C
(1)       0 : =0                 IPR_A53:        equ     %(2)000000 ; A: IRQ5 > IRQ3
(1)       0 : =20                IPR_A35:        equ     %(2)100000 ; A: IRQ3 > IRQ5
(1)       0 : =0                 IPR_B20:        equ     %(2)000000 ; B: IRQ2 > IRQ0
(1)       0 : =4                 IPR_B02:        equ     %(2)000100 ; B: IRQ0 > IRQ2
(1)       0 : =0                 IPR_C14:        equ     %(2)000000 ; C: IRQ0 > IRQ4
(1)       0 : =2                 IPR_C41:        equ     %(2)000010 ; C: IRQ4 > IRQ0
(1)       0 : =FB                IMR:    equ     251             ; R/W: Interrupt Mask
(1)       0 : =80                IMR_ENABLE:     equ     %(2)10000000 ; Interrupt enable
(1)       0 : =1                 IMR_IRQ0:       equ     (1 SHL 0)
(1)       0 : =2                 IMR_IRQ1:       equ     (1 SHL 1)
(1)       0 : =4                 IMR_IRQ2:       equ     (1 SHL 2)
(1)       0 : =8                 IMR_IRQ3:       equ     (1 SHL 3)
(1)       0 : =10                IMR_IRQ4:       equ     (1 SHL 4)
(1)       0 : =20                IMR_IRQ5:       equ     (1 SHL 5)
(1)       0 : =FA                IRQ:    equ     250             ; R/W: Interrupt Request
(1)       0 : =1                 IRQ_IRQ0:       equ     IMR_IRQ0
(1)       0 : =2                 IRQ_IRQ1:       equ     IMR_IRQ1
(1)       0 : =4                 IRQ_IRQ2:       equ     IMR_IRQ2
(1)       0 : =8                 IRQ_IRQ3:       equ     IMR_IRQ3
(1)       0 : =10                IRQ_IRQ4:       equ     IMR_IRQ4
(1)       0 : =20                IRQ_IRQ5:       equ     IMR_IRQ5
(1)       0 :                    ;;; Counter/Timers
(1)       0 : =F5                PRE0:   equ     245             ; W/O: Prescaler 0 register
(1)       0 : =1                 PRE0_MODULO:    equ     %(2)00000001 ; 1=Modulo-N, 0=Single-pass
(1)       0 : =FC                PRE0_gm:        equ     %(2)11111100 ; Modulo mask
(1)       0 : =2                 PRE0_gp:        equ     2         ; Modulo bit position
(1)       0 : =F3                PRE1:   equ     243               ; W/O: Prescaler 1 register
(1)       0 : =1                 PRE1_MODULO:    equ     %(2)00000001 ; 1=Modulo-N, 0=SinglePass
(1)       0 : =2                 PRE1_INTERNAL:  equ     %(2)00000010 ; 1=T1 internal, 0=T1 external
(1)       0 : =FC                PRE1_gm:        equ     %(2)11111100 ; Modulo mask
(1)       0 : =2                 PRE1_gp:        equ     2         ; Modulo bit position
(1)       0 : =F2                T1:     equ     242               ; R/W: Counter/Timer 1 Register
(1)       0 : =F4                T0:     equ     244               ; R/W: Counter/Timer 0 Register
(1)       0 : =F1                TMR:    equ     241               ; R/W: Timer Mode Register
(1)       0 : =1                 TMR_LOAD_T0:    equ     %(2)00000001 ; 1=Load T0
(1)       0 : =2                 TMR_ENABLE_T0:  equ     %(2)00000010 ; 1=Enable T0
(1)       0 : =4                 TMR_LOAD_T1:    equ     %(2)00000100 ; 1=Load T1
(1)       0 : =8                 TMR_ENABLE_T1:  equ     %(2)00001000 ; 1=Enable T1
(1)       0 : =0                 TMR_TOUT_OFF:   equ     %(2)00000000 ; TOUT off
(1)       0 : =40                TMR_TOUT_T0:    equ     %(2)01000000 ; TOUT=T0
(1)       0 : =80                TMR_TOUT_T1:    equ     %(2)10000000 ; TOUT=T1
(1)       0 : =C0                TMR_TOUT_CLOCK: equ     %(2)11000000 ; TOUT=internal clock
(1)       0 :                    ;;;
(1)       0 : =F0                SIO:    equ     240             ; R/W: Serial I/O Register
(1)       0 : =FD                RP:     equ     253             ; R/W: Register pointer
(1)       0 : =FE                SPH:    equ     254             ; R/W: Stack Pointer High
(1)       0 : =FF                SPL:    equ     255             ; R/W: Stack Pointer Low
          0 :
          0 :                    ;;; i8251 Universal Synchronous/Asynchronous Receiver/Transmitter
          0 : =FF00              USART:          equ     %FF00
          0 : =FF00              USARTD:         equ     USART+0 ; Receive/Transmit data
          0 : =FF01              USARTS:         equ     USART+1 ; Status register
          0 : =FF01              USARTC:         equ     USART+1 ; Control register
          0 : =FF02              USARTRI:        equ     USART+2 ; Receive interrupt name (IRQ0~2)
          0 : =FF03              USARTTI:        equ     USART+3 ; Transmit interrupt name (IRQ0~2)
          0 :                            include "i8251.inc"
(1)       0 :                    ;;; -*- mode: asm; mode: flyspell-prog; -*-
(1)       0 :                    ;;; i8251 USART device emulator.
(1)       0 : =6                 MODE_STOP_gp:   equ     6
(1)       0 : =C0                MODE_STOP_gm:   equ     %(2)11000000
(1)       0 : =40                MODE_STOP1_gc:  equ     (1 SHL MODE_STOP_gp)
(1)       0 : =80                MODE_STOP15_gc: equ     (2 SHL MODE_STOP_gp)
(1)       0 : =C0                MODE_STOP2_gc:  equ     (3 SHL MODE_STOP_gp)
(1)       0 : =20                MODE_EVEN_bm:   equ     %(2)00100000
(1)       0 : =10                MODE_PARITY_bm: equ     %(2)00010000
(1)       0 : =2                 MODE_LEN_gp:    equ     2
(1)       0 : =C                 MODE_LEN_gm:    equ     %(2)00001100
(1)       0 : =0                 MODE_LEN5_gc:   equ     (0 SHL MODE_LEN_gp)
(1)       0 : =4                 MODE_LEN6_gc:   equ     (1 SHL MODE_LEN_gp)
(1)       0 : =8                 MODE_LEN7_gc:   equ     (2 SHL MODE_LEN_gp)
(1)       0 : =C                 MODE_LEN8_gc:   equ     (3 SHL MODE_LEN_gp)
(1)       0 : =0                 MODE_BAUD_gp:   equ     0
(1)       0 : =3                 MODE_BAUD_gm:   equ     %(2)00000011
(1)       0 : =1                 MODE_BAUD_X1:   equ     (1 SHL MODE_BAUD_gp)
(1)       0 : =2                 MODE_BAUD_X16:  equ     (2 SHL MODE_BAUD_gp)
(1)       0 : =3                 MODE_BAUD_X64:  equ     (3 SHL MODE_BAUD_gp)
(1)       0 :                    ;;; Bit Definition of command register
(1)       0 : =80                CMD_EH_bm:      equ     %(2)10000000   ; Enter hunt mode
(1)       0 : =40                CMD_IR_bm:      equ     %(2)01000000   ; Internal Reset
(1)       0 : =20                CMD_RTS_bm:     equ     %(2)00100000   ; Request To Send
(1)       0 : =10                CMD_ER_bm:      equ     %(2)00010000   ; Error Reset
(1)       0 : =8                 CMD_SBRK_bm:    equ     %(2)00001000   ; Send Break
(1)       0 : =4                 CMD_RxEN_bm:    equ     %(2)00000100   ; Receive Enable
(1)       0 : =2                 CMD_DTR_bm:     equ     %(2)00000010   ; Data Terminal Ready
(1)       0 : =1                 CMD_TxEN_bm:    equ     %(2)00000001   ; Transmit enable
(1)       0 :                    ;;; Bit definition of status register
(1)       0 : =80                ST_DSR_bm:      equ     %(2)10000000   ; Data Set Ready
(1)       0 : =40                ST_BRK_bm:      equ     %(2)01000000   ; BREAK detected
(1)       0 : =20                ST_FE_bm:       equ     %(2)00100000   ; Framing Error
(1)       0 : =10                ST_OE_bm:       equ     %(2)00010000   ; Iverrun Error
(1)       0 : =8                 ST_PE_bm:       equ     %(2)00001000   ; Parity Error
(1)       0 : =4                 ST_TxEMPTY_bm:  equ     %(2)00000100   ; Transmitter empty
(1)       0 : =2                 ST_RxRDY_bm:    equ     %(2)00000010   ; Receiver ready
(1)       0 : =1                 ST_TxRDY_bm:    equ     %(2)00000001   ; Transmitter ready
(1)       0 :                    ;;; Interrupt name for receive/transmit interrupt
(1)       0 : =0                 INTR_NONE:      equ     0
(1)       0 : =1                 INTR_IRQ0:      equ     1
(1)       0 : =2                 INTR_IRQ1:      equ     2
(1)       0 : =3                 INTR_IRQ2:      equ     3
          0 :                    ;;; Async 1stop 8data x16
          0 : =4E                ASYNC_MODE:     equ     MODE_STOP1_gc LOR MODE_LEN8_gc LOR MODE_BAUD_X16
          0 :                    ;;; RTS/DTR, error reset, Rx enable, Tx enable
          0 : =37                RX_EN_TX_EN:    equ     CMD_RTS_bm LOR CMD_DTR_bm LOR CMD_ER_bm LOR CMD_RxEN_bm LOR CMD_TxEN_bm
          0 : =36                RX_EN_TX_DIS:   equ     CMD_RTS_bm LOR CMD_DTR_bm LOR CMD_ER_bm LOR CMD_RxEN_bm
          0 :
       2000 :                            org     %2000
       2000 : =80                rx_queue_size:  equ     128
       2000 :                    rx_queue:       ds      rx_queue_size
       2080 : =80                tx_queue_size:  equ     128
       2080 :                    tx_queue:       ds      tx_queue_size
       2100 :
       1000 :                            org     %1000
       1000 : =1000              stack:  equ     $
       1000 :
          0 :                            org     VEC_IRQ0
          0 : 01 B8                      dw      isr_intr_rx
          2 :
          2 :                            org     VEC_IRQ1
          2 : 01 DB                      dw      isr_intr_tx
          4 :
          C :                            org     ORG_RESET
          C :                    init_config:
          C : 31 F0                      srp     #%F0
          E :                            setrp   %F0
          E :                            ;; Stack is on external memory
          E : 8C 92                      ld      P01M, #P01M_P0ADDR LOR P01M_P1DATA
         10 : 6C FF                      ld      P2M, #%FF       ; Port 2 is input
         12 : EC 10                      ld      SPH, #HIGH stack
         14 : FC 00                      ld      SPL, #LOW stack
         16 : 31 10                      srp     #%10
         18 :                            setrp   %10
         18 : 2C 20                      ld      r2, #HIGH rx_queue
         1A : 3C 00                      ld      r3, #LOW rx_queue
         1C : 1C 80                      ld      r1, #rx_queue_size
         1E : D6 01 0B                   call    queue_init
         21 : 2C 20                      ld      r2, #HIGH tx_queue
         23 : 3C 80                      ld      r3, #LOW tx_queue
         25 : 1C 80                      ld      r1, #tx_queue_size
         27 : D6 01 0B                   call    queue_init
         2A :
         2A :                    init_usart:
         2A : CC FF                      ld      r12, #HIGH USARTC
         2C : DC 01                      ld      r13, #LOW USARTC
         2E : B0 E0                      clr     r0
         30 : 92 0C                      lde     @rr12, r0
         32 : 92 0C                      lde     @rr12, r0
         34 : 92 0C                      lde     @rr12, r0       ; safest way to sync mode
         36 : 0C 40                      ld      r0, #CMD_IR_bm
         38 : 92 0C                      lde     @rr12, r0       ; reset
         3A : FF                         nop
         3B : FF                         nop
         3C : 0C 4E                      ld      r0, #ASYNC_MODE
         3E : 92 0C                      lde     @rr12, r0       ; async 1stop 8data x16
         40 : FF                         nop
         41 : FF                         nop
         42 : 0C 36                      ld      r0, #RX_EN_TX_DIS
         44 : 92 0C                      lde     @rr12, r0       ; RTS/DTR, error reset, Rx enable, Tx disable
         46 : 0C 01                      ld      r0, #INTR_IRQ0
         48 : DC 02                      ld      r13, #LOW USARTRI
         4A : 92 0C                      lde     @rr12, r0       ; enable RxRDY interrupt using IRQ0
         4C : 0C 02                      ld      r0, #INTR_IRQ1
         4E : DC 03                      ld      r13, #LOW USARTTI
         50 : 92 0C                      lde     @rr12, r0       ; enable TxRDY interrupt using IRQ1
         52 :
         52 : E6 F9 34                   ld      IPR, #IPR_BCA LOR IPR_B02 LOR IPR_C14 LOR IPR_A35
         55 :                            ;; enable IRQ0 and IRQ1
         55 : E6 FB 03                   ld      IMR, #IMR_IRQ0 LOR IMR_IRQ1
         58 : 9F                         ei
         59 :
         59 :                    receive_loop:
         59 : D6 00 D0                   call    getchar
         5C : FB FB                      jr      nc, receive_loop
         5E : 42 00                      or      r0, r0
         60 : EB 01                      jr      nz, echo_back
         62 : 7F                         halt
         63 :                    echo_back:
         63 : 18 E0                      ld      r1, r0          ; save letter
         65 : D6 00 EB                   call    putchar         ; echo
         68 : 0C 20                      ld      r0, #' '        ; space
         6A : D6 00 EB                   call    putchar
         6D : D6 00 7D                   call    put_hex8        ; print in hex
         70 : 0C 20                      ld      r0, #' '        ; space
         72 : D6 00 EB                   call    putchar
         75 : D6 00 A2                   call    put_bin8        ; print in binary
         78 : D6 00 E2                   call    newline
         7B : 8B DC                      jr      receive_loop
         7D :
         7D :                    ;;; Print uint8_t in hex
         7D :                    ;;; @param r1 uint8_t value to be printed in hex.
         7D :                    ;;; @clobber r0
         7D :                    put_hex8:
         7D : 0C 30                      ld      r0, #'0'
         7F : D6 00 EB                   call    putchar
         82 : 0C 78                      ld      r0, #'x'
         84 : D6 00 EB                   call    putchar
         87 : 08 E1                      ld      r0, r1
         89 : F0 E0                      swap    r0
         8B : D6 00 90                   call    put_hex4
         8E : 08 E1                      ld      r0, r1
         90 :                    put_hex4:
         90 : 56 E0 0F                   and     r0, #%F
         93 : A6 E0 0A                   cp      r0, #10
         96 : 7B 05                      jr      c, put_hex8_dec ; A<10
         98 : 06 E0 37                   add     r0, #'A'-10
         9B : 8B 4E                      jr      putchar
         9D :                    put_hex8_dec:
         9D : 06 E0 30                   add     r0, #'0'
         A0 : 8B 49                      jr      putchar
         A2 :
         A2 :                    ;;; Print uint8_t in binary
         A2 :                    ;;; @param r1 uint8_t value to be printed in binary.
         A2 :                    ;;; @clobber r0
         A2 :                    put_bin8:
         A2 : 70 E4                      push    r4
         A4 : 0C 30                      ld      r0, #'0'
         A6 : D6 00 EB                   call    putchar
         A9 : 0C 62                      ld      r0, #'b'
         AB : D6 00 EB                   call    putchar
         AE : 48 E1                      ld      r4, r1
         B0 : D6 00 BB                   call    put_bin4
         B3 : 90 E4                      rl      r4
         B5 : D6 00 BB                   call    put_bin4
         B8 : 50 E4                      pop     r4
         BA : AF                         ret
         BB :                    put_bin4:
         BB : D6 00 C0                   call    put_bin2
         BE : 90 E4                      rl      r4
         C0 :                    put_bin2:
         C0 : D6 00 C5                   call    put_bin1
         C3 : 90 E4                      rl      r4
         C5 :                    put_bin1:
         C5 : 0C 30                      ld      r0, #'0'
         C7 : 42 44                      or      r4, r4
         C9 : DD 00 CE                   jp      pl, put_bin0    ; MSB=0
         CC : 0C 31                      ld      r0, #'1'        ; MSB=1
         CE :                    put_bin0:
         CE : 8B 1B                      jr      putchar
         D0 :
         D0 :                    ;;; Get character
         D0 :                    ;;; @return r0
         D0 :                    ;;; @return FLAGS.C 0 if no character
         D0 :                    getchar:
         D0 : 70 E3                      push    r3
         D2 : 70 E2                      push    r2
         D4 : 2C 20                      ld      r2, #HIGH rx_queue
         D6 : 3C 00                      ld      r3, #LOW rx_queue
         D8 : 8F                         di
         D9 : D6 01 76                   call    queue_remove
         DC : 9F                         ei
         DD : 50 E2                      pop     r2
         DF : 50 E3                      pop     r3
         E1 : AF                         ret
         E2 :
         E2 :                    ;;; Put newline
         E2 :                    ;;; @clobber r0
         E2 :                    newline:
         E2 : 0C 0D                      ld      r0, #%0D
         E4 : D6 00 EB                   call    putchar
         E7 : 0C 0A                      ld      r0, #%0A
         E9 : 8B 00                      jr      putchar
         EB :
         EB :                    ;;; Put character
         EB :                    ;;; @param r0
         EB :                    putchar:
         EB : 70 E0                      push    r0
         ED : 70 E2                      push    r2
         EF : 70 E3                      push    r3
         F1 : 2C 20                      ld      r2, #HIGH tx_queue
         F3 : 3C 80                      ld      r3, #LOW tx_queue
         F5 :                    putchar_retry:
         F5 : 8F                         di
         F6 : D6 01 32                   call    queue_add
         F9 : 9F                         ei
         FA : FB F9                      jr      nc, putchar_retry ; branch if queue is full
         FC : 2C FF                      ld      r2, #HIGH USARTC
         FE : 3C 01                      ld      r3, #LOW USARTC
        100 : 0C 37                      ld      r0, #RX_EN_TX_EN
        102 : 92 02                      lde     @rr2, r0        ; enable Tx
        104 :                    putchar_exit:
        104 : 50 E3                      pop     r3
        106 : 50 E2                      pop     r2
        108 : 50 E0                      pop     r0
        10A : AF                         ret
        10B :
        10B :                            include "queue.inc"
(1)     10B :                    ;;; -*- mode: asm; mode: flyspell-prog; -*-
(1)     10B :                    ;;; [queue] queue structure
(1)     10B : =0                 queue_len:      equ     0       ; queue length
(1)     10B : =1                 queue_size:     equ     1       ; buffer size
(1)     10B : =2                 queue_put:      equ     2       ; queue put index
(1)     10B : =3                 queue_get:      equ     3       ; queue get index
(1)     10B : =4                 queue_buf:      equ     4       ; buffer start offset
(1)     10B :
(1)     10B :                    ;;; [queue] Initialize queue
(1)     10B :                    ;;; @param rr2 queue work space pointer
(1)     10B :                    ;;; @param r1 queue work space size
(1)     10B :                    ;;; @clobber r1
(1)     10B :                    queue_init:
(1)     10B : 70 E0                      push    r0
(1)     10D : 70 E2                      push    r2
(1)     10F : 70 E3                      push    r3
(1)     111 : B0 E0                      clr     r0
(1)     113 : 92 02                      lde     @rr2, r0        ; queue_len
(1)     115 : A0 E2                      incw    rr2
(1)     117 : 08 E1                      ld      r0, r1
(1)     119 : 26 E0 04                   sub     r0, #queue_buf
(1)     11C : 92 02                      lde     @rr2, r0        ; queue_size
(1)     11E : A0 E2                      incw    rr2
(1)     120 : 06 E0 02                   add     r0, #2          ; for queue_put and queue_get
(1)     123 : B0 E1                      clr     r1
(1)     125 :                    queue_init_loop:
(1)     125 : 92 12                      lde     @rr2, r1
(1)     127 : A0 E2                      incw    rr2
(1)     129 : 0A FA                      djnz    r0, queue_init_loop
(1)     12B : 50 E3                      pop     r3
(1)     12D : 50 E2                      pop     r2
(1)     12F : 50 E0                      pop     r0
(1)     131 : AF                         ret
(1)     132 :
(1)     132 :                    ;;; [queue] Add an element to queue
(1)     132 :                    ;;; @param rr2 queue work space pointer
(1)     132 :                    ;;; @param r0 an element
(1)     132 :                    ;;; @return FLAGS.C 0 if queue is full
(1)     132 :                    queue_add:
(1)     132 : 70 E1                      push    r1
(1)     134 : 70 E4                      push    r4              ; save r1, r4
(1)     136 : 82 12                      lde     r1, @rr2        ; queue_len
(1)     138 : 1E                         inc     r1              ; queue_len++
(1)     139 : A0 E2                      incw    rr2             ; rr2 points queue_size
(1)     13B : 82 42                      lde     r4, @rr2        ; r4=queue_size
(1)     13D : A2 14                      cp      r1, r4
(1)     13F : 80 E2                      decw    rr2                ; rr2 points queue_len
(1)     141 : 7B 05                      jr      c, queue_add_store ; queue_len < queue_size
(1)     143 : 50 E4                      pop     r4                 ; restore r1, r4
(1)     145 : 50 E1                      pop     r1
(1)     147 : AF                         ret                     ; return with FLAGS.C=0
(1)     148 :                    queue_add_store:
(1)     148 : 92 12                      lde     @rr2, r1        ; update queue_len
(1)     14A : A0 E2                      incw    rr2
(1)     14C : A0 E2                      incw    rr2             ; rr2 points to queue_put
(1)     14E : 82 12                      lde     r1, @rr2        ; queue_put
(1)     150 : 70 E3                      push    r3              ; save rr2
(1)     152 : 70 E2                      push    r2
(1)     154 : A0 E2                      incw    rr2
(1)     156 : A0 E2                      incw    rr2             ; rr2 points to queue_buf
(1)     158 : 02 31                      add     r3, r1
(1)     15A : 16 E2 00                   adc     r2, #0          ; rr2=&queue_buf[queue_put]
(1)     15D : 92 02                      lde     @rr2, r0        ; store an element
(1)     15F : 50 E2                      pop     r2              ; restore rr2 points to queue_put
(1)     161 : 50 E3                      pop     r3
(1)     163 : 1E                         inc     r1              ; queue_put++
(1)     164 : A2 14                      cp      r1, r4
(1)     166 : 7B 02                      jr      c, queue_add_update ; queue_put < queue_size
(1)     168 : B0 E1                      clr     r1
(1)     16A :                    queue_add_update:
(1)     16A : 92 12                      lde     @rr2, r1        ; queue_put
(1)     16C : 80 E2                      decw    rr2
(1)     16E : 80 E2                      decw    rr2             ; rr2 points queue_len
(1)     170 : DF                         scf                     ; set carry flag
(1)     171 : 50 E4                      pop     r4              ; restpre r1, r4
(1)     173 : 50 E1                      pop     r1              ; restore r1
(1)     175 : AF                         ret
(1)     176 :
(1)     176 :                    ;;; [queue] Remove an element from queue
(1)     176 :                    ;;; @param rr2 queue work space pointer
(1)     176 :                    ;;; @return r0 an element
(1)     176 :                    ;;; @return FLAGS.C 0 if queue is empty
(1)     176 :                    queue_remove:
(1)     176 : 70 E1                      push    r1              ; save r1
(1)     178 : 82 12                      lde     r1, @rr2        ; queue_len
(1)     17A : 42 11                      or      r1, r1
(1)     17C : EB 04                      jr      nz, queue_remove_elem ; queue_len > 0
(1)     17E : CF                         rcf                           ; reset carry flag
(1)     17F : 50 E1                      pop     r1
(1)     181 : AF                         ret
(1)     182 :                    queue_remove_elem:
(1)     182 : 70 E4                      push    r4              ; save r4
(1)     184 : 00 E1                      dec     r1              ; queue_len--
(1)     186 : 92 12                      lde     @rr2, r1        ; update queue_len
(1)     188 : A0 E2                      incw    rr2
(1)     18A : 82 42                      lde     r4, @rr2        ; r4=queue_size
(1)     18C : A0 E2                      incw    rr2
(1)     18E : A0 E2                      incw    rr2             ; rr2 points queue_get
(1)     190 : 70 E3                      push    r3
(1)     192 : 70 E2                      push    r2
(1)     194 : 82 12                      lde     r1, @rr2        ; queue_get
(1)     196 : A0 E2                      incw    rr2             ; rr2 points queue_buf
(1)     198 : 02 31                      add     r3, r1
(1)     19A : 16 E2 00                   adc     r2, #0          ; rr2=&queue_buf[queue_get]
(1)     19D : 82 02                      lde     r0, @rr2        ; read an element
(1)     19F : 50 E2                      pop     r2              ; restore rr2 points to queue_get
(1)     1A1 : 50 E3                      pop     r3
(1)     1A3 : 1E                         inc     r1              ; queue_get++
(1)     1A4 : A2 14                      cp      r1, r4
(1)     1A6 : 7B 02                      jr      c, queue_remove_update ; queue_get < queue_size
(1)     1A8 : B0 E1                      clr     r1
(1)     1AA :                    queue_remove_update:
(1)     1AA : 92 12                      lde     @rr2, r1        ; update queue_get
(1)     1AC : 80 E2                      decw    rr2
(1)     1AE : 80 E2                      decw    rr2
(1)     1B0 : 80 E2                      decw    rr2             ; rr2 points queue_len
(1)     1B2 : 50 E4                      pop     r4              ; restore r1, r4
(1)     1B4 : 50 E1                      pop     r1
(1)     1B6 : DF                         scf                     ; set carry
(1)     1B7 : AF                         ret
        1B8 :
        1B8 :                            setrp   -1
        1B8 :                    isr_intr_rx:
        1B8 : 70 E0                      push    r0
        1BA : 70 E2                      push    r2
        1BC : 70 E3                      push    r3
        1BE : 2C FF                      ld      r2, #HIGH USARTS
        1C0 : 3C 01                      ld      r3, #LOW USARTS
        1C2 : 82 02                      lde     r0, @rr2        ; USARTS
        1C4 : 56 E0 02                   and     r0, #ST_RxRDY_bm
        1C7 : 6B 0B                      jr      z, isr_intr_rx_exit
        1C9 : 3C 00                      ld      r3, #LOW USARTD
        1CB : 82 02                      lde     r0, @rr2        ; USARTD
        1CD : 2C 20                      ld      r2, #HIGH rx_queue
        1CF : 3C 00                      ld      r3, #LOW rx_queue
        1D1 : D6 01 32                   call    queue_add
        1D4 :                    isr_intr_rx_exit:
        1D4 : 50 E3                      pop     r3
        1D6 : 50 E2                      pop     r2
        1D8 : 50 E0                      pop     r0
        1DA : BF                         iret
        1DB :
        1DB :                    isr_intr_tx:
        1DB : 70 E0                      push    r0
        1DD : 70 E2                      push    r2
        1DF : 70 E3                      push    r3
        1E1 : 2C FF                      ld      r2, #HIGH USARTS
        1E3 : 3C 01                      ld      r3, #LOW USARTS
        1E5 : 82 02                      lde     r0, @rr2        ; USARTS
        1E7 : 56 E0 01                   and     r0, #ST_TxRDY_bm
        1EA : 6B 0F                      jr      z, isr_intr_tx_exit
        1EC : 2C 20                      ld      r2, #HIGH tx_queue
        1EE : 3C 80                      ld      r3, #LOW tx_queue
        1F0 : D6 01 76                   call    queue_remove
        1F3 : 2C FF                      ld      r2, #HIGH USARTD
        1F5 : 3C 00                      ld      r3, #LOW USARTD
        1F7 : FB 09                      jr      nc, isr_intr_send_empty
        1F9 : 92 02                      lde     @rr2, r0        ; USARTD
        1FB :                    isr_intr_tx_exit:
        1FB : 50 E3                      pop     r3
        1FD : 50 E2                      pop     r2
        1FF : 50 E0                      pop     r0
        201 : BF                         iret
        202 :                    isr_intr_send_empty:
        202 : 3C 01                      ld      r3, #LOW USARTC
        204 : 0C 36                      ld      r0, #RX_EN_TX_DIS
        206 : 92 02                      lde     @rr2, r0        ; disable Tx
        208 : 50 E3                      pop     r3
        20A : 50 E2                      pop     r2
        20C : 50 E0                      pop     r0
        20E : BF                         iret
        20F :
        20F :                            end
