          0 :                    ;;; -*- mode: asm; mode: flyspell-prog; -*-
          0 :                            cpu     2650
          0 :                            include "scn2650.inc"
(1)       0 :                    ;;; -*- mode: asm; mode: flyspell-prog; -*-
(1)       0 :                    ;;; PSU
(1)       0 : =80                PSU_S:  equ     B'10000000'  ; Sense
(1)       0 : =40                PSU_F:  equ     B'01000000'  ; Flag
(1)       0 : =20                PSU_II: equ     B'00100000'  ; Interrupt inhibit
(1)       0 : =7                 PSU_SP: equ     B'00000111'  ; Stack pointer
(1)       0 :                    ;;; PSL
(1)       0 : =80                PSL_CC1:        equ     B'10000000' ; Condition code 1 (10=Negative)
(1)       0 : =40                PSL_CC0:        equ     B'01000000' ; Condition code 0 (01=Positive)
(1)       0 : =20                PSL_IDC:        equ     B'00100000' ; Inter-digit carry
(1)       0 : =10                PSL_RS:         equ     B'00010000' ; Register bank select
(1)       0 : =8                 PSL_WC:         equ     B'00001000' ; With/Without carry
(1)       0 : =4                 PSL_OVF:        equ     B'00000100' ; Overflow
(1)       0 : =2                 PSL_COM:        equ     B'00000010' ; Logical arithmetic compare
(1)       0 : =1                 PSL_C:          equ     B'00000001' ; Carry
(1)       0 :                    ;;; Reset origin
(1)       0 : =0                 ORG_RESET:      equ     H'0000'
          0 :
          0 :                    ;;; i8251 Universal Synchronous/Asynchronous Receiver/Transmitter
          0 : =0                 USARTD: equ     H'00'           ; Data register
          0 : =1                 USARTS: equ     H'01'           ; Status register
          0 : =1                 USARTC: equ     H'01'           ; Control register
          0 :                            include "i8251.inc"
(1)       0 :                    ;;; -*- mode: asm; mode: flyspell-prog; -*-
(1)       0 :                    ;;; i8251 USART device emulator.
(1)       0 : =6                 MODE_STOP_gp:   equ     6
(1)       0 : =C0                MODE_STOP_gm:   equ     B'11000000'
(1)       0 : =40                MODE_STOP1_gc:  equ     (1 << MODE_STOP_gp)
(1)       0 : =80                MODE_STOP15_gc: equ     (2 << MODE_STOP_gp)
(1)       0 : =C0                MODE_STOP2_gc:  equ     (3 << MODE_STOP_gp)
(1)       0 : =20                MODE_EVEN_bm:   equ     B'00100000'
(1)       0 : =10                MODE_PARITY_bm: equ     B'00010000'
(1)       0 : =2                 MODE_LEN_gp:    equ     2
(1)       0 : =C                 MODE_LEN_gm:    equ     B'00001100'
(1)       0 : =0                 MODE_LEN5_gc:   equ     (0 << MODE_LEN_gp)
(1)       0 : =4                 MODE_LEN6_gc:   equ     (1 << MODE_LEN_gp)
(1)       0 : =8                 MODE_LEN7_gc:   equ     (2 << MODE_LEN_gp)
(1)       0 : =C                 MODE_LEN8_gc:   equ     (3 << MODE_LEN_gp)
(1)       0 : =0                 MODE_BAUD_gp:   equ     0
(1)       0 : =3                 MODE_BAUD_gm:   equ     B'00000011'
(1)       0 : =1                 MODE_BAUD_X1:   equ     (1 << MODE_BAUD_gp)
(1)       0 : =2                 MODE_BAUD_X16:  equ     (2 << MODE_BAUD_gp)
(1)       0 : =3                 MODE_BAUD_X64:  equ     (3 << MODE_BAUD_gp)
(1)       0 :                    ;;; Bit Definition of command register
(1)       0 : =80                CMD_EH_bm:      equ     B'10000000'   ; Enter hunt mode
(1)       0 : =40                CMD_IR_bm:      equ     B'01000000'   ; Internal Reset
(1)       0 : =20                CMD_RTS_bm:     equ     B'00100000'   ; Request To Send
(1)       0 : =10                CMD_ER_bm:      equ     B'00010000'   ; Error Reset
(1)       0 : =8                 CMD_SBRK_bm:    equ     B'00001000'   ; Send Break
(1)       0 : =4                 CMD_RxEN_bm:    equ     B'00000100'   ; Receive Enable
(1)       0 : =2                 CMD_DTR_bm:     equ     B'00000010'   ; Data Terminal Ready
(1)       0 : =1                 CMD_TxEN_bm:    equ     B'00000001'   ; Transmit enable
(1)       0 :                    ;;; Bit definition of status register
(1)       0 : =80                ST_DSR_bm:      equ     B'10000000'   ; Data Set Ready
(1)       0 : =40                ST_BRK_bm:      equ     B'01000000'   ; BREAK detected
(1)       0 : =20                ST_FE_bm:       equ     B'00100000'   ; Framing Error
(1)       0 : =10                ST_OE_bm:       equ     B'00010000'   ; Iverrun Error
(1)       0 : =8                 ST_PE_bm:       equ     B'00001000'   ; Parity Error
(1)       0 : =4                 ST_TxEMPTY_bm:  equ     B'00000100'   ; Transmitter empty
(1)       0 : =2                 ST_RxRDY_bm:    equ     B'00000010'   ; Receiver ready
(1)       0 : =1                 ST_TxRDY_bm:    equ     B'00000001'   ; Transmitter ready
(1)       0 :                    ;;; Interrupt name for receive/transmit interrupt
(1)       0 : =0                 INTR_NONE:      equ     0
(1)       0 : =1                 INTR_IRQ0:      equ     1
(1)       0 : =2                 INTR_IRQ1:      equ     2
(1)       0 : =3                 INTR_IRQ2:      equ     3
          0 :                    ;;; Async 1stop 8data x16
          0 : =4E                ASYNC_MODE:     equ     MODE_STOP1_gc + MODE_LEN8_gc + MODE_BAUD_X16
          0 :                    ;;; RTS/DTR, error reset, Rx enable, Tx enable
          0 : =37                RX_EN_TX_EN:    equ     CMD_RTS_bm + CMD_DTR_bm + CMD_ER_bm + CMD_RxEN_bm + CMD_TxEN_bm
          0 :
          0 :                            org     ORG_RESET
          0 : 76 20                      ppsu    PSU_II          ; disable interrupt
          2 : 77 0A                      ppsl    PSL_WC+PSL_COM  ; with carry, logical compare
          4 :                    init_usart:
          4 : 20                         eorz    r0              ; clear R0
          5 : D4 01                      wrte,r0 USARTC
          7 : D4 01                      wrte,r0 USARTC
          9 : D4 01                      wrte,r0 USARTC          ; safest way to sync mode
          B : 04 40                      lodi,r0 CMD_IR_bm
          D : D4 01                      wrte,r0 USARTC          ; reset
          F : C0                         nop
         10 : C0                         nop
         11 : 04 4E                      lodi,r0 ASYNC_MODE
         13 : D4 01                      wrte,r0 USARTC          ; async 1stop 8data x16
         15 : C0                         nop
         16 : C0                         nop
         17 : 04 37                      lodi,r0 RX_EN_TX_EN
         19 : D4 01                      wrte,r0 USARTC    ; RTS/DTR, error reset, Rx enable, Tx enable
         1B :
         1B :                    receive_loop:
         1B : 55 01                      rede,r1 USARTS
         1D : F5 02                      tmi,r1  ST_RxRDY_bm
         1F : 98 7A                      bcfr,eq receive_loop
         21 :                    receive_data:
         21 : 54 00                      rede,r0 USARTD
         23 : 18 10                      bctr,eq echo_halt
         25 :                    transmit_loop:
         25 : 55 01                      rede,r1 USARTS
         27 : F5 01                      tmi,r1  ST_TxRDY_bm
         29 : 98 7A                      bcfr,eq transmit_loop
         2B :                    transmit_data:
         2B : D4 00                      wrte,r0 USARTD
         2D : E4 0D                      comi,r0 H'0D'
         2F : 98 6A                      bcfr,eq receive_loop
         31 : 04 0A                      lodi,r0 H'0A'
         33 : 1B 70                      bctr,un transmit_loop
         35 :                    echo_halt:
         35 : 40                         halt
