          0 :                            cpu     6801
          0 :                            include "mc6801.inc"
(1)       0 :                    ;;; -*- mode: asm; mode: flyspell-prog; -*-
(1)       0 :
(1)       0 :                    ;;; MC6801/MC6803
(1)       0 :                    ;;; Condition Code Register (CC)
(1)       0 : =1                 CC_CARRY      equ  %00000001   ; set to 1 if carry occurred
(1)       0 : =2                 CC_OVERFLOW   equ  %00000010   ; set to 1 if overflow occurred
(1)       0 : =4                 CC_ZERO       equ  %00000100   ; set to 1 if result is zero
(1)       0 : =8                 CC_NEGATIVE   equ  %00001000   ; set to 1 if result is negative
(1)       0 : =10                CC_IRQ        equ  %00010000   ; if 1, IRQ is masked
(1)       0 : =20                CC_HALF_CARRY equ  %00100000   ; if 1, decimal carry from least digit occurred
(1)       0 :
(1)       0 :                    ;;; Internal Register Area
(1)       0 : =0                 DDR1:   equ     $00          ; $00: Port 1 Data Direction Register
(1)       0 : =1                 DDR2:   equ     $01          ; $01: Port 2 Data Direction Register
(1)       0 : =2                 PORT1:  equ     $02          ; $02: Port 1 Data Register
(1)       0 : =3                 PORT2:  equ     $03          ; $03: Port 2 Data Register
(1)       0 : =4                 DDR3:   equ     $04          ; $04: Port 3 Data Direction Register
(1)       0 : =5                 DDR4:   equ     $05          ; $05: Port 4 Data Direction Register
(1)       0 : =6                 PORT3:  equ     $06          ; $06: Port 3 Data Register
(1)       0 : =7                 PORT4:  equ     $07          ; $07: Port 4 Data Register
(1)       0 : =8                 TCSR:   equ     $08          ; $08: Timer Control and Status Register
(1)       0 : =9                 TCNT:   equ     $09          ; $09: Timer Counter
(1)       0 : =B                 TOCR:   equ     $0B          ; $0B: Output Compare Register
(1)       0 : =D                 TCAP:   equ     $0D          ; $0D: Input Capture Register
(1)       0 : =F                 P3CSR:  equ     $0F          ; $0F: Port 3 Control and Status Register
(1)       0 : =10                RMCR:   equ     $10          ; $10: Rate and Mode Control Registers
(1)       0 : =11                TRCSR:  equ     $11          ; $11: Transmit Receive Control and Status Register
(1)       0 : =12                SCRDR:  equ     $12          ; $12: Receiver Data Register
(1)       0 : =13                SCTDR:  equ     $13          ; $13: Transmit Data Register
(1)       0 : =14                RAMCR:  equ     $14          ; $14: RAM Control Register
(1)       0 :
(1)       0 :                    ;;; Port 2 Data Register
(1)       0 : =E0                PC_gm:  equ     %11100000       ; PC group mask
(1)       0 : =5                 PC_gp:  equ     5               ; PC group position
(1)       0 : =20                PC0_bm: equ     %00100000       ; PC0
(1)       0 : =40                PC1_bm: equ     %01000000       ; PC1
(1)       0 : =80                PC2_bm: equ     %10000000       ; PC2
(1)       0 :
(1)       0 :                    ;;; Port 3 Control and Status Register
(1)       0 : =8                 P3_LATCH_bm:    equ     %00001000 ; Latch Enable
(1)       0 : =10                P3_OSS_bm:      equ     %00010000 ; Output Strobe Select
(1)       0 : =40                P3_IS3IE_bm:    equ     %01000000 ; IS3 IRQ1 Enable
(1)       0 : =80                P3_IS3F_bm:     equ     %10000000 ; IS3 Flag
(1)       0 :
(1)       0 :                    ;;; RAM Control Register
(1)       0 : =40                RAME_bm:        equ     %01000000 ; RAM Enable
(1)       0 : =80                STBY_PWR_bm:    equ     %10000000 ; Standby Power status
(1)       0 :
(1)       0 :                    ;;; Timer Control and Status Register
(1)       0 : =1                 TCSR_OLVL_bm:   equ     %00000001 ; Output Level
(1)       0 : =2                 TCSR_IEDG_bm:   equ     %00000010 ; Input Edge. 0=negative/1=positive
(1)       0 : =4                 TCSR_ETOI_bm:   equ     %00000100 ; Enable Timer Overflow Interrupt for IRQ2
(1)       0 : =8                 TCSR_EOCI_bm:   equ     %00001000 ; Enable Output Compare Interrupt for IRQ2
(1)       0 : =10                TCSR_EICI_bm:   equ     %00010000 ; Enable Input Capture Interrupt for IRQ2
(1)       0 : =20                TCSR_TOF_bm:    equ     %00100000 ; Timer Overflow Flag
(1)       0 : =40                TCSR_OCF_bm:    equ     %01000000 ; Output Compare Flag
(1)       0 : =80                TCSR_ICF_bm:    equ     %10000000 ; Input Capture Flag
(1)       0 :
(1)       0 :                    ;;; Serial Communication Interface
(1)       0 :                    ;;; Rate and Mode Control Registers
(1)       0 :                            ;; Speed Select
(1)       0 : =3                 SS_gm:          equ     %00000011 ; Group mask
(1)       0 : =0                 SS_DIV16_gc:    equ     %00000000 ; E/16
(1)       0 : =1                 SS_DIV128_gc:   equ     %00000001 ; E/128
(1)       0 : =2                 SS_DIV1024_gc:  equ     %00000010 ; E/1024
(1)       0 : =3                 SS_DIV4096_gc:  equ     %00000011 ; E/4096
(1)       0 :                            ;; Clock Control and Format Select
(1)       0 : =C                 CCFS_gm:        equ     %00001100 ; Group mask
(1)       0 : =0                 CCFS_BIPH_gc:   equ     %00000000 ; Bi-Phase
(1)       0 : =4                 CCFS_NRZ_gc:    equ     %00000100 ; NRZ
(1)       0 : =8                 CCFS_NRZO_gc:   equ     %00001000 ; NRZ P22=Clock Output
(1)       0 : =C                 CCFS_NRZI_gc:   equ     %00001100 ; NRZ P22=Clock Input
(1)       0 :                    ;;; Transmit/Receive Control and Status Register
(1)       0 : =1                 TRCSR_WU_bm:    equ     %00000001 ; Wake-up on idle line
(1)       0 : =2                 TRCSR_TE_bm:    equ     %00000010 ; Transmit Enable; if set, P24 is output
(1)       0 : =4                 TRCSR_TIE_bm:   equ     %00000100 ; Transmit Interrupt Enable for IRQ2
(1)       0 : =8                 TRCSR_RE_bm:    equ     %00001000 ; Receiver Enable; if set, P23 is input
(1)       0 : =10                TRCSR_RIE_bm:   equ     %00010000 ; Receiver Interrupt Enable for IRQ2
(1)       0 : =20                TRCSR_TDRE_bm:  equ     %00100000 ; Transmit Data Register Empty
(1)       0 : =40                TRCSR_ORFE_bm:  equ     %01000000 ; Overrun Framing Error
(1)       0 : =80                TRCSR_RDRF_bm:  equ     %10000000 ; Receive Data Register Full
(1)       0 :
(1)       0 :                    ;;; Vector
(1)       0 : =FFF0              VEC_SCI:        equ     $FFF0  ; $FFF0: SCI Interrupt (TDRE+RDRF+ORFE)
(1)       0 : =FFF2              VEC_TOF:        equ     $FFF2  ; $FFF2: Timer Overflow Interrupt
(1)       0 : =FFF4              VEC_OCF:        equ     $FFF4  ; $FFF4: Output Compare Interrupt
(1)       0 : =FFF6              VEC_ICF:        equ     $FFF6  ; $FFF6: Input Capture Interrupt
(1)       0 : =FFF8              VEC_IRQ1:       equ     $FFF8  ; $FFF8: Maskable Interrupt Request 1
(1)       0 : =FFFA              VEC_SWI:        equ     $FFFA  ; $FFFA: Software Interrupt
(1)       0 : =FFFC              VEC_NMI:        equ     $FFFC  ; $FFFC: Non Maskable Interrupt
(1)       0 : =FFFE              VEC_RESET:      equ     $FFFE  ; $FFFE: Reset
          0 :
       FFFA :                            org     VEC_SWI
       FFFA : FF FA                      fdb     VEC_SWI         ; for halt to system
       FFFC :
       FFF6 :                            org     $FFF6           ; MC68HC11 SWI vector
       FFF6 : FF F6                      fdb     $FFF6
       FFF8 :
       FFFE :                            org     VEC_RESET
       FFFE : 10 00                      fdb     main
      10000 :
       1000 :                            org     $1000
       1000 :                    main:
       1000 : 8E 0F FF                   lds     #main-1
       1003 : 8D 01                      bsr     mc68xx
       1005 : 3F                         swi
       1006 :
       1006 :                            include "mc68xx.inc"
(1)    1006 :                    ;;; -*- mode: asm; mode: flyspell-prog; -*-
(1)    1006 :                            cpu     6800
(1)    1006 :                    mc68xx:
(1)    1006 : CE 55 AA                   ldx     #$55AA
(1)    1009 : C6 64                      ldab    #100
(1)    100B : 86 05                      ldaa    #5
(1)    100D : 8B 05                      adda    #5
(1)    100F : 18                         fcb     $18
(1)    1010 :                            ;; DAA  ($19) on MC6800
(1)    1010 :                            ;; ABA  ($1B) on MC6801
(1)    1010 :                            ;; XGDX ($18) on HD6301
(1)    1010 :                            ;; prefix     on MC68HC11
(1)    1010 : 08                         fcb     $08
(1)    1011 :                            ;; INX  ($08) on MC6800/MC6801/HD6301
(1)    1011 :                            ;; INY  ($08) on MC68HC11
(1)    1011 :                    ;;; MC6800:   A=$10, X=$55AB
(1)    1011 :                    ;;; MC6801:   A=110, X=$55AB
(1)    1011 :                    ;;; HD6301:   A=$55, X=$0A65
(1)    1011 :                    ;;; MC68HC11: A=10,  X=$55AA
(1)    1011 : 81 0A                      cmpa    #10
(1)    1013 : 27 20                      beq     __mc68hc11
(1)    1015 : 81 6E                      cmpa    #110
(1)    1017 : 27 18                      beq     __mc6801
(1)    1019 : 81 55                      cmpa    #$55
(1)    101B : 27 10                      beq     __hd6301
(1)    101D : CE FF FF                   ldx     #$FFFF
(1)    1020 : EC 01                      fcb     $EC, $01
(1)    1022 :                            ;; CPX 1,X on MC6800
(1)    1022 :                            ;; ADX #1  on MB8861
(1)    1022 :                    ;;; MC6800: X=$FFFF
(1)    1022 :                    ;;; MB8861: X=$0000
(1)    1022 : 08                         inx
(1)    1023 : 26 04                      bne     __mb8861
(1)    1025 :                    __mc6800:
(1)    1025 : CE 68 00                   ldx     #$6800
(1)    1028 : 39                         rts
(1)    1029 :                    __mb8861:
(1)    1029 : CE 88 61                   ldx     #$8861
(1)    102C : 39                         rts
(1)    102D :                    __hd6301:
(1)    102D : CE 63 01                   ldx     #$6301
(1)    1030 : 39                         rts
(1)    1031 :                    __mc6801:
(1)    1031 : CE 68 01                   ldx     #$6801
(1)    1034 : 39                         rts
(1)    1035 :                    __mc68hc11:
(1)    1035 : CE 68 11                   ldx     #$6811
(1)    1038 : 39                         rts
