          0 :                            cpu     6809
          0 :                            include "mc6809.inc"
(1)       0 :                    ;;; -*- mode: asm; mode: flyspell-prog; -*-
(1)       0 :
(1)       0 :                    ;;; Condition Code Register (CC)
(1)       0 : =1                 CC_CARRY      equ  %00000001   ; set to 1 if carry occurred
(1)       0 : =2                 CC_OVERFLOW   equ  %00000010   ; set to 1 if overflow occurred
(1)       0 : =4                 CC_ZERO       equ  %00000100   ; set to 1 if result is zero
(1)       0 : =8                 CC_NEGATIVE   equ  %00001000   ; set to 1 if result is negative
(1)       0 : =10                CC_IRQ        equ  %00010000   ; if 1, IRQ is masked
(1)       0 : =20                CC_HALF_CARRY equ  %00100000   ; if 1, decimal carry from least digit occurred
(1)       0 : =40                CC_FIRQ       equ  %01000000   ; if 1, FIRQ is masked
(1)       0 : =80                CC_ENTIRE     equ  %10000000   ; set to 1 if entire registers are pushed
(1)       0 :
(1)       0 :                    ;;; Vector
(1)       0 : =FFF2              VEC_SWI3:       equ     $FFF2  ; $FFF2: Software Interrupt 3
(1)       0 : =FFF4              VEC_SWI2:       equ     $FFF4  ; $FFF4: Software Interrupt 2
(1)       0 : =FFF6              VEC_FIRQ:       equ     $FFF6  ; $FFF6: Fast Interrupt Request
(1)       0 : =FFF8              VEC_IRQ:        equ     $FFF8  ; $FFF8: Interrupt Request
(1)       0 : =FFFA              VEC_SWI:        equ     $FFFA  ; $FFFA: Software Interrupt
(1)       0 : =FFFC              VEC_NMI:        equ     $FFFC  ; $FFFC: Non Maskable Interrupt
(1)       0 : =FFFE              VEC_RESET:      equ     $FFFE  ; $FFFE: Reset
          0 :
       FFFE :                            org     VEC_RESET
       FFFE : 10 00                      fdb     main
      10000 :
       FFFA :                            org     VEC_SWI
       FFFA : FF FA                      fdb     VEC_SWI         ; for halt to system
       FFFC :
       1000 :                            org     $1000
       1000 :                    main:
       1000 : 10 CE 10 00                lds     #main
       1004 : 8D 01                      bsr     mc6x09
       1006 : 3F                         swi
       1007 :
       1007 :                            include "mc6x09.inc"
(1)    1007 :                    ;;; -*- mode: asm; mode: flyspell-prog; -*-
(1)    1007 :                            cpu     6809
(1)    1007 :                    mc6x09:
(1)    1007 : 5F                         clrb
(1)    1008 : 10 43                      fdb     $1043
(1)    100A :                            ;; NOP/COMA on MC6809
(1)    100A :                            ;; COMD     on HD6309
(1)    100A : 5D                         tstb
(1)    100B : 26 04                      bne     __hd6309
(1)    100D :                    __mc6809:
(1)    100D : 8E 68 09                   ldx     #$6809
(1)    1010 : 39                         rts
(1)    1011 :                    __hd6309:
(1)    1011 : 8E 63 09                   ldx     #$6309
(1)    1014 : 39                         rts
