          0 :                            cpu     tlcs90
          0 :                            org     0
          0 : 3E 00 10                   ld      sp, 1000H
          3 : 3A 00 20                   ld      hl, 2000H
          6 : 39 00 30                   ld      de, 3000H
          9 : 1A 1E 10                   jp      pointer
          C :
          C : =FFF8              dir:    equ     0FFF8H
          C :
       1000 :                            org     1000H
       1000 :                    direct:
       1000 : 3C FF FF                   ld      ix, 0FFFFH
       1003 : 94                         inc     ix
       1004 : 07 F8                      incx    (dir)
       1006 : 94                         inc     ix
       1007 : 0F F8                      decx    (dir)
       1009 : 3F F8 34 12                ldw     (dir), 1234H
       100D : 87 F8                      inc     (dir)
       100F : 8F F8                      dec     (dir)
       1011 : 97 F8                      incw    (dir)
       1013 : 9F F8                      decw    (dir)
       1015 : B0 F8                      res     0,(dir)
       1017 : B8 F8                      set     0,(dir)
       1019 : 4F F8                      ld      (dir),hl
       101B : 36 00                      ld      a,0
       101D : FF                         swi
       101E :
       101E :                    pointer:
       101E : E1 87                      inc     (de)
       1020 : E1 8F                      dec     (de)
       1022 : E1 97                      incw    (de)
       1024 : E1 9F                      decw    (de)
       1026 : E1 B0                      res     0,(de)
       1028 : E1 B8                      set     0,(de)
       102A : E1 18                      tset    0,(de)
       102C : E1 10                      rld     (de)
       102E : E1 11                      rrd     (de)
       1030 : E1 A0                      rlc     (de)
       1032 : E9 24                      ld      (de),h
       1034 : E9 3F 78 56                ldw     (de),5678H
       1038 : E9 42                      ld      (de),hl
       103A : E9 68 89                   add     (de),89H
       103D : 36 00                      ld      a,0
       103F : FF                         swi
       1040 :
       1040 :                    block:
       1040 : 38 04 00                   ld      bc, 4
       1043 : FE 59                      ldir
       1045 : 38 04 00                   ld      bc, 4
       1048 : FE 5B                      lddr
       104A : 38 04 00                   ld      bc, 4
       104D : FE 5D                      cpir
       104F : 38 04 00                   ld      bc, 4
       1052 : FE 5F                      cpdr
       1054 : 36 00                      ld      a,0
       1056 : FF                         swi
