   0:                                CPU   6801
   0:                                INCLUDE               "mc6801.inc"
   0:                ;;; -*- mode: asm; mode: flyspell-prog; -*-
   0:
   0:                ;;; MC6801/MC6803
   0:                ;;; Condition Code Register (CC)
   0: =$1            CC_CARRY        EQU   %00000001       ; set to 1 if carry occurred
   0: =$2            CC_OVERFLOW     EQU   %00000010       ; set to 1 if overflow occurred
   0: =$4            CC_ZERO         EQU   %00000100       ; set to 1 if result is zero
   0: =$8            CC_NEGATIVE     EQU   %00001000       ; set to 1 if result is negative
   0: =$10           CC_IRQ          EQU   %00010000       ; if 1, IRQ is masked
   0: =$20           CC_HALF_CARRY   EQU   %00100000       ; if 1, decimal carry from least digit occurred
   0:
   0:                ;;; Internal Register Area
   0: =$0            DDR1:           EQU   $00             ; $00: Port 1 Data Direction Register
   0: =$1            DDR2:           EQU   $01             ; $01: Port 2 Data Direction Register
   0: =$2            PORT1:          EQU   $02             ; $02: Port 1 Data Register
   0: =$3            PORT2:          EQU   $03             ; $03: Port 2 Data Register
   0: =$4            DDR3:           EQU   $04             ; $04: Port 3 Data Direction Register
   0: =$5            DDR4:           EQU   $05             ; $05: Port 4 Data Direction Register
   0: =$6            PORT3:          EQU   $06             ; $06: Port 3 Data Register
   0: =$7            PORT4:          EQU   $07             ; $07: Port 4 Data Register
   0: =$8            TCSR:           EQU   $08             ; $08: Timer Control and Status Register
   0: =$9            TCNT:           EQU   $09             ; $09: Timer Counter
   0: =$B            TOCR:           EQU   $0B             ; $0B: Output Compare Register
   0: =$D            TCAP:           EQU   $0D             ; $0D: Input Capture Register
   0: =$F            P3CSR:          EQU   $0F             ; $0F: Port 3 Control and Status Register
   0: =$10           RMCR:           EQU   $10             ; $10: Rate and Mode Control Registers
   0: =$11           TRCSR:          EQU   $11             ; $11: Transmit Receive Control and Status Register
   0: =$12           SCRDR:          EQU   $12             ; $12: Receiver Data Register
   0: =$13           SCTDR:          EQU   $13             ; $13: Transmit Data Register
   0: =$14           RAMCR:          EQU   $14             ; $14: RAM Control Register
   0:
   0:                ;;; Port 2 Data Register
   0: =$E0           PC_gm:          EQU   %11100000       ; PC group mask
   0: =$5            PC_gp:          EQU   5               ; PC group position
   0: =$20           PC0_bm:         EQU   %00100000       ; PC0
   0: =$40           PC1_bm:         EQU   %01000000       ; PC1
   0: =$80           PC2_bm:         EQU   %10000000       ; PC2
   0:
   0:                ;;; Port 3 Control and Status Register
   0: =$8            P3_LATCH_bm:    EQU   %00001000       ; Latch Enable
   0: =$10           P3_OSS_bm:      EQU   %00010000       ; Output Strobe Select
   0: =$40           P3_IS3IE_bm:    EQU   %01000000       ; IS3 IRQ1 Enable
   0: =$80           P3_IS3F_bm:     EQU   %10000000       ; IS3 Flag
   0:
   0:                ;;; RAM Control Register
   0: =$40           RAME_bm:        EQU   %01000000       ; RAM Enable
   0: =$80           STBY_PWR_bm:    EQU   %10000000       ; Standby Power status
   0:
   0:                ;;; Timer Control and Status Register
   0: =$1            TCSR_OLVL_bm:   EQU   %00000001       ; Output Level
   0: =$2            TCSR_IEDG_bm:   EQU   %00000010       ; Input Edge. 0=negative/1=positive
   0: =$4            TCSR_ETOI_bm:   EQU   %00000100       ; Enable Timer Overflow Interrupt for IRQ2
   0: =$8            TCSR_EOCI_bm:   EQU   %00001000       ; Enable Output Compare Interrupt for IRQ2
   0: =$10           TCSR_EICI_bm:   EQU   %00010000       ; Enable Input Capture Interrupt for IRQ2
   0: =$20           TCSR_TOF_bm:    EQU   %00100000       ; Timer Overflow Flag
   0: =$40           TCSR_OCF_bm:    EQU   %01000000       ; Output Compare Flag
   0: =$80           TCSR_ICF_bm:    EQU   %10000000       ; Input Capture Flag
   0:
   0:                ;;; Serial Communication Interface
   0:                ;;; Rate and Mode Control Registers
   0:                ;; Speed Select
   0: =$3            SS_gm:          EQU   %00000011       ; Group mask
   0: =$0            SS_DIV16_gc:    EQU   %00000000       ; E/16
   0: =$1            SS_DIV128_gc:   EQU   %00000001       ; E/128
   0: =$2            SS_DIV1024_gc:  EQU   %00000010       ; E/1024
   0: =$3            SS_DIV4096_gc:  EQU   %00000011       ; E/4096
   0:                ;; Clock Control and Format Select
   0: =$C            CCFS_gm:        EQU   %00001100       ; Group mask
   0: =$0            CCFS_BIPH_gc:   EQU   %00000000       ; Bi-Phase
   0: =$4            CCFS_NRZ_gc:    EQU   %00000100       ; NRZ
   0: =$8            CCFS_NRZO_gc:   EQU   %00001000       ; NRZ P22=Clock Output
   0: =$C            CCFS_NRZI_gc:   EQU   %00001100       ; NRZ P22=Clock Input
   0:                ;;; Transmit/Receive Control and Status Register
   0: =$1            TRCSR_WU_bm:    EQU   %00000001       ; Wake-up on idle line
   0: =$2            TRCSR_TE_bm:    EQU   %00000010       ; Transmit Enable; if set, P24 is output
   0: =$4            TRCSR_TIE_bm:   EQU   %00000100       ; Transmit Interrupt Enable for IRQ2
   0: =$8            TRCSR_RE_bm:    EQU   %00001000       ; Receiver Enable; if set, P23 is input
   0: =$10           TRCSR_RIE_bm:   EQU   %00010000       ; Receiver Interrupt Enable for IRQ2
   0: =$20           TRCSR_TDRE_bm:  EQU   %00100000       ; Transmit Data Register Empty
   0: =$40           TRCSR_ORFE_bm:  EQU   %01000000       ; Overrun Framing Error
   0: =$80           TRCSR_RDRF_bm:  EQU   %10000000       ; Receive Data Register Full
   0:
   0:                ;;; Vector
   0: =$FFF0         VEC_SCI:        EQU   $FFF0           ; $FFF0: SCI Interrupt (TDRE+RDRF+ORFE)
   0: =$FFF2         VEC_TOF:        EQU   $FFF2           ; $FFF2: Timer Overflow Interrupt
   0: =$FFF4         VEC_OCF:        EQU   $FFF4           ; $FFF4: Output Compare Interrupt
   0: =$FFF6         VEC_ICF:        EQU   $FFF6           ; $FFF6: Input Capture Interrupt
   0: =$FFF8         VEC_IRQ1:       EQU   $FFF8           ; $FFF8: Maskable Interrupt Request 1
   0: =$FFFA         VEC_SWI:        EQU   $FFFA           ; $FFFA: Software Interrupt
   0: =$FFFC         VEC_NMI:        EQU   $FFFC           ; $FFFC: Non Maskable Interrupt
   0: =$FFFE         VEC_RESET:      EQU   $FFFE           ; $FFFE: Reset
   0:
   0:                ;;; MC6850 Asynchronous Communication Interface Adapter
   0: =$DF00         ACIA:           EQU   $DF00
   0:                                INCLUDE               "mc6850.inc"
   0:                ;;; -*- mode: asm; mode: flyspell-prog; -*-
   0:
   0:                ;;; MC6850
   0:                ;;; Asynchronous Communication Interface Adapter
   0:
   0:                ;;; Control register
   0: =$DF00         ACIA_control:   EQU   ACIA+0
   0:                ;; Counter Divider Select Bits
   0: =$3            CDS_gm:         EQU   %11             ; Group mask
   0: =$0            CDS_DIV1_gc:    EQU   %00000000       ; /1
   0: =$1            CDS_DIV16_gc:   EQU   %00000001       ; /16
   0: =$2            CDS_DIV64_gc:   EQU   %00000010       ; /64
   0: =$3            CDS_RESET_gc:   EQU   %00000011       ; Master Reset
   0:                ;; Word Select Bits
   0: =$1C           WSB_gm:         EQU   %00011100       ; Group mask
   0: =$0            WSB_7E2_gc:     EQU   %00000000       ; 7 Bits + Even Parity + 2 Stop Bits
   0: =$4            WSB_7O2_gc:     EQU   %00000100       ; 7 bits + Odd Parity  + 2 Stop Bits
   0: =$8            WSB_7E1_gc:     EQU   %00001000       ; 7 bits + Even Parity + 1 Stop Bits
   0: =$C            WSB_7O1_gc:     EQU   %00001100       ; 7 bits + Odd Parity  + 1 Stop Bits
   0: =$10           WSB_8N2_gc:     EQU   %00010000       ; 8 bits + No Parity   + 2 Stop Bits
   0: =$14           WSB_8N1_gc:     EQU   %00010100       ; 8 bits + No Parity   + 1 Stop Bits
   0: =$18           WSB_8E1_gc:     EQU   %00011000       ; 8 bits + Even Parity + 1 Stop Bits
   0: =$1C           WSB_8O1_gc:     EQU   %00011100       ; 8 bits + Odd Parity  + 1 Stop Bits
   0:                ;; Transmit Control Bits
   0: =$60           TCB_gm:         EQU   %01100000       ; Group mask
   0: =$0            TCB_DI_gc:      EQU   %00000000       ; RTS=Low,  Tx Interrupt Disabled
   0: =$20           TCB_EI_gc:      EQU   %00100000       ; RTS=Low,  Tx Interrupt Enabled
   0: =$40           TCB_RTS_gc:     EQU   %01000000       ; RTS=High, Tx Interrupt Disabled
   0: =$60           TCB_BREAK_gc:   EQU   %01100000       ; RTS=Low,  Tx Interrupt Disabled
   0:                ; Transmit Break Level
   0: =$80           RIEB_bm:        EQU   %10000000       ; Receive Interrupt Enable Bit mask
   0:
   0:                ;;; Status register
   0: =$DF00         ACIA_status:    EQU   ACIA+0
   0: =$1            RDRF_bm:        EQU   %00000001       ; Receive Data Register Full
   0: =$2            TDRE_bm:        EQU   %00000010       ; Transmit Data Register Empty
   0: =$4            DCDF_bm:        EQU   %00000100       ; Data Carrier Detect Flag
   0: =$8            CTSF_bm:        EQU   %00001000       ; Clear To Send Flag
   0: =$10           FERR_bm:        EQU   %00010000       ; Frame Error Flag
   0: =$20           OVRN_bm:        EQU   %00100000       ; Receiver Overrun Flag
   0: =$40           PERR_bm:        EQU   %01000000       ; Parity Error Flag
   0: =$80           IRQF_bm:        EQU   %10000000       ; Interrupt Request Flag
   0:
   0:                ;;; Data register
   0: =$DF01         ACIA_data:      EQU   ACIA+1          ; Data register
   0:
1000:                                ORG   $1000
1000: =$FFF          stack:          EQU   *-1             ; MC6801's SP is post-decrement/pre-increment
1000:
1000:                                ORG   $1000
1000:                initialize:
1000: 8E 0F FF                       LDS   #stack
1003: 86 03                          LDAA  #CDS_RESET_gc   ; Master reset
1005: B7 DF 00                       STAA  ACIA_control
1008: 86 14                          LDAA  #WSB_8N1_gc     ; 8 bits + No Parity + 1 Stop Bits
100A:                ; Transmit, Receive interrupts disabled
100A: B7 DF 00                       STAA  ACIA_control
100D:
100D:                receive_loop:
100D: B6 DF 00                       LDAA  ACIA_status
1010: 85 01                          BITA  #RDRF_bm
1012: 27 F9                          BEQ   receive_loop
1014:                receive_data:
1014: F6 DF 01                       LDAB  ACIA_data
1017:                transmit_loop:
1017: B6 DF 00                       LDAA  ACIA_status
101A: 85 02                          BITA  #TDRE_bm
101C: 27 F9                          BEQ   transmit_loop
101E:                transmit_data:
101E: F7 DF 01                       STAB  ACIA_data
1021: C1 0D                          CMPB  #$0d
1023: 26 E8                          BNE   receive_loop
1025: C6 0A                          LDAB  #$0a
1027: 20 EE                          BRA   transmit_loop
1029:
FFFE:                                ORG   VEC_RESET
FFFE: 10 00                          FDB   initialize
