          0 :                            cpu     6809
          0 :                            include "mc6809.inc"
(1)       0 :                    ;;; -*- mode: asm; mode: flyspell-prog; -*-
(1)       0 :
(1)       0 :                    ;;; Condition Code Register (CC)
(1)       0 : =1                 CC_CARRY      equ  %00000001   ; set to 1 if carry occurred
(1)       0 : =2                 CC_OVERFLOW   equ  %00000010   ; set to 1 if overflow occurred
(1)       0 : =4                 CC_ZERO       equ  %00000100   ; set to 1 if result is zero
(1)       0 : =8                 CC_NEGATIVE   equ  %00001000   ; set to 1 if result is negative
(1)       0 : =10                CC_IRQ        equ  %00010000   ; if 1, IRQ is masked
(1)       0 : =20                CC_HALF_CARRY equ  %00100000   ; if 1, decimal carry from least digit occurred
(1)       0 : =40                CC_FIRQ       equ  %01000000   ; if 1, FIRQ is masked
(1)       0 : =80                CC_ENTIRE     equ  %10000000   ; set to 1 if entire registers are pushed
(1)       0 :
(1)       0 :                    ;;; Vector
(1)       0 : =FFF2              VEC_SWI3:       equ     $FFF2  ; $FFF2: Software Interrupt 3
(1)       0 : =FFF4              VEC_SWI2:       equ     $FFF4  ; $FFF4: Software Interrupt 2
(1)       0 : =FFF6              VEC_FIRQ:       equ     $FFF6  ; $FFF6: Fast Interrupt Request
(1)       0 : =FFF8              VEC_IRQ:        equ     $FFF8  ; $FFF8: Interrupt Request
(1)       0 : =FFFA              VEC_SWI:        equ     $FFFA  ; $FFFA: Software Interrupt
(1)       0 : =FFFC              VEC_NMI:        equ     $FFFC  ; $FFFC: Non Maskable Interrupt
(1)       0 : =FFFE              VEC_RESET:      equ     $FFFE  ; $FFFE: Reset
          0 :
          0 :                    ;;; MC6850 Asynchronous Communication Interface Adapter
          0 : =DF00              ACIA:   equ     $DF00
          0 :                            include "mc6850.inc"
(1)       0 :                    ;;; -*- mode: asm; mode: flyspell-prog; -*-
(1)       0 :
(1)       0 :                    ;;; MC6850
(1)       0 :                    ;;; Asynchronous Communication Interface Adapter
(1)       0 :
(1)       0 :                    ;;; Control register
(1)       0 : =DF00              ACIA_control:   equ     ACIA+0
(1)       0 :                            ;; Counter Divider Select Bits
(1)       0 : =3                 CDS_gm:         equ     %11    ; Group mask
(1)       0 : =0                 CDS_DIV1_gc:    equ     %00000000 ; /1
(1)       0 : =1                 CDS_DIV16_gc:   equ     %00000001 ; /16
(1)       0 : =2                 CDS_DIV64_gc:   equ     %00000010 ; /64
(1)       0 : =3                 CDS_RESET_gc:   equ     %00000011 ; Master Reset
(1)       0 :                            ;; Word Select Bits
(1)       0 : =1C                WSB_gm:         equ     %00011100 ; Group mask
(1)       0 : =0                 WSB_7E2_gc:     equ     %00000000 ; 7 Bits + Even Parity + 2 Stop Bits
(1)       0 : =4                 WSB_7O2_gc:     equ     %00000100 ; 7 bits + Odd Parity  + 2 Stop Bits
(1)       0 : =8                 WSB_7E1_gc:     equ     %00001000 ; 7 bits + Even Parity + 1 Stop Bits
(1)       0 : =C                 WSB_7O1_gc:     equ     %00001100 ; 7 bits + Odd Parity  + 1 Stop Bits
(1)       0 : =10                WSB_8N2_gc:     equ     %00010000 ; 8 bits + No Parity   + 2 Stop Bits
(1)       0 : =14                WSB_8N1_gc:     equ     %00010100 ; 8 bits + No Parity   + 1 Stop Bits
(1)       0 : =18                WSB_8E1_gc:     equ     %00011000 ; 8 bits + Even Parity + 1 Stop Bits
(1)       0 : =1C                WSB_8O1_gc:     equ     %00011100 ; 8 bits + Odd Parity  + 1 Stop Bits
(1)       0 :                            ;; Transmit Control Bits
(1)       0 : =60                TCB_gm:         equ     %01100000 ; Group mask
(1)       0 : =0                 TCB_DI_gc:      equ     %00000000 ; RTS=Low,  Tx Interrupt Disabled
(1)       0 : =20                TCB_EI_gc:      equ     %00100000 ; RTS=Low,  Tx Interrupt Enabled
(1)       0 : =40                TCB_RTS_gc:     equ     %01000000 ; RTS=High, Tx Interrupt Disabled
(1)       0 : =60                TCB_BREAK_gc:   equ     %01100000 ; RTS=Low,  Tx Interrupt Disabled
(1)       0 :                                                      ; Transmit Break Level
(1)       0 : =80                RIEB_bm:        equ     %10000000 ; Receive Interrupt Enable Bit mask
(1)       0 :
(1)       0 :                    ;;; Status register
(1)       0 : =DF00              ACIA_status:    equ     ACIA+0
(1)       0 : =1                 RDRF_bm:        equ     %00000001 ; Receive Data Register Full
(1)       0 : =2                 TDRE_bm:        equ     %00000010 ; Transmit Data Register Empty
(1)       0 : =4                 DCDF_bm:        equ     %00000100 ; Data Carrier Detect Flag
(1)       0 : =8                 CTSF_bm:        equ     %00001000 ; Clear To Send Flag
(1)       0 : =10                FERR_bm:        equ     %00010000 ; Frame Error Flag
(1)       0 : =20                OVRN_bm:        equ     %00100000 ; Receiver Overrun Flag
(1)       0 : =40                PERR_bm:        equ     %01000000 ; Parity Error Flag
(1)       0 : =80                IRQF_bm:        equ     %10000000 ; Interrupt Request Flag
(1)       0 :
(1)       0 :                    ;;; Data register
(1)       0 : =DF01              ACIA_data:      equ     ACIA+1          ; Data register
          0 : =94                RX_INT_TX_NO:   equ     WSB_8N1_gc|RIEB_bm
          0 : =B4                RX_INT_TX_INT:  equ     WSB_8N1_gc|RIEB_bm|TCB_EI_gc
          0 :
         20 :                            org     $20
         20 :                    ;;; Working space for mandelbrot.inc
         20 : =32                F:      equ     50
         20 :                    vC:     rmb     2
         22 :                    vD:     rmb     2
         24 :                    vA:     rmb     2
         26 :                    vB:     rmb     2
         28 :                    vS:     rmb     2
         2A :                    vP:     rmb     2
         2C :                    vQ:     rmb     2
         2E :                    vY:     rmb     1
         2F :                    vX:     rmb     1
         30 :                    vI:     rmb     1
         31 :
         31 :                    ;;; Working space for arith.inc
         31 :                    R0:
         31 :                    R0H:    rmb     1
         32 :                    R0L:    rmb     1
         33 :                    R1:
         33 :                    R1H:    rmb     1
         34 :                    R1L:    rmb     1
         35 :                    R2:
         35 :                    R2H:    rmb     1
         36 :                    R2L:    rmb     1
         37 :
       2000 :                            org     $2000
       2000 : =80                rx_queue_size:  equ     128
       2000 :                    rx_queue:       rmb     rx_queue_size
       2080 : =80                tx_queue_size:  equ     128
       2080 :                    tx_queue:       rmb     tx_queue_size
       2100 :
       1000 :                            org     $1000
       1000 : =FFF               stack:  equ     *-1             ; MC6800's SP is post-decrement/pre-increment
       1000 :
       FFF6 :                            org     VEC_FIRQ
       FFF6 : 03 C9                      fdb     isr_firq
       FFF8 :
       FFFA :                            org     VEC_SWI
       FFFA : FF FA                      fdb     VEC_SWI         ; for halt to system
       FFFC :
       FFFE :                            org     VEC_RESET
       FFFE : 01 00                      fdb     main
      10000 :
        100 :                            org     $0100
        100 :                    main:
        100 : 10 CE 0F FF                lds     #stack
        104 : 8E 20 00                   ldx     #rx_queue
        107 : C6 80                      ldb     #rx_queue_size
        109 : 17 02 72                   lbsr    queue_init
        10C : 8E 20 80                   ldx     #tx_queue
        10F : C6 80                      ldb     #tx_queue_size
        111 : 17 02 6A                   lbsr    queue_init
        114 :                            ;; initialize ACIA
        114 : 86 03                      lda     #CDS_RESET_gc   ; master reset
        116 : B7 DF 00                   sta     ACIA_control
        119 : 86 94                      lda     #RX_INT_TX_NO
        11B : B7 DF 00                   sta     ACIA_control
        11E : 86 02                      lda     #2              ; FIRQ
        120 : B7 DF 02                   sta     ACIA+2          ; set #FIRQ name for MC6805 emulator
        123 : 1C BF                      andcc   #~CC_FIRQ       ; Clear FIRQ mask
        125 :
        125 : BD 01 66                   jsr     mandelbrot
        128 : 3F                         swi
        129 :
        129 :                    ;;; Get character
        129 :                    ;;; @return A
        129 :                    ;;; @return CC.C 0 if no character
        129 :                    getchar:
        129 : 34 10                      pshs    x
        12B : 8E 20 00                   ldx     #rx_queue
        12E : 1A 40                      orcc    #CC_FIRQ         ; disable FIRQ
        130 : 17 02 77                   lbsr     queue_remove
        133 : 1C BF                      andcc   #~CC_FIRQ        ; enable FIRQ
        135 : 35 90                      puls    x,pc
        137 :
        137 :                    ;;; Put character
        137 :                    ;;; @param A
        137 :                    putspace:
        137 : 86 20                      lda     #' '
        139 : 20 06                      bra     putchar
        13B :                    newline:
        13B : 86 0D                      lda     #$0D
        13D : 8D 02                      bsr     putchar
        13F : 86 0A                      lda     #$0A
        141 :                    putchar:
        141 : 34 12                      pshs    x,a
        143 : 8E 20 80                   ldx     #tx_queue
        146 :                    putchar_retry:
        146 : 1A 40                      orcc    #CC_FIRQ         ; disable FIRQ
        148 : 17 02 41                   lbsr    queue_add
        14B : 1C BF                      andcc   #~CC_FIRQ        ; enable FIRQ
        14D : 24 F7                      bcc     putchar_retry    ; branch if queue is full
        14F : 86 B4                      lda     #RX_INT_TX_INT   ; enable Tx interrupt
        151 : B7 DF 00                   sta     ACIA_control
        154 : 35 92                      puls    a,x,pc
        156 :
        156 :                            include "mandelbrot.inc"
(1)     156 :                    ;;; -*- mode: asm; mode: flyspell-prog; -*-
(1)     156 :                            cpu     6809
(1)     156 :
(1)     156 :                    ;;; Print variable: "A=variable "
(1)     156 :                    ;;; @param X variable
(1)     156 :                    ;;; @param A variable letter
(1)     156 :                    ;;; @clobber R0
(1)     156 :                    print:
(1)     156 : 9F 31                      stx     R0
(1)     158 : BD 01 41                   jsr     putchar         ; print variable letter
(1)     15B : 86 3D                      lda     #'='
(1)     15D : BD 01 41                   jsr     putchar         ; '='
(1)     160 : BD 02 A8                   jsr     print_int16
(1)     163 : 7E 01 37                   jmp     putspace
(1)     166 :
(1)     166 :                    mandelbrot:
(1)     166 : 86 F4                      lda     #-12
(1)     168 : 97 2E                      sta     vY              ; Y=-12
(1)     16A :                    loop_y:
(1)     16A : 86 CF                      lda     #-49
(1)     16C : 97 2F                      sta     vX              ; X=-49
(1)     16E :                    loop_x:
(1)     16E : D6 2F                      ldb     vX
(1)     170 : 1D                         sex
(1)     171 : DD 33                      std     R1              ; R1=X
(1)     173 : 8E 00 E5                   ldx     #229
(1)     176 : 9F 35                      stx     R2
(1)     178 : BD 02 FA                   jsr     mul16           ; R0=X*229
(1)     17B : 9E 31                      ldx     R0
(1)     17D : 9F 33                      stx     R1
(1)     17F : 8E 00 64                   ldx     #100
(1)     182 : 9F 35                      stx     R2
(1)     184 : BD 03 57                   jsr     div16           ; R0=X*229/100
(1)     187 : 9E 31                      ldx     R0
(1)     189 : 9F 20                      stx     vC              ; C=X*229/100
(1)     18B : 9F 24                      stx     vA              ; A=C
(1)     18D : D6 2E                      ldb     vY
(1)     18F : 1D                         sex
(1)     190 : DD 33                      std     R1              ; R1=Y
(1)     192 : 8E 01 A0                   ldx     #416
(1)     195 : 9F 35                      stx     R2
(1)     197 : BD 02 FA                   jsr     mul16           ; R0=Y*416
(1)     19A : 9E 31                      ldx     R0
(1)     19C : 9F 33                      stx     R1
(1)     19E : 8E 00 64                   ldx     #100
(1)     1A1 : 9F 35                      stx     R2
(1)     1A3 : BD 03 57                   jsr     div16           ; R0=Y*416/100
(1)     1A6 : 9E 31                      ldx     R0
(1)     1A8 : 9F 22                      stx     vD              ; D=Y*416/100
(1)     1AA : 9F 26                      stx     vB              ; B=D
(1)     1AC : 0F 30                      clr     vI              ; I=0
(1)     1AE :
(1)     1AE :                            ;; ldb     vY              ; Y
(1)     1AE :                            ;; sex
(1)     1AE :                            ;; tfr     D,X
(1)     1AE :                            ;; lda     #'Y'
(1)     1AE :                            ;; jsr     print
(1)     1AE :                            ;; ldb     vX              ; X
(1)     1AE :                            ;; sex
(1)     1AE :                            ;; tfr     D,X
(1)     1AE :                            ;; lda     #'X'
(1)     1AE :                            ;; jsr     print
(1)     1AE :                            ;; ldx     vC              ; C
(1)     1AE :                            ;; lda     #'C'
(1)     1AE :                            ;; jsr     print
(1)     1AE :                            ;; ldx     vD              ; D
(1)     1AE :                            ;; lda     #'D'
(1)     1AE :                            ;; jsr     print
(1)     1AE :                            ;; jsr     newline
(1)     1AE :
(1)     1AE :                    loop_i:
(1)     1AE : 9E 26                      ldx     vB
(1)     1B0 : 9F 33                      stx     R1              ; R1=B
(1)     1B2 : 8E 00 32                   ldx     #F
(1)     1B5 : 9F 35                      stx     R2              ; R2=F
(1)     1B7 : BD 03 57                   jsr     div16           ; R0=B/F
(1)     1BA : 9E 31                      ldx     R0
(1)     1BC : 9F 2C                      stx     vQ              ; Q=B/F
(1)     1BE : 9F 33                      stx     R1              ; R1=Q
(1)     1C0 : 8E 00 32                   ldx     #F
(1)     1C3 : 9F 35                      stx     R2              ; R2=F
(1)     1C5 : BD 02 FA                   jsr     mul16           ; R0=Q*F
(1)     1C8 : DC 26                      ldd     vB
(1)     1CA : 93 31                      subd    R0              ; B-Q*F
(1)     1CC : DD 28                      std     vS              ; S=B-Q*F
(1)     1CE : 9E 24                      ldx     vA
(1)     1D0 : 9F 33                      stx     R1              ; R1=A
(1)     1D2 : 9F 35                      stx     R2              ; R2=A
(1)     1D4 : BD 02 FA                   jsr     mul16           ; R0=A*A
(1)     1D7 : 9E 31                      ldx     R0
(1)     1D9 : 34 10                      pshs    X               ; push A*A
(1)     1DB : 9E 26                      ldx     vB
(1)     1DD : 9F 33                      stx     R1              ; R1=B
(1)     1DF : 9F 35                      stx     R2              ; R2=B
(1)     1E1 : BD 02 FA                   jsr     mul16           ; R0=B*B
(1)     1E4 : 35 06                      puls    D               ; A*A
(1)     1E6 : 93 31                      subd    R0              ; A*A-B*B
(1)     1E8 : DD 33                      std     R1              ; R1=A*A-B*B
(1)     1EA : 8E 00 32                   ldx     #F
(1)     1ED : 9F 35                      stx     R2
(1)     1EF : BD 03 57                   jsr     div16           ; R0=(A*A-B*B)/F
(1)     1F2 : DC 31                      ldd     R0
(1)     1F4 : D3 20                      addd    vC
(1)     1F6 : 34 06                      pshs    D               ; push (A*A-B*B)/F+C
(1)     1F8 : 9E 24                      ldx     vA
(1)     1FA : 9F 33                      stx     R1              ; R1=A
(1)     1FC : 9E 2C                      ldx     vQ
(1)     1FE : 9F 35                      stx     R2              ; R2=Q
(1)     200 : BD 02 FA                   jsr     mul16           ; R0=A*Q
(1)     203 : 9E 31                      ldx     R0
(1)     205 : 34 10                      pshs    X               ; push A*Q
(1)     207 : 9E 24                      ldx     vA
(1)     209 : 9F 33                      stx     R1              ; R1=A
(1)     20B : 9E 28                      ldx     vS
(1)     20D : 9F 35                      stx     R2              ; R2=S
(1)     20F : BD 02 FA                   jsr     mul16           ; R0=A*S
(1)     212 : 9E 31                      ldx     R0
(1)     214 : 9F 33                      stx     R1              ; R1=A*S
(1)     216 : 8E 00 32                   ldx     #F
(1)     219 : 9F 35                      stx     R2
(1)     21B : BD 03 57                   jsr     div16           ; R0=A*S/F
(1)     21E : 35 06                      puls    D               ; A*Q
(1)     220 : D3 31                      addd    R0              ; A*Q+A*S/F
(1)     222 : DD 31                      std     R0              ; R0=A*Q+A*S/F
(1)     224 : D3 31                      addd    R0              ; 2*(A*Q+A*S/F)
(1)     226 : D3 22                      addd    vD              ; 2*(A*Q+A*S/F)+D
(1)     228 : DD 26                      std     vB              ; B=2*(A*Q+A*S/F)+D
(1)     22A : 35 10                      puls    X               ; pop (A*A-B*B)/F+C
(1)     22C : 9F 24                      stx     vA              ; A=(A*A-B*B)/F+C
(1)     22E : 9F 33                      stx     R1              ; R1=A
(1)     230 : 8E 00 32                   ldx     #F
(1)     233 : 9F 35                      stx     R2              ; R2=F
(1)     235 : BD 03 57                   jsr     div16           ; R0=A/F
(1)     238 : 9E 31                      ldx     R0
(1)     23A : 9F 2A                      stx     vP              ; P=A/F
(1)     23C : 9E 26                      ldx     vB
(1)     23E : 9F 33                      stx     R1              ; R1=B
(1)     240 : 8E 00 32                   ldx     #F
(1)     243 : 9F 35                      stx     R2              ; R2=F
(1)     245 : BD 03 57                   jsr     div16           ; R0=B/F
(1)     248 : 9E 31                      ldx     R0
(1)     24A : 9F 2C                      stx     vQ              ; Q=B/F
(1)     24C :
(1)     24C :                            ;; jsr     putspace
(1)     24C :                            ;; ldb     vI              ; I
(1)     24C :                            ;; sex
(1)     24C :                            ;; tfr     D,X
(1)     24C :                            ;; lda     #'I'
(1)     24C :                            ;; jsr     print
(1)     24C :                            ;; ldx     vA              ; A
(1)     24C :                            ;; lda     #'A'
(1)     24C :                            ;; jsr     print
(1)     24C :                            ;; ldx     vB              ; B
(1)     24C :                            ;; lda     #'B'
(1)     24C :                            ;; jsr     print
(1)     24C :                            ;; ldx     vP              ; P
(1)     24C :                            ;; lda     #'P'
(1)     24C :                            ;; jsr     print
(1)     24C :                            ;; ldx     vQ              ; Q
(1)     24C :                            ;; lda     #'Q'
(1)     24C :                            ;; jsr     print
(1)     24C :                            ;; jsr     newline
(1)     24C :
(1)     24C : 9E 2A                      ldx     vP
(1)     24E : 9F 33                      stx     R1              ; R1=P
(1)     250 : 9F 35                      stx     R2              ; R2=P
(1)     252 : BD 02 FA                   jsr     mul16           ; R0=P*P
(1)     255 : 9E 31                      ldx     R0
(1)     257 : 34 10                      pshs    X               ; push P*P
(1)     259 : 9E 2C                      ldx     vQ
(1)     25B : 9F 33                      stx     R1              ; R1=Q
(1)     25D : 9F 35                      stx     R2              ; R2=Q
(1)     25F : BD 02 FA                   jsr     mul16           ; R0=Q*Q
(1)     262 : 35 06                      puls    D               ; pop P*P
(1)     264 : D3 31                      addd    R0              ; Q*Q+P*P
(1)     266 : 83 00 04                   subd    #4              ; Q*Q+P*P-4
(1)     269 : 2E 0E                      bgt     print_i         ; if 4<P*P+Q*Q
(1)     26B : 0C 30                      inc     vI              ; I+=1
(1)     26D : 96 30                      lda     vI
(1)     26F : 81 10                      cmpa    #16
(1)     271 : 10 25 FF 39                lblo    loop_i          ; if I<16
(1)     275 : 86 20                      lda     #' '
(1)     277 : 20 0C                      bra     print_char
(1)     279 :                    print_i:
(1)     279 : 96 30                      lda     vI
(1)     27B : 80 0A                      suba    #10
(1)     27D : 2A 04                      bpl     print_i2       ; if I>=10
(1)     27F : 8B 3A                      adda    #10+'0'
(1)     281 : 20 02                      bra     print_char
(1)     283 :                    print_i2:
(1)     283 : 8B 41                      adda    #'A'
(1)     285 :                    print_char:
(1)     285 : BD 01 41                   jsr     putchar
(1)     288 :
(1)     288 :                            ;; pshs    A
(1)     288 :                            ;; lda     #'@'
(1)     288 :                            ;; jsr     putchar
(1)     288 :                            ;; lda     #'='
(1)     288 :                            ;; jsr     putchar
(1)     288 :                            ;; puls    A
(1)     288 :                            ;; jsr     putchar
(1)     288 :                            ;; jsr     newline
(1)     288 :
(1)     288 : BD 01 29                   jsr     getchar
(1)     28B : 24 03                      bcc     next_x
(1)     28D : 4D                         tsta
(1)     28E : 27 17                      beq     mandelbrot_end   ; break
(1)     290 :                    next_x:
(1)     290 : 0C 2F                      inc     vX              ; X+=1
(1)     292 : 96 2F                      lda     vX
(1)     294 : 81 1E                      cmpa    #30
(1)     296 : 10 2D FE D4                lblt    loop_x          ; if X<30
(1)     29A : BD 01 3B                   jsr     newline
(1)     29D : 0C 2E                      inc     vY              ; Y+=1
(1)     29F : 96 2E                      lda     vY
(1)     2A1 : 81 0D                      cmpa    #13
(1)     2A3 : 10 2D FE C3                lblt    loop_y          ; if Y<13
(1)     2A7 :                    mandelbrot_end:
(1)     2A7 : 39                         rts
        2A8 :                            include "arith.inc"
(1)     2A8 :                    ;;; -*- mode: asm; mode: flyspell-prog; -*-
(1)     2A8 :                            cpu     6809
(1)     2A8 :
(1)     2A8 :                    ;;; Print signed 16-bit integer as decimal
(1)     2A8 :                    ;;; @param R0 value
(1)     2A8 :                    ;;; @clobber A X R0 R1 R2
(1)     2A8 :                    print_int16:
(1)     2A8 : 96 31                      lda     R0H
(1)     2AA : 2A 0B                      bpl     print_uint16
(1)     2AC : 86 2D                      lda     #'-'
(1)     2AE : BD 01 41                   jsr     putchar
(1)     2B1 : DC 31                      ldd     R0
(1)     2B3 : 8D 24                      bsr     neg_D
(1)     2B5 : DD 31                      std     R0
(1)     2B7 :                    ;;; Print unsigned 16-bit integer as decimal
(1)     2B7 :                    ;;; @param R0 value
(1)     2B7 :                    ;;; @clobber A X R0 R1 R2
(1)     2B7 :                    print_uint16:
(1)     2B7 : 96 31                      lda     R0H
(1)     2B9 : 9A 32                      ora     R0L
(1)     2BB : 27 16                      beq     print_uint16_zero
(1)     2BD :                    print_uint16_loop:
(1)     2BD : 9E 31                      ldx     R0
(1)     2BF : 9F 33                      stx     R1               ; R1=value
(1)     2C1 : 27 15                      beq     print_uint16_end ; branch if value == 0
(1)     2C3 : 8E 00 0A                   ldx     #10
(1)     2C6 : 9F 35                      stx     R2              ; R2=10
(1)     2C8 : BD 03 20                   jsr     udiv16          ; R0=value/10
(1)     2CB : 96 34                      lda     R1L
(1)     2CD : 34 02                      pshs    A               ; push reminder
(1)     2CF : 8D EC                      bsr     print_uint16_loop
(1)     2D1 : 35 02                      puls    A
(1)     2D3 :                    print_uint16_zero:
(1)     2D3 : 8A 30                      ora     #'0'
(1)     2D5 : 7E 01 41                   jmp     putchar
(1)     2D8 :                    print_uint16_end:
(1)     2D8 : 39                         rts
(1)     2D9 :
(1)     2D9 :                    ;;; Negate D
(1)     2D9 :                    ;;; @param D register
(1)     2D9 :                    neg_D:
(1)     2D9 : 43                         coma
(1)     2DA : 53                         comb
(1)     2DB : CB 01                      addb    #1
(1)     2DD : 89 00                      adca    #0
(1)     2DF : 39                         rts
(1)     2E0 :
(1)     2E0 :                    ;;; Unsigned multiplication: result = multiplicand * multiplier
(1)     2E0 :                    ;;; @param R1 multiplicand
(1)     2E0 :                    ;;; @param R2 multiplier
(1)     2E0 :                    ;;; @return R0 result
(1)     2E0 :                    ;;; @clobber R0 R1 R2
(1)     2E0 :                    umul16:
(1)     2E0 : 96 34                      lda     R1L
(1)     2E2 : D6 36                      ldb     R2L
(1)     2E4 : 3D                         mul                     ; low(multiplicand)*low(multiplier)
(1)     2E5 : DD 31                      std     R0
(1)     2E7 : 96 34                      lda     R1L
(1)     2E9 : D6 35                      ldb     R2H
(1)     2EB : 3D                         mul                     ; low(multiplicand)*high(multiplier)
(1)     2EC : DB 31                      addb    R0H
(1)     2EE : D7 31                      stb     R0H
(1)     2F0 : 96 33                      lda     R1H
(1)     2F2 : D6 36                      ldb     R2L
(1)     2F4 : 3D                         mul                     ; high(multiplicand)*low(multiplier)
(1)     2F5 : DB 31                      addb    R0H
(1)     2F7 : D7 31                      stb     R0H
(1)     2F9 : 39                         rts
(1)     2FA :
(1)     2FA :                    ;;; Multiply; result = multiplicand * multiplier
(1)     2FA :                    ;;; @param R1 multiplicand
(1)     2FA :                    ;;; @param R2 multiplier
(1)     2FA :                    ;;; @return R0 result
(1)     2FA :                    ;;; @clobber R1 R2
(1)     2FA :                    mul16:
(1)     2FA : 96 33                      lda     R1H
(1)     2FC : 98 35                      eora    R2H
(1)     2FE : 34 02                      pshs    A               ; save hi(multiplicand^multiplier)
(1)     300 : DC 35                      ldd     R2
(1)     302 : 2A 03                      bpl     mul16_multiplicand
(1)     304 : BD 02 D9                   jsr     neg_D           ; negate multiplier
(1)     307 :                    mul16_multiplicand:
(1)     307 : DD 35                      std     R2
(1)     309 : DC 33                      ldd     R1
(1)     30B : 2A 03                      bpl     mul16_multiply
(1)     30D : BD 02 D9                   jsr     neg_D           ; negate multiplicand
(1)     310 :                    mul16_multiply:
(1)     310 : DD 33                      std     R1
(1)     312 : 8D CC                      bsr     umul16          ; R0=result
(1)     314 : A6 E0                      lda     ,S+             ; A=(multiplicand^multiplier)
(1)     316 : 2A 07                      bpl     mul16_end
(1)     318 : DC 31                      ldd     R0
(1)     31A : BD 02 D9                   jsr     neg_D           ; negate result
(1)     31D : DD 31                      std     R0
(1)     31F :                    mul16_end:
(1)     31F : 39                         rts
(1)     320 :
(1)     320 :                    ;;; Unsigned division: dividend / divisor = quotient ... reminder
(1)     320 :                    ;;; @praram R1 dividend
(1)     320 :                    ;;; @praram R2 divisor
(1)     320 :                    ;;; @return R0 quotient
(1)     320 :                    ;;; @return R1 reminder
(1)     320 :                    ;;; @clobber R2
(1)     320 :                    udiv16:
(1)     320 : DC 35                      ldd     R2
(1)     322 : 27 32                      beq     udiv16_end      ; divide by zero
(1)     324 : 8E 00 01                   ldx     #1              ; X=bits
(1)     327 : 20 04                      bra     udiv16_prep
(1)     329 :                    udiv16_prep_loop:
(1)     329 : 58                         lslb
(1)     32A : 49                         rola                    ; divisor <<= 1
(1)     32B : 30 01                      leax    1,X             ; ++bits
(1)     32D :                    udiv16_prep:
(1)     32D : 4D                         tsta
(1)     32E : 2A F9                      bpl     udiv16_prep_loop ; while msb(divisor) == 0
(1)     330 : DD 35                      std     R2
(1)     332 : 4F                         clra
(1)     333 : 5F                         clrb
(1)     334 : DD 31                      std     R0              ; quotient=0
(1)     336 : 20 0C                      bra     udiv16_enter_loop
(1)     338 :                    udiv16_loop:
(1)     338 : DC 35                      ldd     R2
(1)     33A : 44                         lsra
(1)     33B : 56                         rorb
(1)     33C : DD 35                      std     R2              ; divisor >>= 1
(1)     33E : DC 31                      ldd     R0
(1)     340 : 58                         lslb
(1)     341 : 49                         rola
(1)     342 : DD 31                      std     R0              ; quotient <<= 1
(1)     344 :                    udiv16_enter_loop:
(1)     344 : DC 33                      ldd     R1
(1)     346 : 93 35                      subd    R2              ; D = dividend - divisor
(1)     348 : 25 04                      blo     udiv16_readd
(1)     34A : 0C 32                      inc     R0L             ; quotient |= 1
(1)     34C : 20 02                      bra     udiv16_next
(1)     34E :                    udiv16_readd:
(1)     34E : D3 35                      addd    R2              ; D=dividend + divisor
(1)     350 :                    udiv16_next:
(1)     350 : DD 33                      std     R1
(1)     352 : 30 1F                      leax    -1,X            ; --bits
(1)     354 : 26 E2                      bne     udiv16_loop     ; while bits != 0
(1)     356 :                    udiv16_end:
(1)     356 : 39                         rts
(1)     357 :
(1)     357 :                    ;;; Division; dividend / divisor = quotient ... reminder
(1)     357 :                    ;;; @param R1 dividend
(1)     357 :                    ;;; @param R2 divisor
(1)     357 :                    ;;; @return R0 quotient
(1)     357 :                    ;;; @return R1 reminder
(1)     357 :                    ;;; @clobber R2
(1)     357 :                    div16:
(1)     357 : 96 33                      lda     R1H
(1)     359 : 98 35                      eora    R2H
(1)     35B : 34 02                      pshs    A               ; save hi(dividend^divisor)
(1)     35D : DC 35                      ldd     R2
(1)     35F : 2A 03                      bpl     div16_dividend
(1)     361 : BD 02 D9                   jsr     neg_D           ; negate divisor
(1)     364 :                    div16_dividend:
(1)     364 : DD 35                      std     R2
(1)     366 : DC 33                      ldd     R1
(1)     368 : 2A 03                      bpl     div16_divide
(1)     36A : BD 02 D9                   jsr     neg_D           ; negate dividend
(1)     36D :                    div16_divide:
(1)     36D : DD 33                      std     R1
(1)     36F : BD 03 20                   jsr     udiv16          ; R0=quotient
(1)     372 : A6 E0                      lda     ,S+             ; A=(dividend^divisor)
(1)     374 : 2A 07                      bpl     div16_end
(1)     376 : DC 31                      ldd     R0
(1)     378 : BD 02 D9                   jsr     neg_D           ; negate result
(1)     37B : DD 31                      std     R0
(1)     37D :                    div16_end:
(1)     37D : 39                         rts
        37E :                            include "queue.inc"
(1)     37E :                    ;;; -*- mode: asm; mode: flying-spell; -*-
(1)     37E :                    ;;; [queue] queue structure
(1)     37E : =0                 queue_len:      equ     0       ; queue length
(1)     37E : =1                 queue_size:     equ     1       ; buffer size
(1)     37E : =2                 queue_put:      equ     2       ; queue put index
(1)     37E : =3                 queue_get:      equ     3       ; queue get index
(1)     37E : =4                 queue_buf:      equ     4       ; buffer start offset
(1)     37E :
(1)     37E :                    ;;; [queue] Initialize queue
(1)     37E :                    ;;; @param X queue work space pointer
(1)     37E :                    ;;; @param B queue work space size
(1)     37E :                    queue_init:
(1)     37E : 34 14                      pshs    x,b
(1)     380 :                    queue_init_loop:
(1)     380 : 6F 80                      clr     ,x+
(1)     382 : 5A                         decb
(1)     383 : 26 FB                      bne     queue_init_loop
(1)     385 : 35 14                      puls    b,x
(1)     387 : C0 04                      subb    #queue_buf
(1)     389 : E7 01                      stb     queue_size,x
(1)     38B : 39                         rts
(1)     38C :
(1)     38C :                    ;;; [queue] Add an element to queue
(1)     38C :                    ;;; @param X queue work space pointer
(1)     38C :                    ;;; @param A an element
(1)     38C :                    ;;; @return CC.C 0 if queue is full
(1)     38C :                    queue_add:
(1)     38C : 34 54                      pshs    u,x,b
(1)     38E : 1F 13                      tfr     x,u
(1)     390 : E6 C4                      ldb     queue_len,u
(1)     392 : E1 41                      cmpb    queue_size,u
(1)     394 : 24 12                      bhs     queue_add_return ;carry is cleared
(1)     396 : E6 42                      ldb     queue_put,u     ; 8 bits offset
(1)     398 : 3A                         abx                     ; X+=B
(1)     399 : A7 04                      sta     queue_buf,x     ; store an element
(1)     39B : 6C C4                      inc     queue_len,u
(1)     39D : 5C                         incb
(1)     39E : E7 42                      stb     queue_put,u
(1)     3A0 : E1 41                      cmpb    queue_size,u
(1)     3A2 : 25 04                      blo     queue_add_return ; carry is set
(1)     3A4 : 6F 42                      clr     queue_put,u
(1)     3A6 : 1A 01                      orcc    #CC_CARRY       ; set carry
(1)     3A8 :                    queue_add_return:
(1)     3A8 : 35 D4                      puls    b,x,u,pc
(1)     3AA :
(1)     3AA :                    ;;; [queue] Remove an element from queue
(1)     3AA :                    ;;; @param X queue work space pointer
(1)     3AA :                    ;;; @return A an element
(1)     3AA :                    ;;; @return CC.C 0 if queue is empty
(1)     3AA :                    queue_remove:
(1)     3AA : 6D 84                      tst     queue_len,x
(1)     3AC : 26 03                      bne     queue_remove_elem
(1)     3AE : 1C FE                      andcc   #~CC_CARRY      ; clear carry
(1)     3B0 : 39                         rts
(1)     3B1 :                    queue_remove_elem:
(1)     3B1 : 34 54                      pshs    u,x,b
(1)     3B3 : 1F 13                      tfr     x,u
(1)     3B5 : E6 43                      ldb     queue_get,u     ; 8 bits offset
(1)     3B7 : 3A                         abx                     ; X+=B
(1)     3B8 : A6 04                      lda     queue_buf,x
(1)     3BA : 6A C4                      dec     queue_len,u
(1)     3BC : 5C                         incb
(1)     3BD : E7 43                      stb     queue_get,u
(1)     3BF : E1 41                      cmpb    queue_size,u
(1)     3C1 : 25 04                      blo     queue_remove_return ; carry is set
(1)     3C3 : 6F 43                      clr     queue_get,u
(1)     3C5 : 1A 01                      orcc    #CC_CARRY       ; set carry
(1)     3C7 :                    queue_remove_return:
(1)     3C7 : 35 D4                      puls    b,x,u,pc
        3C9 :
        3C9 :                    isr_firq:
        3C9 : 34 16                      pshs    x,b,a
        3CB : F6 DF 00                   ldb     ACIA_status
        3CE : C5 80                      bitb    #IRQF_bm
        3D0 : 27 1C                      beq     isr_firq_exit
        3D2 : C5 01                      bitb    #RDRF_bm
        3D4 : 27 09                      beq     isr_firq_send
        3D6 : B6 DF 01                   lda     ACIA_data       ; receive character
        3D9 : 8E 20 00                   ldx     #rx_queue
        3DC : BD 03 8C                   jsr     queue_add
        3DF :                    isr_firq_send:
        3DF : C5 02                      bitb    #TDRE_bm
        3E1 : 27 0B                      beq     isr_firq_exit
        3E3 : 8E 20 80                   ldx     #tx_queue
        3E6 : BD 03 AA                   jsr     queue_remove
        3E9 : 24 06                      bcc     isr_firq_send_empty
        3EB : B7 DF 01                   sta     ACIA_data       ; send character
        3EE :                    isr_firq_exit:
        3EE : 35 16                      puls    a,b,x
        3F0 : 3B                         rti
        3F1 :                    isr_firq_send_empty:
        3F1 : 86 94                      lda     #RX_INT_TX_NO
        3F3 : B7 DF 00                   sta     ACIA_control    ; disable Tx interrupt
        3F6 : 35 16                      puls    a,b,x
        3F8 : 3B                         rti
