   0:                                cpu   6309
   0:                                include               "hd6309.inc"
   0:                                include               "mc6809.inc"
   0:                ;;; Condition Code Register (CC)
   0: =$1            CC_CARRY        equ   %00000001       ; set to 1 if carry occurred
   0: =$2            CC_OVERFLOW     equ   %00000010       ; set to 1 if overflow occurred
   0: =$4            CC_ZERO         equ   %00000100       ; set to 1 if result is zero
   0: =$8            CC_NEGATIVE     equ   %00001000       ; set to 1 if result is negative
   0: =$10           CC_IRQ          equ   %00010000       ; if 1, IRQ is masked
   0: =$20           CC_HALF_CARRY   equ   %00100000       ; if 1, decimal carry from least digit occurred
   0: =$40           CC_FIRQ         equ   %01000000       ; if 1, FIRQ is masked
   0: =$80           CC_ENTIRE       equ   %10000000       ; set to 1 if entire registers are pushed
   0:
   0:                ;;; Mode and Error Register (MD)
   0: =$1            MD_EMULATION    equ   %00000001       ; if 1, 6309 native mode
   0: =$2            MD_FIRQ_MODE    equ   %00000010       ; if 1, FIRQ operate as IRQ
   0: =$40           MD_ILLEGAL_OP   equ   %01000000       ; set to 1 if illegal instruction occurred
   0: =$80           MD_DIV_ZERO     equ   %10000000       ; set to 1 if divided by 0 occurred
   0:
   0:
f000:                                org   $F000
f000: =$f000         stack:          equ   *
f000:
1000:                                org   $1000
1000:
1000: 96 0e          mc6809:         lda   $0E
1002: 11 3d 00                       ldmd  #0
1005: 12                             nop
1006: 20 f8                          bra   mc6809
1008:
1008: 96 06          hd6309:         lda   $06
100a: 11 3d 01                       ldmd  #MD_EMULATION
100d: 12                             nop
100e: 20 f8                          bra   hd6309
1010:
fffc:                                org   $FFFC
fffc: 10 00                          fdb   mc6809
fffe: 10 08                          fdb   hd6309
