          0 :                            cpu     8085
          0 :                            include "i8085.inc"
(1)       0 :                    ;;; -*- mode: asm; mode: flyspell-prog; -*-
(1)       0 :                            include "i8080.inc"
(2)       0 :                    ;;; -*- mode: asm; mode: flyspell-prog; -*-
(2)       0 :                    ;;; i8080
(2)       0 :                    ;;; FLAGS Register
(2)       0 : =80                F_SIGN:         equ     10000000B ; set to 1 if negative
(2)       0 : =40                F_ZERO:         equ     01000000B ; set to 1 if zero
(2)       0 : =10                F_HALF_CARRY:   equ     00010000B ; set to 1 if carry from bit-3
(2)       0 : =4                 F_PARITY:       equ     00000100B ; set to 1 if even parity
(2)       0 : =1                 F_CARRY:        equ     00000001B ; set to 1 if carry
(2)       0 :                    ;;; Interrupt origin
(2)       0 : =0                 ORG_RESET:      equ     0000H   ; RESET
(2)       0 : =0                 ORG_RST0:       equ     0000H   ; RST 0
(2)       0 : =8                 ORG_RST1:       equ     0008H   ; RST 1
(2)       0 : =10                ORG_RST2:       equ     0010H   ; RST 2
(2)       0 : =18                ORG_RST3:       equ     0018H   ; RST 3
(2)       0 : =20                ORG_RST4:       equ     0020H   ; RST 4
(2)       0 : =28                ORG_RST5:       equ     0028H   ; RST 5
(2)       0 : =30                ORG_RST6:       equ     0030H   ; RST 6
(2)       0 : =38                ORG_RST7:       equ     0038H   ; RST 3
(1)       0 :                    ;;; i8085
(1)       0 :                    ;;; Set Innterrupt Maske
(1)       0 : =80                SIM_SOD:        equ     10000000B ; Serial Output Data
(1)       0 : =40                SIM_SDE:        equ     01000000B ; Serial Data Enable
(1)       0 : =10                SIM_R75:        equ     00010000B ; Reset RST 7.5 latch
(1)       0 : =8                 SIM_MSE:        equ     00001000B ; Mask Set Enable
(1)       0 : =4                 SIM_M75:        equ     00000100B ; RST 7.5 Mask
(1)       0 : =2                 SIM_M65:        equ     00000010B ; RST 6.5 Mask
(1)       0 : =1                 SIM_M55:        equ     00000001B ; RST 5.5 Mask
(1)       0 :                    ;;; Read Interrupt Mask
(1)       0 : =80                RIM_SID:        equ     10000000B ; Serial Input Data
(1)       0 : =40                RIM_I75:        equ     01000000B ; RST 7.5 Pending
(1)       0 : =20                RIM_I65:        equ     00100000B ; RST 6.5 Pending
(1)       0 : =10                RIM_I55:        equ     00010000B ; RST 5.5 Pending
(1)       0 : =8                 RIM_IE:         equ     00001000B ; Interrupt Enable
(1)       0 : =4                 RIM_M75:        equ     SIM_M75
(1)       0 : =2                 RIM_M65:        equ     SIM_M65
(1)       0 : =1                 RIM_M55:        equ     SIM_M55
(1)       0 :                    ;;; Interrupt origin
(1)       0 : =24                ORG_TRAP:       equ     0024H   ; TRAP
(1)       0 : =2C                ORG_RST55:      equ     002CH   ; RST 5.5
(1)       0 : =34                ORG_RST65:      equ     0034H   ; RST 6.5
(1)       0 : =3C                ORG_RST75:      equ     003CH   ; RST 7.5
          0 :
          0 :                    ;;; i8251 Universal Synchronous/Asynchronous Receiver/Transmitter
          0 : =0                 USART:          equ     00H
          0 : =0                 USARTD:         equ     USART+0 ; Receive/Transmit data
          0 : =1                 USARTS:         equ     USART+1 ; Srtatus register
          0 : =1                 USARTC:         equ     USART+1 ; Control register
          0 : =2                 USARTRV:        equ     USART+2 ; Receive interrupt vector (ORG_*)
          0 : =3                 USARTTV:        equ     USART+3 ; Transmit interrupt vector (ORG_*)
          0 :                            include "i8251.inc"
(1)       0 :                    ;;; -*- mode: asm; mode: flyspell-prog; -*-
(1)       0 :
(1)       0 :                    ;;; i8251 USART device emulator.
(1)       0 : =6                 MODE_STOP_gp:   equ     6
(1)       0 : =C0                MODE_STOP_gm:   equ     11000000B
(1)       0 : =40                MODE_STOP1_gc:  equ     (1 << MODE_STOP_gp)
(1)       0 : =80                MODE_STOP15_gc: equ     (2 << MODE_STOP_gp)
(1)       0 : =C0                MODE_STOP2_gc:  equ     (3 << MODE_STOP_gp)
(1)       0 : =20                MODE_EVEN_bm:   equ     00100000B
(1)       0 : =10                MODE_PARITY_bm: equ     00010000B
(1)       0 : =2                 MODE_LEN_gp:    equ     2
(1)       0 : =C                 MODE_LEN_gm:    equ     00001100B
(1)       0 : =0                 MODE_LEN5_gc:   equ     (0 << MODE_LEN_gp)
(1)       0 : =4                 MODE_LEN6_gc:   equ     (1 << MODE_LEN_gp)
(1)       0 : =8                 MODE_LEN7_gc:   equ     (2 << MODE_LEN_gp)
(1)       0 : =C                 MODE_LEN8_gc:   equ     (3 << MODE_LEN_gp)
(1)       0 : =0                 MODE_BAUD_gp:   equ     0
(1)       0 : =3                 MODE_BAUD_gm:   equ     00000011B
(1)       0 : =1                 MODE_BAUD_X1:   equ     (1 << MODE_BAUD_gp)
(1)       0 : =2                 MODE_BAUD_X16:  equ (2 << MODE_BAUD_gp)
(1)       0 : =3                 MODE_BAUD_X64:  equ (3 << MODE_BAUD_gp)
(1)       0 :                    ;;; Bit Definition of command register
(1)       0 : =80                CMD_EH_bm:      equ     10000000B   ; Enter hunt mode
(1)       0 : =40                CMD_IR_bm:      equ     01000000B   ; Internal Reset
(1)       0 : =20                CMD_RTS_bm:     equ     00100000B   ; Request To Send
(1)       0 : =10                CMD_ER_bm:      equ     00010000B   ; Error Reset
(1)       0 : =8                 CMD_SBRK_bm:    equ     00001000B   ; Send Break
(1)       0 : =4                 CMD_RxEN_bm:    equ     00000100B   ; Receive Enable
(1)       0 : =2                 CMD_DTR_bm:     equ     00000010B   ; Data Terminal Ready
(1)       0 : =1                 CMD_TxEN_bm:    equ     00000001B   ; Transmit enable
(1)       0 :
(1)       0 :                    ;;; Bit definition of status register
(1)       0 : =80                ST_DSR_bm:      equ     10000000B   ; Data Set Ready
(1)       0 : =40                ST_BRK_bm:      equ     01000000B   ; BREAK detected
(1)       0 : =20                ST_FE_bm:       equ     00100000B   ; Framing Error
(1)       0 : =10                ST_OE_bm:       equ     00010000B   ; Iverrun Error
(1)       0 : =8                 ST_PE_bm:       equ     00001000B   ; Parity Error
(1)       0 : =4                 ST_TxEMPTY_bm:  equ     00000100B   ; Transmitter empty
(1)       0 : =2                 ST_RxRDY_bm:    equ     00000010B   ; Receiver ready
(1)       0 : =1                 ST_TxRDY_bm:    equ     00000001B   ; Transmitter ready
          0 : =27                TXRX_ENABLE     equ     CMD_RTS_bm|CMD_DTR_bm|CMD_RxEN_bm|CMD_TxEN_bm
          0 : =37                RXERR_RESET     equ     TXRX_ENABLE | CMD_ER_bm
          0 :
       2000 :                            org     2000H
       2000 : =80                rx_queue_size:  equ     128
       2000 :                    rx_queue:       ds      rx_queue_size
       2080 : =80                tx_queue_size:  equ     128
       2080 :                    tx_queue:       ds      tx_queue_size
       2100 : 01                 tx_intr_enable: db      1
       2101 :
       1000 :                            org     1000H
       1000 : =1000              stack:  equ     $
       1000 :
          0 :                            org     ORG_RESET
          0 : C3 37 00                   jmp     init
          3 :
         2C :                            org     ORG_RST55
         2C : C3 79 01                   jmp     isr_intr_rx
         2F :
         34 :                            org     ORG_RST65
         34 : C3 9B 01                   jmp     isr_intr_tx
         37 :
         37 :                    init:
         37 : 31 00 10                   lxi     sp, stack
         3A : 21 00 20                   lxi     h, rx_queue
         3D : 06 80                      mvi     b, rx_queue_size
         3F : CD 17 01                   call     queue_init
         42 : 21 80 20                   lxi     h, tx_queue
         45 : 06 80                      mvi     b, tx_queue_size
         47 : CD 17 01                   call     queue_init
         4A :                    init_usart:
         4A : AF                         xra     a               ; clear A
         4B : D3 01                      out     USARTC
         4D : D3 01                      out     USARTC
         4F : D3 01                      out     USARTC          ; safest way to sync mode
         51 : 3E 40                      mvi     a, CMD_IR_bm
         53 : D3 01                      out     USARTC          ; reset
         55 : 00                         nop
         56 : 00                         nop
         57 : 3E 4E                      mvi     a, MODE_STOP1_gc|MODE_LEN8_gc|MODE_BAUD_X16
         59 : D3 01                      out     USARTC          ; async 1stop 8data x16
         5B : 00                         nop
         5C : 00                         nop
         5D : 3E 27                      mvi     a, TXRX_ENABLE
         5F : D3 01                      out     USARTC          ; RTS/DTR, error reset, Rx enable, Tx enable
         61 : 3E 2C                      mvi     a, ORG_RST55
         63 : D3 02                      out     USARTRV         ; enable RxRDY interrupt using RST 5.5
         65 : 3E 00                      mvi     a, ORG_RESET
         67 : D3 03                      out     USARTTV         ; disable TxRDY interrupt
         69 : 32 00 21                   sta     tx_intr_enable
         6C :
         6C : 20                         rim
         6D : E6 FC                      ani     ~(SIM_M55|SIM_M65) ; enable RST 5.5/RST 5.6
         6F : F6 18                      ori     SIM_MSE|SIM_R75
         71 : 30                         sim
         72 : FB                         ei
         73 :
         73 :                    receive_loop:
         73 : CD EC 00                   call    getchar
         76 : D2 73 00                   jnc     receive_loop
         79 :                    echo_back:
         79 : 47                         mov     b, a
         7A : CD F7 00                   call    putchar         ; echo
         7D : 3E 20                      mvi     a, ' '          ; space
         7F : CD F7 00                   call    putchar
         82 : CD 9D 00                   call    put_hex8        ; print in hex
         85 : 3E 20                      mvi     a, ' '          ; space
         87 : CD F7 00                   call    putchar
         8A : CD C1 00                   call    put_bin8        ; print in binary
         8D : CD 93 00                   call    newline
         90 : C3 73 00                   jmp     receive_loop
         93 :
         93 :                    ;;; Put newline
         93 :                    ;;; @clobber A
         93 :                    newline:
         93 : 3E 0D                      mvi     a, 0DH
         95 : CD F7 00                   call    putchar
         98 : 3E 0A                      mvi     a, 0AH
         9A : C3 F7 00                   jmp     putchar
         9D :
         9D :                    ;;; Print uint8_t in hex
         9D :                    ;;; @param B uint8_t value to be printed in hex.
         9D :                    ;;; @clobber A
         9D :                    put_hex8:
         9D : 3E 30                      mvi     a, '0'
         9F : CD F7 00                   call    putchar
         A2 : 3E 78                      mvi     a, 'x'
         A4 : CD F7 00                   call    putchar
         A7 : 78                         mov     a, b
         A8 : 0F                         rrc
         A9 : 0F                         rrc
         AA : 0F                         rrc
         AB : 0F                         rrc
         AC : CD B0 00                   call    put_hex4
         AF : 78                         mov     a, b
         B0 :                    put_hex4:
         B0 : E6 0F                      ani     0FH
         B2 : FE 0A                      cpi     10
         B4 : DA BC 00                   jc      put_hex8_dec    ; A<10
         B7 : C6 37                      adi     'A'-10
         B9 : C3 F7 00                   jmp     putchar
         BC :                    put_hex8_dec:
         BC : C6 30                      adi     '0'
         BE : C3 F7 00                   jmp     putchar
         C1 :
         C1 :                    ;;; Print uint8_t in binary
         C1 :                    ;;; @param B uint8_t value to be printed in binary.
         C1 :                    ;;; @clobber A
         C1 :                    put_bin8:
         C1 : C5                         push    b
         C2 : 3E 30                      mvi     a, '0'
         C4 : CD F7 00                   call    putchar
         C7 : 3E 62                      mvi     a, 'b'
         C9 : CD F7 00                   call    putchar
         CC : 78                         mov     a, b
         CD : CD D6 00                   call    put_bin4
         D0 : 07                         rlc
         D1 : CD D6 00                   call    put_bin4
         D4 : C1                         pop     b
         D5 : C9                         ret
         D6 :                    put_bin4:
         D6 : CD DA 00                   call    put_bin2
         D9 : 07                         rlc
         DA :                    put_bin2:
         DA : CD DE 00                   call    put_bin1
         DD : 07                         rlc
         DE :                    put_bin1:
         DE : 0E 30                      mvi     c, '0'
         E0 : B7                         ora     a               ; chech MSB
         E1 : F2 E5 00                   jp      put_bin0        ; MSB=0
         E4 : 0C                         inr     c               ; MSB=1
         E5 :                    put_bin0:
         E5 : 47                         mov     b, a
         E6 : 79                         mov     a, c
         E7 : CD F7 00                   call    putchar
         EA : 78                         mov     a, b
         EB : C9                         ret
         EC :
         EC :                    ;;; Get character
         EC :                    ;;; @return A
         EC :                    ;;; @return CC.C 0 if no character
         EC :                    getchar:
         EC : E5                         push    h
         ED : 21 00 20                   lxi     h, rx_queue
         F0 : F3                         di
         F1 : CD 55 01                   call    queue_remove
         F4 : FB                         ei
         F5 : E1                         pop     h
         F6 : C9                         ret
         F7 :
         F7 :                    ;;; Put character
         F7 :                    ;;; @param A
         F7 :                    putchar:
         F7 : F5                         push    psw
         F8 : E5                         push    h
         F9 : 21 80 20                   lxi     h, tx_queue
         FC :                    putchar_retry:
         FC : F3                         di
         FD : CD 2D 01                   call    queue_add
        100 : FB                         ei
        101 : D2 FC 00                   jnc     putchar_retry   ; branch if queue is full
        104 : E1                         pop     h
        105 : 3A 00 21                   lda     tx_intr_enable
        108 : B7                         ora     a
        109 : C2 15 01                   jnz     putchar_exit    ; already enabled
        10C : 3E 34                      mvi     a, ORG_RST65
        10E : F3                         di
        10F : D3 03                      out     USARTTV
        111 : 32 00 21                   sta     tx_intr_enable
        114 : FB                         ei
        115 :                    putchar_exit:
        115 : F1                         pop     psw
        116 : C9                         ret
        117 :
        117 :                            include "queue.inc"
(1)     117 :                    ;;; [queue] queue structure
(1)     117 : =0                 queue_len:      equ     0       ; queue length
(1)     117 : =1                 queue_size:     equ     1       ; buffer size
(1)     117 : =2                 queue_put:      equ     2       ; queue put index
(1)     117 : =3                 queue_get:      equ     3       ; queue get index
(1)     117 : =4                 queue_buf:      equ     4       ; buffer start offset
(1)     117 :
(1)     117 :                    ;;; [queue] Initialize queue
(1)     117 :                    ;;; @param HL queue work space pointer
(1)     117 :                    ;;; @param B queue work space size
(1)     117 :                    ;;; @clobber B
(1)     117 :                    queue_init:
(1)     117 : F5                         push    psw
(1)     118 : E5                         push    h
(1)     119 : AF                         xra     a
(1)     11A : 77                         mov     m, a            ; queue_len
(1)     11B : 78                         mov     a, b
(1)     11C : DE 04                      sbi     queue_buf
(1)     11E : 23                         inx     h
(1)     11F : 77                         mov     m, a            ; queue_size
(1)     120 : C6 02                      adi     2               ; for queue_put and queue_get
(1)     122 : 47                         mov     b,a
(1)     123 : AF                         xra     a
(1)     124 :                    queue_init_loop:
(1)     124 : 23                         inx     h
(1)     125 : 77                         mov     m, a
(1)     126 : 05                         dcr     b
(1)     127 : C2 24 01                   jnz     queue_init_loop
(1)     12A : E1                         pop     h
(1)     12B : F1                         pop     psw
(1)     12C : C9                         ret
(1)     12D :
(1)     12D :                    ;;; [queue] Add an element to queue
(1)     12D :                    ;;; @param HL queue work space pointer
(1)     12D :                    ;;; @param A an element
(1)     12D :                    ;;; @return F.C 0 if queue is full
(1)     12D :                    queue_add:
(1)     12D : D5                         push    d
(1)     12E : 57                         mov     d, a            ; save an element
(1)     12F : 7E                         mov     a, m            ; queue_len
(1)     130 : 23                         inx     h
(1)     131 : BE                         cmp     m               ; queue_size
(1)     132 : 2B                         dcx     h
(1)     133 : 7A                         mov     a, d            ; restore an element
(1)     134 : DA 39 01                   jc      queue_add_store ; queue_len < queue_size
(1)     137 : D1                         pop     d               ; cleared carry is ensured by |jc|
(1)     138 : C9                         ret
(1)     139 :                    queue_add_store:
(1)     139 : E5                         push    h
(1)     13A : 34                         inr     m               ; queue_len++
(1)     13B : 23                         inx     h
(1)     13C : 23                         inx     h
(1)     13D : 5E                         mov     e, m            ; queue_put
(1)     13E : 16 00                      mvi     d, 0
(1)     140 : EB                         xchg                    ; DE points queue_put
(1)     141 : 19                         dad     d
(1)     142 : 23                         inx     h
(1)     143 : 23                         inx     h               ; offset of queue_buf
(1)     144 : 77                         mov     m, a            ; store an element
(1)     145 : EB                         xchg                    ; DE points a stored element
(1)     146 : 7E                         mov     a, m            ; queue_put
(1)     147 : 3C                         inr     a               ; queue_put++
(1)     148 : 2B                         dcx     h
(1)     149 : BE                         cmp     m               ; queue_size
(1)     14A : 23                         inx     h
(1)     14B : DA 4F 01                   jc      queue_add_update ; queue_put < queue_size
(1)     14E : AF                         xra     a                ; wrap around
(1)     14F :                    queue_add_update:
(1)     14F : 77                         mov     m, a            ; queue_put
(1)     150 : 1A                         ldax    d               ; restore an element
(1)     151 : E1                         pop     h
(1)     152 : D1                         pop     d
(1)     153 : 37                         stc                     ; set carry
(1)     154 : C9                         ret
(1)     155 :
(1)     155 :                    ;;; [queue] Remove an element from queue
(1)     155 :                    ;;; @param HL queue work space pointer
(1)     155 :                    ;;; @return A an element
(1)     155 :                    ;;; @return F.C 0 if queue is empty
(1)     155 :                    queue_remove:
(1)     155 : 7E                         mov     a, m            ; queue_len
(1)     156 : B7                         ora     a               ; clear carry
(1)     157 : C2 5B 01                   jnz     queue_remove_elem ; queue_len > 0
(1)     15A : C9                         ret                     ; carry is cleared by |ora|
(1)     15B :                    queue_remove_elem:
(1)     15B : D5                         push    d
(1)     15C : E5                         push    h
(1)     15D : 35                         dcr     m               ; queue_len--
(1)     15E : 23                         inx     h
(1)     15F : 23                         inx     h
(1)     160 : 23                         inx     h
(1)     161 : 7E                         mov     a, m            ; queue_get
(1)     162 : 5F                         mov     e, a
(1)     163 : 16 00                      mvi     d, 0
(1)     165 : EB                         xchg                    ; DE points queue_get
(1)     166 : 19                         dad     d
(1)     167 : 23                         inx     h               ; offset of queue_buf
(1)     168 : EB                         xchg                    ; DE points an element to read
(1)     169 : 3C                         inr     a               ; queue_get++
(1)     16A : 2B                         dcx     h
(1)     16B : 2B                         dcx     h
(1)     16C : BE                         cmp     m               ; queue_size
(1)     16D : 23                         inx     h
(1)     16E : 23                         inx     h
(1)     16F : DA 73 01                   jc      queue_remove_update ; queue_get < queue_size
(1)     172 : AF                         xra     a                   ; wrap around
(1)     173 :                    queue_remove_update:
(1)     173 : 77                         mov     m, a            ; queue_get
(1)     174 : 1A                         ldax    d               ; read an element
(1)     175 : E1                         pop     h
(1)     176 : D1                         pop     d
(1)     177 : 37                         stc                     ; set carry
(1)     178 : C9                         ret
(1)     179 :
(1)     179 :                    ;;; Local Variables:
(1)     179 :                    ;;; mode: asm
(1)     179 :                    ;;; End:
(1)     179 :                    ;;; vim: set ft=asm et ts=4 sw=4:
        179 :
        179 :                    isr_intr_rx:
        179 : F5                         push    psw
        17A : E5                         push    h
        17B : C5                         push    b
        17C : DB 01                      in      USARTS
        17E : 47                         mov     b, a
        17F : E6 38                      ani     ST_FE_bm|ST_OE_bm|ST_PE_bm
        181 : CA 88 01                   jz      isr_intr_receive
        184 : 3E 37                      mvi     a, RXERR_RESET
        186 : D3 01                      out     USARTC          ; reset error flags
        188 :                    isr_intr_receive:
        188 : 78                         mov     a, b
        189 : E6 02                      ani     ST_RxRDY_bm
        18B : CA 96 01                   jz      isr_intr_rx_exit
        18E : DB 00                      in      USARTD          ; receive character
        190 : 21 00 20                   lxi     h, rx_queue
        193 : CD 2D 01                   call    queue_add
        196 :                    isr_intr_rx_exit:
        196 : C1                         pop     b
        197 : E1                         pop     h
        198 : F1                         pop     psw
        199 : FB                         ei
        19A : C9                         ret
        19B :
        19B :                    isr_intr_tx:
        19B : F5                         push    psw
        19C : E5                         push    h
        19D : DB 01                      in      USARTS
        19F : E6 01                      ani     ST_TxRDY_bm
        1A1 : CA AF 01                   jz      isr_intr_tx_exit
        1A4 : 21 80 20                   lxi     h, tx_queue
        1A7 : CD 55 01                   call    queue_remove
        1AA : D2 B3 01                   jnc     isr_intr_send_empty
        1AD : D3 00                      out     USARTD          ; send character
        1AF :                    isr_intr_tx_exit:
        1AF : E1                         pop     h
        1B0 : F1                         pop     psw
        1B1 : FB                         ei
        1B2 : C9                         ret
        1B3 :                    isr_intr_send_empty:
        1B3 : AF                         xra     a
        1B4 : D3 03                      out     USARTTV         ; disable Tx interrupt
        1B6 : 32 00 21                   sta     tx_intr_enable
        1B9 : C3 AF 01                   jmp     isr_intr_tx_exit
